{"timestamp":"2026-03-18T20:08:31.765940Z","level":"info","event":"DAG bundles loaded: dags-folder","logger":"airflow.dag_processing.bundles.manager.DagBundlesManager","filename":"manager.py","lineno":179}
{"timestamp":"2026-03-18T20:08:31.770693Z","level":"info","event":"Filling up the DagBag from /opt/airflow/dags/lassaFever_pipeline.py","logger":"airflow.models.dagbag.BundleDagBag","filename":"dagbag.py","lineno":593}
{"timestamp":"2026-03-18T20:08:33.529090Z","level":"warning","event":"The `airflow.decorators.dag` attribute is deprecated. Please use `'airflow.sdk.dag'`.","category":"DeprecatedImportWarning","filename":"/opt/airflow/dags/lassaFever_pipeline.py","lineno":1,"logger":"py.warnings"}
{"timestamp":"2026-03-18T20:08:33.529335Z","level":"warning","event":"The `airflow.decorators.task` attribute is deprecated. Please use `'airflow.sdk.task'`.","category":"DeprecatedImportWarning","filename":"/opt/airflow/dags/lassaFever_pipeline.py","lineno":1,"logger":"py.warnings"}
{"timestamp":"2026-03-18T20:08:33.529421Z","level":"warning","event":"The `airflow.utils.trigger_rule.TriggerRule` attribute is deprecated. Please use `'airflow.task.trigger_rule.TriggerRule'`.","category":"DeprecatedImportWarning","filename":"/opt/airflow/dags/lassaFever_pipeline.py","lineno":3,"logger":"py.warnings"}
{"timestamp":"2026-03-18T20:08:33.596167Z","level":"error","event":"Task failed with exception","logger":"task","filename":"task_runner.py","lineno":1120,"error_detail":[{"exc_type":"AirflowNotFoundException","exc_value":"The conn_id `dw_postgres` isn't defined","exc_notes":[],"syntax_error":null,"is_cause":false,"frames":[{"filename":"/home/airflow/.local/lib/python3.10/site-packages/airflow/sdk/execution_time/task_runner.py","lineno":1068,"name":"run"},{"filename":"/home/airflow/.local/lib/python3.10/site-packages/airflow/sdk/execution_time/task_runner.py","lineno":1477,"name":"_execute_task"},{"filename":"/home/airflow/.local/lib/python3.10/site-packages/airflow/sdk/bases/operator.py","lineno":417,"name":"wrapper"},{"filename":"/home/airflow/.local/lib/python3.10/site-packages/airflow/sdk/bases/decorator.py","lineno":252,"name":"execute"},{"filename":"/home/airflow/.local/lib/python3.10/site-packages/airflow/sdk/bases/operator.py","lineno":417,"name":"wrapper"},{"filename":"/home/airflow/.local/lib/python3.10/site-packages/airflow/providers/standard/operators/python.py","lineno":228,"name":"execute"},{"filename":"/home/airflow/.local/lib/python3.10/site-packages/airflow/providers/standard/operators/python.py","lineno":251,"name":"execute_callable"},{"filename":"/home/airflow/.local/lib/python3.10/site-packages/airflow/sdk/execution_time/callback_runner.py","lineno":82,"name":"run"},{"filename":"/opt/airflow/dags/lassaFever_pipeline.py","lineno":71,"name":"start_run"},{"filename":"/home/airflow/.local/lib/python3.10/site-packages/airflow/providers/postgres/hooks/postgres.py","lineno":241,"name":"get_conn"},{"filename":"/home/airflow/.local/lib/python3.10/site-packages/airflow/providers/common/sql/hooks/sql.py","lineno":248,"name":"connection"},{"filename":"/home/airflow/.local/lib/python3.10/site-packages/airflow/sdk/bases/hook.py","lineno":61,"name":"get_connection"},{"filename":"/home/airflow/.local/lib/python3.10/site-packages/airflow/sdk/definitions/connection.py","lineno":225,"name":"get"},{"filename":"/home/airflow/.local/lib/python3.10/site-packages/airflow/sdk/execution_time/context.py","lineno":174,"name":"_get_connection"}],"is_group":false,"exceptions":[]}]}
{"timestamp":"2026-03-18T20:08:33.609386Z","level":"info","event":"CRITICAL: Error logging task failure to DB: The conn_id `dw_postgres` isn't defined","logger":"task.stdout"}
{"timestamp":"2026-03-18T20:08:33.621720Z","level":"error","event":"Traceback (most recent call last):","logger":"task.stderr"}
{"timestamp":"2026-03-18T20:08:33.622694Z","level":"error","event":"  File \"/opt/airflow/dags/lassaFever_pipeline.py\", line 21, in log_task_failure","logger":"task.stderr"}
{"timestamp":"2026-03-18T20:08:33.623379Z","level":"error","event":"    conn = hook.get_conn()","logger":"task.stderr"}
{"timestamp":"2026-03-18T20:08:33.624395Z","level":"error","event":"  File \"/home/airflow/.local/lib/python3.10/site-packages/airflow/providers/postgres/hooks/postgres.py\", line 241, in get_conn","logger":"task.stderr"}
{"timestamp":"2026-03-18T20:08:33.625520Z","level":"error","event":"    conn = deepcopy(self.connection)","logger":"task.stderr"}
{"timestamp":"2026-03-18T20:08:33.626854Z","level":"error","event":"  File \"/home/airflow/.local/lib/python3.10/site-packages/airflow/providers/common/sql/hooks/sql.py\", line 248, in connection","logger":"task.stderr"}
{"timestamp":"2026-03-18T20:08:33.627515Z","level":"error","event":"    self._connection = self.get_connection(self.get_conn_id())","logger":"task.stderr"}
{"timestamp":"2026-03-18T20:08:33.628214Z","level":"error","event":"  File \"/home/airflow/.local/lib/python3.10/site-packages/airflow/sdk/bases/hook.py\", line 61, in get_connection","logger":"task.stderr"}
{"timestamp":"2026-03-18T20:08:33.629051Z","level":"error","event":"    conn = Connection.get(conn_id)","logger":"task.stderr"}
{"timestamp":"2026-03-18T20:08:33.629878Z","level":"error","event":"  File \"/home/airflow/.local/lib/python3.10/site-packages/airflow/sdk/definitions/connection.py\", line 225, in get","logger":"task.stderr"}
{"timestamp":"2026-03-18T20:08:33.630537Z","level":"error","event":"    return _get_connection(conn_id)","logger":"task.stderr"}
{"timestamp":"2026-03-18T20:08:33.631244Z","level":"error","event":"  File \"/home/airflow/.local/lib/python3.10/site-packages/airflow/sdk/execution_time/context.py\", line 174, in _get_connection","logger":"task.stderr"}
{"timestamp":"2026-03-18T20:08:33.631918Z","level":"error","event":"    raise AirflowNotFoundException(f\"The conn_id `{conn_id}` isn't defined\")","logger":"task.stderr"}
{"timestamp":"2026-03-18T20:08:33.632665Z","level":"error","event":"airflow.exceptions.AirflowNotFoundException: The conn_id `dw_postgres` isn't defined","logger":"task.stderr"}
