{"timestamp":"2026-03-15T03:53:18.139332Z","level":"info","event":"Filling up the DagBag from /opt/airflow/dags/cholera_pipeline.py","logger":"airflow.models.dagbag.BundleDagBag","filename":"dagbag.py","lineno":593}
{"timestamp":"2026-03-15T03:53:21.618345Z","level":"warning","event":"The `airflow.decorators.dag` attribute is deprecated. Please use `'airflow.sdk.dag'`.","category":"DeprecatedImportWarning","filename":"/opt/airflow/dags/cholera_pipeline.py","lineno":1,"logger":"py.warnings"}
{"timestamp":"2026-03-15T03:53:21.618715Z","level":"warning","event":"The `airflow.decorators.task` attribute is deprecated. Please use `'airflow.sdk.task'`.","category":"DeprecatedImportWarning","filename":"/opt/airflow/dags/cholera_pipeline.py","lineno":1,"logger":"py.warnings"}
{"timestamp":"2026-03-15T03:53:21.618996Z","level":"warning","event":"The `airflow.utils.trigger_rule.TriggerRule` attribute is deprecated. Please use `'airflow.task.trigger_rule.TriggerRule'`.","category":"DeprecatedImportWarning","filename":"/opt/airflow/dags/cholera_pipeline.py","lineno":3,"logger":"py.warnings"}
{"timestamp":"2026-03-15T03:53:52.178446Z","level":"info","event":"Filling up the DagBag from /opt/airflow/dags/cholera_pipeline.py","logger":"airflow.models.dagbag.BundleDagBag","filename":"dagbag.py","lineno":593}
{"timestamp":"2026-03-15T03:53:53.355189Z","level":"warning","event":"The `airflow.decorators.dag` attribute is deprecated. Please use `'airflow.sdk.dag'`.","category":"DeprecatedImportWarning","filename":"/opt/airflow/dags/cholera_pipeline.py","lineno":1,"logger":"py.warnings"}
{"timestamp":"2026-03-15T03:53:53.355403Z","level":"warning","event":"The `airflow.decorators.task` attribute is deprecated. Please use `'airflow.sdk.task'`.","category":"DeprecatedImportWarning","filename":"/opt/airflow/dags/cholera_pipeline.py","lineno":1,"logger":"py.warnings"}
{"timestamp":"2026-03-15T03:53:53.355479Z","level":"warning","event":"The `airflow.utils.trigger_rule.TriggerRule` attribute is deprecated. Please use `'airflow.task.trigger_rule.TriggerRule'`.","category":"DeprecatedImportWarning","filename":"/opt/airflow/dags/cholera_pipeline.py","lineno":3,"logger":"py.warnings"}
{"timestamp":"2026-03-15T03:53:53.357864Z","level":"warning","event":"Callback requested but no callback found","dag_id":"cholera_pipeline","task_id":"extract_incremental","run_id":"scheduled__2026-03-14T07:00:00+00:00","ti_id":"019ceb2b-1ad7-7dac-ae29-d3bf6050d1e0","logger":"task","filename":"processor.py","lineno":361}
{"timestamp":"2026-03-15T03:53:53.358324Z","level":"warning","event":"Callback requested but no callback found","dag_id":"cholera_pipeline","task_id":"start_run","run_id":"scheduled__2026-03-14T07:00:00+00:00","ti_id":"019ceb2b-1ad6-7a20-bd02-24cb3545732a","logger":"task","filename":"processor.py","lineno":361}
{"timestamp":"2026-03-15T03:53:53.581654Z","level":"info","event":"Filling up the DagBag from /opt/airflow/dags/cholera_pipeline.py","logger":"airflow.models.dagbag.BundleDagBag","filename":"dagbag.py","lineno":593}
{"timestamp":"2026-03-15T03:53:54.321605Z","level":"warning","event":"The `airflow.decorators.dag` attribute is deprecated. Please use `'airflow.sdk.dag'`.","category":"DeprecatedImportWarning","filename":"/opt/airflow/dags/cholera_pipeline.py","lineno":1,"logger":"py.warnings"}
{"timestamp":"2026-03-15T03:53:54.321858Z","level":"warning","event":"The `airflow.decorators.task` attribute is deprecated. Please use `'airflow.sdk.task'`.","category":"DeprecatedImportWarning","filename":"/opt/airflow/dags/cholera_pipeline.py","lineno":1,"logger":"py.warnings"}
{"timestamp":"2026-03-15T03:53:54.321930Z","level":"warning","event":"The `airflow.utils.trigger_rule.TriggerRule` attribute is deprecated. Please use `'airflow.task.trigger_rule.TriggerRule'`.","category":"DeprecatedImportWarning","filename":"/opt/airflow/dags/cholera_pipeline.py","lineno":3,"logger":"py.warnings"}
{"timestamp":"2026-03-15T03:54:24.695940Z","level":"info","event":"Filling up the DagBag from /opt/airflow/dags/cholera_pipeline.py","logger":"airflow.models.dagbag.BundleDagBag","filename":"dagbag.py","lineno":593}
{"timestamp":"2026-03-15T03:54:26.373303Z","level":"warning","event":"The `airflow.decorators.dag` attribute is deprecated. Please use `'airflow.sdk.dag'`.","category":"DeprecatedImportWarning","filename":"/opt/airflow/dags/cholera_pipeline.py","lineno":1,"logger":"py.warnings"}
{"timestamp":"2026-03-15T03:54:26.373701Z","level":"warning","event":"The `airflow.decorators.task` attribute is deprecated. Please use `'airflow.sdk.task'`.","category":"DeprecatedImportWarning","filename":"/opt/airflow/dags/cholera_pipeline.py","lineno":1,"logger":"py.warnings"}
{"timestamp":"2026-03-15T03:54:26.373904Z","level":"warning","event":"The `airflow.utils.trigger_rule.TriggerRule` attribute is deprecated. Please use `'airflow.task.trigger_rule.TriggerRule'`.","category":"DeprecatedImportWarning","filename":"/opt/airflow/dags/cholera_pipeline.py","lineno":3,"logger":"py.warnings"}
{"timestamp":"2026-03-15T03:54:56.630924Z","level":"info","event":"Filling up the DagBag from /opt/airflow/dags/cholera_pipeline.py","logger":"airflow.models.dagbag.BundleDagBag","filename":"dagbag.py","lineno":593}
{"timestamp":"2026-03-15T03:54:57.109352Z","level":"warning","event":"The `airflow.decorators.dag` attribute is deprecated. Please use `'airflow.sdk.dag'`.","category":"DeprecatedImportWarning","filename":"/opt/airflow/dags/cholera_pipeline.py","lineno":1,"logger":"py.warnings"}
{"timestamp":"2026-03-15T03:54:57.109538Z","level":"warning","event":"The `airflow.decorators.task` attribute is deprecated. Please use `'airflow.sdk.task'`.","category":"DeprecatedImportWarning","filename":"/opt/airflow/dags/cholera_pipeline.py","lineno":1,"logger":"py.warnings"}
{"timestamp":"2026-03-15T03:54:57.109590Z","level":"warning","event":"The `airflow.utils.trigger_rule.TriggerRule` attribute is deprecated. Please use `'airflow.task.trigger_rule.TriggerRule'`.","category":"DeprecatedImportWarning","filename":"/opt/airflow/dags/cholera_pipeline.py","lineno":3,"logger":"py.warnings"}
{"timestamp":"2026-03-15T03:55:27.297226Z","level":"info","event":"Filling up the DagBag from /opt/airflow/dags/cholera_pipeline.py","logger":"airflow.models.dagbag.BundleDagBag","filename":"dagbag.py","lineno":593}
{"timestamp":"2026-03-15T03:55:27.834615Z","level":"warning","event":"The `airflow.decorators.dag` attribute is deprecated. Please use `'airflow.sdk.dag'`.","category":"DeprecatedImportWarning","filename":"/opt/airflow/dags/cholera_pipeline.py","lineno":1,"logger":"py.warnings"}
{"timestamp":"2026-03-15T03:55:27.835193Z","level":"warning","event":"The `airflow.decorators.task` attribute is deprecated. Please use `'airflow.sdk.task'`.","category":"DeprecatedImportWarning","filename":"/opt/airflow/dags/cholera_pipeline.py","lineno":1,"logger":"py.warnings"}
{"timestamp":"2026-03-15T03:55:27.835304Z","level":"warning","event":"The `airflow.utils.trigger_rule.TriggerRule` attribute is deprecated. Please use `'airflow.task.trigger_rule.TriggerRule'`.","category":"DeprecatedImportWarning","filename":"/opt/airflow/dags/cholera_pipeline.py","lineno":3,"logger":"py.warnings"}
{"timestamp":"2026-03-15T03:55:57.995203Z","level":"info","event":"Filling up the DagBag from /opt/airflow/dags/cholera_pipeline.py","logger":"airflow.models.dagbag.BundleDagBag","filename":"dagbag.py","lineno":593}
{"timestamp":"2026-03-15T03:55:58.649288Z","level":"warning","event":"The `airflow.decorators.dag` attribute is deprecated. Please use `'airflow.sdk.dag'`.","category":"DeprecatedImportWarning","filename":"/opt/airflow/dags/cholera_pipeline.py","lineno":1,"logger":"py.warnings"}
{"timestamp":"2026-03-15T03:55:58.649472Z","level":"warning","event":"The `airflow.decorators.task` attribute is deprecated. Please use `'airflow.sdk.task'`.","category":"DeprecatedImportWarning","filename":"/opt/airflow/dags/cholera_pipeline.py","lineno":1,"logger":"py.warnings"}
{"timestamp":"2026-03-15T03:55:58.649526Z","level":"warning","event":"The `airflow.utils.trigger_rule.TriggerRule` attribute is deprecated. Please use `'airflow.task.trigger_rule.TriggerRule'`.","category":"DeprecatedImportWarning","filename":"/opt/airflow/dags/cholera_pipeline.py","lineno":3,"logger":"py.warnings"}
{"timestamp":"2026-03-15T03:56:29.718588Z","level":"info","event":"Filling up the DagBag from /opt/airflow/dags/cholera_pipeline.py","logger":"airflow.models.dagbag.BundleDagBag","filename":"dagbag.py","lineno":593}
{"timestamp":"2026-03-15T03:56:30.110325Z","level":"warning","event":"The `airflow.decorators.dag` attribute is deprecated. Please use `'airflow.sdk.dag'`.","category":"DeprecatedImportWarning","filename":"/opt/airflow/dags/cholera_pipeline.py","lineno":1,"logger":"py.warnings"}
{"timestamp":"2026-03-15T03:56:30.110498Z","level":"warning","event":"The `airflow.decorators.task` attribute is deprecated. Please use `'airflow.sdk.task'`.","category":"DeprecatedImportWarning","filename":"/opt/airflow/dags/cholera_pipeline.py","lineno":1,"logger":"py.warnings"}
{"timestamp":"2026-03-15T03:56:30.110554Z","level":"warning","event":"The `airflow.utils.trigger_rule.TriggerRule` attribute is deprecated. Please use `'airflow.task.trigger_rule.TriggerRule'`.","category":"DeprecatedImportWarning","filename":"/opt/airflow/dags/cholera_pipeline.py","lineno":3,"logger":"py.warnings"}
{"timestamp":"2026-03-15T03:57:00.268402Z","level":"info","event":"Filling up the DagBag from /opt/airflow/dags/cholera_pipeline.py","logger":"airflow.models.dagbag.BundleDagBag","filename":"dagbag.py","lineno":593}
{"timestamp":"2026-03-15T03:57:00.806337Z","level":"warning","event":"The `airflow.decorators.dag` attribute is deprecated. Please use `'airflow.sdk.dag'`.","category":"DeprecatedImportWarning","filename":"/opt/airflow/dags/cholera_pipeline.py","lineno":1,"logger":"py.warnings"}
{"timestamp":"2026-03-15T03:57:00.806559Z","level":"warning","event":"The `airflow.decorators.task` attribute is deprecated. Please use `'airflow.sdk.task'`.","category":"DeprecatedImportWarning","filename":"/opt/airflow/dags/cholera_pipeline.py","lineno":1,"logger":"py.warnings"}
{"timestamp":"2026-03-15T03:57:00.806613Z","level":"warning","event":"The `airflow.utils.trigger_rule.TriggerRule` attribute is deprecated. Please use `'airflow.task.trigger_rule.TriggerRule'`.","category":"DeprecatedImportWarning","filename":"/opt/airflow/dags/cholera_pipeline.py","lineno":3,"logger":"py.warnings"}
{"timestamp":"2026-03-15T03:57:31.208284Z","level":"info","event":"Filling up the DagBag from /opt/airflow/dags/cholera_pipeline.py","logger":"airflow.models.dagbag.BundleDagBag","filename":"dagbag.py","lineno":593}
{"timestamp":"2026-03-15T03:57:31.610250Z","level":"warning","event":"The `airflow.decorators.dag` attribute is deprecated. Please use `'airflow.sdk.dag'`.","category":"DeprecatedImportWarning","filename":"/opt/airflow/dags/cholera_pipeline.py","lineno":1,"logger":"py.warnings"}
{"timestamp":"2026-03-15T03:57:31.610392Z","level":"warning","event":"The `airflow.decorators.task` attribute is deprecated. Please use `'airflow.sdk.task'`.","category":"DeprecatedImportWarning","filename":"/opt/airflow/dags/cholera_pipeline.py","lineno":1,"logger":"py.warnings"}
{"timestamp":"2026-03-15T03:57:31.610444Z","level":"warning","event":"The `airflow.utils.trigger_rule.TriggerRule` attribute is deprecated. Please use `'airflow.task.trigger_rule.TriggerRule'`.","category":"DeprecatedImportWarning","filename":"/opt/airflow/dags/cholera_pipeline.py","lineno":3,"logger":"py.warnings"}
{"timestamp":"2026-03-15T03:58:02.024092Z","level":"info","event":"Filling up the DagBag from /opt/airflow/dags/cholera_pipeline.py","logger":"airflow.models.dagbag.BundleDagBag","filename":"dagbag.py","lineno":593}
{"timestamp":"2026-03-15T03:58:02.595729Z","level":"warning","event":"The `airflow.decorators.dag` attribute is deprecated. Please use `'airflow.sdk.dag'`.","category":"DeprecatedImportWarning","filename":"/opt/airflow/dags/cholera_pipeline.py","lineno":1,"logger":"py.warnings"}
{"timestamp":"2026-03-15T03:58:02.595983Z","level":"warning","event":"The `airflow.decorators.task` attribute is deprecated. Please use `'airflow.sdk.task'`.","category":"DeprecatedImportWarning","filename":"/opt/airflow/dags/cholera_pipeline.py","lineno":1,"logger":"py.warnings"}
{"timestamp":"2026-03-15T03:58:02.596069Z","level":"warning","event":"The `airflow.utils.trigger_rule.TriggerRule` attribute is deprecated. Please use `'airflow.task.trigger_rule.TriggerRule'`.","category":"DeprecatedImportWarning","filename":"/opt/airflow/dags/cholera_pipeline.py","lineno":3,"logger":"py.warnings"}
{"timestamp":"2026-03-15T03:58:32.765925Z","level":"info","event":"Filling up the DagBag from /opt/airflow/dags/cholera_pipeline.py","logger":"airflow.models.dagbag.BundleDagBag","filename":"dagbag.py","lineno":593}
{"timestamp":"2026-03-15T03:58:33.212298Z","level":"warning","event":"The `airflow.decorators.dag` attribute is deprecated. Please use `'airflow.sdk.dag'`.","category":"DeprecatedImportWarning","filename":"/opt/airflow/dags/cholera_pipeline.py","lineno":1,"logger":"py.warnings"}
{"timestamp":"2026-03-15T03:58:33.212456Z","level":"warning","event":"The `airflow.decorators.task` attribute is deprecated. Please use `'airflow.sdk.task'`.","category":"DeprecatedImportWarning","filename":"/opt/airflow/dags/cholera_pipeline.py","lineno":1,"logger":"py.warnings"}
{"timestamp":"2026-03-15T03:58:33.212517Z","level":"warning","event":"The `airflow.utils.trigger_rule.TriggerRule` attribute is deprecated. Please use `'airflow.task.trigger_rule.TriggerRule'`.","category":"DeprecatedImportWarning","filename":"/opt/airflow/dags/cholera_pipeline.py","lineno":3,"logger":"py.warnings"}
{"timestamp":"2026-03-15T03:59:03.668294Z","level":"info","event":"Filling up the DagBag from /opt/airflow/dags/cholera_pipeline.py","logger":"airflow.models.dagbag.BundleDagBag","filename":"dagbag.py","lineno":593}
{"timestamp":"2026-03-15T03:59:04.214765Z","level":"warning","event":"The `airflow.decorators.dag` attribute is deprecated. Please use `'airflow.sdk.dag'`.","category":"DeprecatedImportWarning","filename":"/opt/airflow/dags/cholera_pipeline.py","lineno":1,"logger":"py.warnings"}
{"timestamp":"2026-03-15T03:59:04.214944Z","level":"warning","event":"The `airflow.decorators.task` attribute is deprecated. Please use `'airflow.sdk.task'`.","category":"DeprecatedImportWarning","filename":"/opt/airflow/dags/cholera_pipeline.py","lineno":1,"logger":"py.warnings"}
{"timestamp":"2026-03-15T03:59:04.215020Z","level":"warning","event":"The `airflow.utils.trigger_rule.TriggerRule` attribute is deprecated. Please use `'airflow.task.trigger_rule.TriggerRule'`.","category":"DeprecatedImportWarning","filename":"/opt/airflow/dags/cholera_pipeline.py","lineno":3,"logger":"py.warnings"}
{"timestamp":"2026-03-15T07:26:55.620504Z","level":"info","event":"Filling up the DagBag from /opt/airflow/dags/cholera_pipeline.py","logger":"airflow.models.dagbag.BundleDagBag","filename":"dagbag.py","lineno":593}
{"timestamp":"2026-03-15T07:26:57.688612Z","level":"warning","event":"The `airflow.decorators.dag` attribute is deprecated. Please use `'airflow.sdk.dag'`.","category":"DeprecatedImportWarning","filename":"/opt/airflow/dags/cholera_pipeline.py","lineno":1,"logger":"py.warnings"}
{"timestamp":"2026-03-15T07:26:57.688903Z","level":"warning","event":"The `airflow.decorators.task` attribute is deprecated. Please use `'airflow.sdk.task'`.","category":"DeprecatedImportWarning","filename":"/opt/airflow/dags/cholera_pipeline.py","lineno":1,"logger":"py.warnings"}
{"timestamp":"2026-03-15T07:26:57.689050Z","level":"warning","event":"The `airflow.utils.trigger_rule.TriggerRule` attribute is deprecated. Please use `'airflow.task.trigger_rule.TriggerRule'`.","category":"DeprecatedImportWarning","filename":"/opt/airflow/dags/cholera_pipeline.py","lineno":3,"logger":"py.warnings"}
