{"timestamp":"2026-03-18T23:21:42.243934Z","level":"info","event":"Filling up the DagBag from /opt/airflow/dags/csm_pipeline.py","logger":"airflow.models.dagbag.BundleDagBag","filename":"dagbag.py","lineno":593}
{"timestamp":"2026-03-18T23:21:42.766155Z","level":"warning","event":"The `airflow.decorators.dag` attribute is deprecated. Please use `'airflow.sdk.dag'`.","category":"DeprecatedImportWarning","filename":"/opt/airflow/dags/csm_pipeline.py","lineno":1,"logger":"py.warnings"}
{"timestamp":"2026-03-18T23:21:42.766333Z","level":"warning","event":"The `airflow.decorators.task` attribute is deprecated. Please use `'airflow.sdk.task'`.","category":"DeprecatedImportWarning","filename":"/opt/airflow/dags/csm_pipeline.py","lineno":1,"logger":"py.warnings"}
{"timestamp":"2026-03-18T23:21:42.766386Z","level":"warning","event":"The `airflow.utils.trigger_rule.TriggerRule` attribute is deprecated. Please use `'airflow.task.trigger_rule.TriggerRule'`.","category":"DeprecatedImportWarning","filename":"/opt/airflow/dags/csm_pipeline.py","lineno":3,"logger":"py.warnings"}
{"timestamp":"2026-03-18T23:22:13.689456Z","level":"info","event":"Filling up the DagBag from /opt/airflow/dags/csm_pipeline.py","logger":"airflow.models.dagbag.BundleDagBag","filename":"dagbag.py","lineno":593}
{"timestamp":"2026-03-18T23:22:14.722234Z","level":"warning","event":"The `airflow.decorators.dag` attribute is deprecated. Please use `'airflow.sdk.dag'`.","category":"DeprecatedImportWarning","filename":"/opt/airflow/dags/csm_pipeline.py","lineno":1,"logger":"py.warnings"}
{"timestamp":"2026-03-18T23:22:14.722418Z","level":"warning","event":"The `airflow.decorators.task` attribute is deprecated. Please use `'airflow.sdk.task'`.","category":"DeprecatedImportWarning","filename":"/opt/airflow/dags/csm_pipeline.py","lineno":1,"logger":"py.warnings"}
{"timestamp":"2026-03-18T23:22:14.722484Z","level":"warning","event":"The `airflow.utils.trigger_rule.TriggerRule` attribute is deprecated. Please use `'airflow.task.trigger_rule.TriggerRule'`.","category":"DeprecatedImportWarning","filename":"/opt/airflow/dags/csm_pipeline.py","lineno":3,"logger":"py.warnings"}
{"timestamp":"2026-03-18T23:22:45.693498Z","level":"info","event":"Filling up the DagBag from /opt/airflow/dags/csm_pipeline.py","logger":"airflow.models.dagbag.BundleDagBag","filename":"dagbag.py","lineno":593}
{"timestamp":"2026-03-18T23:22:46.179514Z","level":"warning","event":"The `airflow.decorators.dag` attribute is deprecated. Please use `'airflow.sdk.dag'`.","category":"DeprecatedImportWarning","filename":"/opt/airflow/dags/csm_pipeline.py","lineno":1,"logger":"py.warnings"}
{"timestamp":"2026-03-18T23:22:46.179684Z","level":"warning","event":"The `airflow.decorators.task` attribute is deprecated. Please use `'airflow.sdk.task'`.","category":"DeprecatedImportWarning","filename":"/opt/airflow/dags/csm_pipeline.py","lineno":1,"logger":"py.warnings"}
{"timestamp":"2026-03-18T23:22:46.179747Z","level":"warning","event":"The `airflow.utils.trigger_rule.TriggerRule` attribute is deprecated. Please use `'airflow.task.trigger_rule.TriggerRule'`.","category":"DeprecatedImportWarning","filename":"/opt/airflow/dags/csm_pipeline.py","lineno":3,"logger":"py.warnings"}
{"timestamp":"2026-03-18T23:23:16.504103Z","level":"info","event":"Filling up the DagBag from /opt/airflow/dags/csm_pipeline.py","logger":"airflow.models.dagbag.BundleDagBag","filename":"dagbag.py","lineno":593}
{"timestamp":"2026-03-18T23:23:16.999696Z","level":"warning","event":"The `airflow.decorators.dag` attribute is deprecated. Please use `'airflow.sdk.dag'`.","category":"DeprecatedImportWarning","filename":"/opt/airflow/dags/csm_pipeline.py","lineno":1,"logger":"py.warnings"}
{"timestamp":"2026-03-18T23:23:16.999826Z","level":"warning","event":"The `airflow.decorators.task` attribute is deprecated. Please use `'airflow.sdk.task'`.","category":"DeprecatedImportWarning","filename":"/opt/airflow/dags/csm_pipeline.py","lineno":1,"logger":"py.warnings"}
{"timestamp":"2026-03-18T23:23:16.999886Z","level":"warning","event":"The `airflow.utils.trigger_rule.TriggerRule` attribute is deprecated. Please use `'airflow.task.trigger_rule.TriggerRule'`.","category":"DeprecatedImportWarning","filename":"/opt/airflow/dags/csm_pipeline.py","lineno":3,"logger":"py.warnings"}
{"timestamp":"2026-03-18T23:23:47.244294Z","level":"info","event":"Filling up the DagBag from /opt/airflow/dags/csm_pipeline.py","logger":"airflow.models.dagbag.BundleDagBag","filename":"dagbag.py","lineno":593}
{"timestamp":"2026-03-18T23:23:47.790597Z","level":"warning","event":"The `airflow.decorators.dag` attribute is deprecated. Please use `'airflow.sdk.dag'`.","category":"DeprecatedImportWarning","filename":"/opt/airflow/dags/csm_pipeline.py","lineno":1,"logger":"py.warnings"}
{"timestamp":"2026-03-18T23:23:47.790825Z","level":"warning","event":"The `airflow.decorators.task` attribute is deprecated. Please use `'airflow.sdk.task'`.","category":"DeprecatedImportWarning","filename":"/opt/airflow/dags/csm_pipeline.py","lineno":1,"logger":"py.warnings"}
{"timestamp":"2026-03-18T23:23:47.790915Z","level":"warning","event":"The `airflow.utils.trigger_rule.TriggerRule` attribute is deprecated. Please use `'airflow.task.trigger_rule.TriggerRule'`.","category":"DeprecatedImportWarning","filename":"/opt/airflow/dags/csm_pipeline.py","lineno":3,"logger":"py.warnings"}
{"timestamp":"2026-03-18T23:24:18.512761Z","level":"info","event":"Filling up the DagBag from /opt/airflow/dags/csm_pipeline.py","logger":"airflow.models.dagbag.BundleDagBag","filename":"dagbag.py","lineno":593}
{"timestamp":"2026-03-18T23:24:19.382737Z","level":"warning","event":"The `airflow.decorators.dag` attribute is deprecated. Please use `'airflow.sdk.dag'`.","category":"DeprecatedImportWarning","filename":"/opt/airflow/dags/csm_pipeline.py","lineno":1,"logger":"py.warnings"}
{"timestamp":"2026-03-18T23:24:19.383010Z","level":"warning","event":"The `airflow.decorators.task` attribute is deprecated. Please use `'airflow.sdk.task'`.","category":"DeprecatedImportWarning","filename":"/opt/airflow/dags/csm_pipeline.py","lineno":1,"logger":"py.warnings"}
{"timestamp":"2026-03-18T23:24:19.383106Z","level":"warning","event":"The `airflow.utils.trigger_rule.TriggerRule` attribute is deprecated. Please use `'airflow.task.trigger_rule.TriggerRule'`.","category":"DeprecatedImportWarning","filename":"/opt/airflow/dags/csm_pipeline.py","lineno":3,"logger":"py.warnings"}
{"timestamp":"2026-03-18T23:24:49.849056Z","level":"info","event":"Filling up the DagBag from /opt/airflow/dags/csm_pipeline.py","logger":"airflow.models.dagbag.BundleDagBag","filename":"dagbag.py","lineno":593}
{"timestamp":"2026-03-18T23:24:50.527954Z","level":"warning","event":"The `airflow.decorators.dag` attribute is deprecated. Please use `'airflow.sdk.dag'`.","category":"DeprecatedImportWarning","filename":"/opt/airflow/dags/csm_pipeline.py","lineno":1,"logger":"py.warnings"}
{"timestamp":"2026-03-18T23:24:50.528098Z","level":"warning","event":"The `airflow.decorators.task` attribute is deprecated. Please use `'airflow.sdk.task'`.","category":"DeprecatedImportWarning","filename":"/opt/airflow/dags/csm_pipeline.py","lineno":1,"logger":"py.warnings"}
{"timestamp":"2026-03-18T23:24:50.528161Z","level":"warning","event":"The `airflow.utils.trigger_rule.TriggerRule` attribute is deprecated. Please use `'airflow.task.trigger_rule.TriggerRule'`.","category":"DeprecatedImportWarning","filename":"/opt/airflow/dags/csm_pipeline.py","lineno":3,"logger":"py.warnings"}
{"timestamp":"2026-03-18T23:25:20.889442Z","level":"info","event":"Filling up the DagBag from /opt/airflow/dags/csm_pipeline.py","logger":"airflow.models.dagbag.BundleDagBag","filename":"dagbag.py","lineno":593}
{"timestamp":"2026-03-18T23:25:21.457139Z","level":"warning","event":"The `airflow.decorators.dag` attribute is deprecated. Please use `'airflow.sdk.dag'`.","category":"DeprecatedImportWarning","filename":"/opt/airflow/dags/csm_pipeline.py","lineno":1,"logger":"py.warnings"}
{"timestamp":"2026-03-18T23:25:21.457333Z","level":"warning","event":"The `airflow.decorators.task` attribute is deprecated. Please use `'airflow.sdk.task'`.","category":"DeprecatedImportWarning","filename":"/opt/airflow/dags/csm_pipeline.py","lineno":1,"logger":"py.warnings"}
{"timestamp":"2026-03-18T23:25:21.457403Z","level":"warning","event":"The `airflow.utils.trigger_rule.TriggerRule` attribute is deprecated. Please use `'airflow.task.trigger_rule.TriggerRule'`.","category":"DeprecatedImportWarning","filename":"/opt/airflow/dags/csm_pipeline.py","lineno":3,"logger":"py.warnings"}
{"timestamp":"2026-03-18T23:25:52.180762Z","level":"info","event":"Filling up the DagBag from /opt/airflow/dags/csm_pipeline.py","logger":"airflow.models.dagbag.BundleDagBag","filename":"dagbag.py","lineno":593}
{"timestamp":"2026-03-18T23:25:52.796690Z","level":"warning","event":"The `airflow.decorators.dag` attribute is deprecated. Please use `'airflow.sdk.dag'`.","category":"DeprecatedImportWarning","filename":"/opt/airflow/dags/csm_pipeline.py","lineno":1,"logger":"py.warnings"}
{"timestamp":"2026-03-18T23:25:52.796992Z","level":"warning","event":"The `airflow.decorators.task` attribute is deprecated. Please use `'airflow.sdk.task'`.","category":"DeprecatedImportWarning","filename":"/opt/airflow/dags/csm_pipeline.py","lineno":1,"logger":"py.warnings"}
{"timestamp":"2026-03-18T23:25:52.797138Z","level":"warning","event":"The `airflow.utils.trigger_rule.TriggerRule` attribute is deprecated. Please use `'airflow.task.trigger_rule.TriggerRule'`.","category":"DeprecatedImportWarning","filename":"/opt/airflow/dags/csm_pipeline.py","lineno":3,"logger":"py.warnings"}
{"timestamp":"2026-03-18T23:26:23.167489Z","level":"info","event":"Filling up the DagBag from /opt/airflow/dags/csm_pipeline.py","logger":"airflow.models.dagbag.BundleDagBag","filename":"dagbag.py","lineno":593}
{"timestamp":"2026-03-18T23:26:23.941295Z","level":"warning","event":"The `airflow.decorators.dag` attribute is deprecated. Please use `'airflow.sdk.dag'`.","category":"DeprecatedImportWarning","filename":"/opt/airflow/dags/csm_pipeline.py","lineno":1,"logger":"py.warnings"}
{"timestamp":"2026-03-18T23:26:23.941505Z","level":"warning","event":"The `airflow.decorators.task` attribute is deprecated. Please use `'airflow.sdk.task'`.","category":"DeprecatedImportWarning","filename":"/opt/airflow/dags/csm_pipeline.py","lineno":1,"logger":"py.warnings"}
{"timestamp":"2026-03-18T23:26:23.941604Z","level":"warning","event":"The `airflow.utils.trigger_rule.TriggerRule` attribute is deprecated. Please use `'airflow.task.trigger_rule.TriggerRule'`.","category":"DeprecatedImportWarning","filename":"/opt/airflow/dags/csm_pipeline.py","lineno":3,"logger":"py.warnings"}
{"timestamp":"2026-03-18T23:26:54.387000Z","level":"info","event":"Filling up the DagBag from /opt/airflow/dags/csm_pipeline.py","logger":"airflow.models.dagbag.BundleDagBag","filename":"dagbag.py","lineno":593}
{"timestamp":"2026-03-18T23:26:54.956126Z","level":"warning","event":"The `airflow.decorators.dag` attribute is deprecated. Please use `'airflow.sdk.dag'`.","category":"DeprecatedImportWarning","filename":"/opt/airflow/dags/csm_pipeline.py","lineno":1,"logger":"py.warnings"}
{"timestamp":"2026-03-18T23:26:54.956303Z","level":"warning","event":"The `airflow.decorators.task` attribute is deprecated. Please use `'airflow.sdk.task'`.","category":"DeprecatedImportWarning","filename":"/opt/airflow/dags/csm_pipeline.py","lineno":1,"logger":"py.warnings"}
{"timestamp":"2026-03-18T23:26:54.956361Z","level":"warning","event":"The `airflow.utils.trigger_rule.TriggerRule` attribute is deprecated. Please use `'airflow.task.trigger_rule.TriggerRule'`.","category":"DeprecatedImportWarning","filename":"/opt/airflow/dags/csm_pipeline.py","lineno":3,"logger":"py.warnings"}
{"timestamp":"2026-03-18T23:27:25.409766Z","level":"info","event":"Filling up the DagBag from /opt/airflow/dags/csm_pipeline.py","logger":"airflow.models.dagbag.BundleDagBag","filename":"dagbag.py","lineno":593}
{"timestamp":"2026-03-18T23:27:26.101988Z","level":"warning","event":"The `airflow.decorators.dag` attribute is deprecated. Please use `'airflow.sdk.dag'`.","category":"DeprecatedImportWarning","filename":"/opt/airflow/dags/csm_pipeline.py","lineno":1,"logger":"py.warnings"}
{"timestamp":"2026-03-18T23:27:26.102243Z","level":"warning","event":"The `airflow.decorators.task` attribute is deprecated. Please use `'airflow.sdk.task'`.","category":"DeprecatedImportWarning","filename":"/opt/airflow/dags/csm_pipeline.py","lineno":1,"logger":"py.warnings"}
{"timestamp":"2026-03-18T23:27:26.102330Z","level":"warning","event":"The `airflow.utils.trigger_rule.TriggerRule` attribute is deprecated. Please use `'airflow.task.trigger_rule.TriggerRule'`.","category":"DeprecatedImportWarning","filename":"/opt/airflow/dags/csm_pipeline.py","lineno":3,"logger":"py.warnings"}
{"timestamp":"2026-03-18T23:27:56.767463Z","level":"info","event":"Filling up the DagBag from /opt/airflow/dags/csm_pipeline.py","logger":"airflow.models.dagbag.BundleDagBag","filename":"dagbag.py","lineno":593}
{"timestamp":"2026-03-18T23:27:57.539896Z","level":"warning","event":"The `airflow.decorators.dag` attribute is deprecated. Please use `'airflow.sdk.dag'`.","category":"DeprecatedImportWarning","filename":"/opt/airflow/dags/csm_pipeline.py","lineno":1,"logger":"py.warnings"}
{"timestamp":"2026-03-18T23:27:57.540139Z","level":"warning","event":"The `airflow.decorators.task` attribute is deprecated. Please use `'airflow.sdk.task'`.","category":"DeprecatedImportWarning","filename":"/opt/airflow/dags/csm_pipeline.py","lineno":1,"logger":"py.warnings"}
{"timestamp":"2026-03-18T23:27:57.540232Z","level":"warning","event":"The `airflow.utils.trigger_rule.TriggerRule` attribute is deprecated. Please use `'airflow.task.trigger_rule.TriggerRule'`.","category":"DeprecatedImportWarning","filename":"/opt/airflow/dags/csm_pipeline.py","lineno":3,"logger":"py.warnings"}
{"timestamp":"2026-03-18T23:28:17.271467Z","level":"info","event":"Filling up the DagBag from /opt/airflow/dags/csm_pipeline.py","logger":"airflow.models.dagbag.BundleDagBag","filename":"dagbag.py","lineno":593}
{"timestamp":"2026-03-18T23:28:17.831517Z","level":"warning","event":"The `airflow.decorators.dag` attribute is deprecated. Please use `'airflow.sdk.dag'`.","category":"DeprecatedImportWarning","filename":"/opt/airflow/dags/csm_pipeline.py","lineno":1,"logger":"py.warnings"}
{"timestamp":"2026-03-18T23:28:17.831681Z","level":"warning","event":"The `airflow.decorators.task` attribute is deprecated. Please use `'airflow.sdk.task'`.","category":"DeprecatedImportWarning","filename":"/opt/airflow/dags/csm_pipeline.py","lineno":1,"logger":"py.warnings"}
{"timestamp":"2026-03-18T23:28:17.831746Z","level":"warning","event":"The `airflow.utils.trigger_rule.TriggerRule` attribute is deprecated. Please use `'airflow.task.trigger_rule.TriggerRule'`.","category":"DeprecatedImportWarning","filename":"/opt/airflow/dags/csm_pipeline.py","lineno":3,"logger":"py.warnings"}
{"timestamp":"2026-03-18T23:28:48.345081Z","level":"info","event":"Filling up the DagBag from /opt/airflow/dags/csm_pipeline.py","logger":"airflow.models.dagbag.BundleDagBag","filename":"dagbag.py","lineno":593}
{"timestamp":"2026-03-18T23:28:48.897072Z","level":"warning","event":"The `airflow.decorators.dag` attribute is deprecated. Please use `'airflow.sdk.dag'`.","category":"DeprecatedImportWarning","filename":"/opt/airflow/dags/csm_pipeline.py","lineno":1,"logger":"py.warnings"}
{"timestamp":"2026-03-18T23:28:48.897253Z","level":"warning","event":"The `airflow.decorators.task` attribute is deprecated. Please use `'airflow.sdk.task'`.","category":"DeprecatedImportWarning","filename":"/opt/airflow/dags/csm_pipeline.py","lineno":1,"logger":"py.warnings"}
{"timestamp":"2026-03-18T23:28:48.897320Z","level":"warning","event":"The `airflow.utils.trigger_rule.TriggerRule` attribute is deprecated. Please use `'airflow.task.trigger_rule.TriggerRule'`.","category":"DeprecatedImportWarning","filename":"/opt/airflow/dags/csm_pipeline.py","lineno":3,"logger":"py.warnings"}
{"timestamp":"2026-03-18T23:29:19.600198Z","level":"info","event":"Filling up the DagBag from /opt/airflow/dags/csm_pipeline.py","logger":"airflow.models.dagbag.BundleDagBag","filename":"dagbag.py","lineno":593}
{"timestamp":"2026-03-18T23:29:20.170513Z","level":"warning","event":"The `airflow.decorators.dag` attribute is deprecated. Please use `'airflow.sdk.dag'`.","category":"DeprecatedImportWarning","filename":"/opt/airflow/dags/csm_pipeline.py","lineno":1,"logger":"py.warnings"}
{"timestamp":"2026-03-18T23:29:20.170717Z","level":"warning","event":"The `airflow.decorators.task` attribute is deprecated. Please use `'airflow.sdk.task'`.","category":"DeprecatedImportWarning","filename":"/opt/airflow/dags/csm_pipeline.py","lineno":1,"logger":"py.warnings"}
{"timestamp":"2026-03-18T23:29:20.170775Z","level":"warning","event":"The `airflow.utils.trigger_rule.TriggerRule` attribute is deprecated. Please use `'airflow.task.trigger_rule.TriggerRule'`.","category":"DeprecatedImportWarning","filename":"/opt/airflow/dags/csm_pipeline.py","lineno":3,"logger":"py.warnings"}
{"timestamp":"2026-03-18T23:29:51.094275Z","level":"info","event":"Filling up the DagBag from /opt/airflow/dags/csm_pipeline.py","logger":"airflow.models.dagbag.BundleDagBag","filename":"dagbag.py","lineno":593}
{"timestamp":"2026-03-18T23:29:51.636337Z","level":"warning","event":"The `airflow.decorators.dag` attribute is deprecated. Please use `'airflow.sdk.dag'`.","category":"DeprecatedImportWarning","filename":"/opt/airflow/dags/csm_pipeline.py","lineno":1,"logger":"py.warnings"}
{"timestamp":"2026-03-18T23:29:51.636533Z","level":"warning","event":"The `airflow.decorators.task` attribute is deprecated. Please use `'airflow.sdk.task'`.","category":"DeprecatedImportWarning","filename":"/opt/airflow/dags/csm_pipeline.py","lineno":1,"logger":"py.warnings"}
{"timestamp":"2026-03-18T23:29:51.636587Z","level":"warning","event":"The `airflow.utils.trigger_rule.TriggerRule` attribute is deprecated. Please use `'airflow.task.trigger_rule.TriggerRule'`.","category":"DeprecatedImportWarning","filename":"/opt/airflow/dags/csm_pipeline.py","lineno":3,"logger":"py.warnings"}
{"timestamp":"2026-03-18T23:30:22.402319Z","level":"info","event":"Filling up the DagBag from /opt/airflow/dags/csm_pipeline.py","logger":"airflow.models.dagbag.BundleDagBag","filename":"dagbag.py","lineno":593}
{"timestamp":"2026-03-18T23:30:22.867238Z","level":"warning","event":"The `airflow.decorators.dag` attribute is deprecated. Please use `'airflow.sdk.dag'`.","category":"DeprecatedImportWarning","filename":"/opt/airflow/dags/csm_pipeline.py","lineno":1,"logger":"py.warnings"}
{"timestamp":"2026-03-18T23:30:22.867465Z","level":"warning","event":"The `airflow.decorators.task` attribute is deprecated. Please use `'airflow.sdk.task'`.","category":"DeprecatedImportWarning","filename":"/opt/airflow/dags/csm_pipeline.py","lineno":1,"logger":"py.warnings"}
{"timestamp":"2026-03-18T23:30:22.867525Z","level":"warning","event":"The `airflow.utils.trigger_rule.TriggerRule` attribute is deprecated. Please use `'airflow.task.trigger_rule.TriggerRule'`.","category":"DeprecatedImportWarning","filename":"/opt/airflow/dags/csm_pipeline.py","lineno":3,"logger":"py.warnings"}
{"timestamp":"2026-03-18T23:30:53.717386Z","level":"info","event":"Filling up the DagBag from /opt/airflow/dags/csm_pipeline.py","logger":"airflow.models.dagbag.BundleDagBag","filename":"dagbag.py","lineno":593}
{"timestamp":"2026-03-18T23:30:54.262218Z","level":"warning","event":"The `airflow.decorators.dag` attribute is deprecated. Please use `'airflow.sdk.dag'`.","category":"DeprecatedImportWarning","filename":"/opt/airflow/dags/csm_pipeline.py","lineno":1,"logger":"py.warnings"}
{"timestamp":"2026-03-18T23:30:54.262551Z","level":"warning","event":"The `airflow.decorators.task` attribute is deprecated. Please use `'airflow.sdk.task'`.","category":"DeprecatedImportWarning","filename":"/opt/airflow/dags/csm_pipeline.py","lineno":1,"logger":"py.warnings"}
{"timestamp":"2026-03-18T23:30:54.262712Z","level":"warning","event":"The `airflow.utils.trigger_rule.TriggerRule` attribute is deprecated. Please use `'airflow.task.trigger_rule.TriggerRule'`.","category":"DeprecatedImportWarning","filename":"/opt/airflow/dags/csm_pipeline.py","lineno":3,"logger":"py.warnings"}
{"timestamp":"2026-03-18T23:31:24.869222Z","level":"info","event":"Filling up the DagBag from /opt/airflow/dags/csm_pipeline.py","logger":"airflow.models.dagbag.BundleDagBag","filename":"dagbag.py","lineno":593}
{"timestamp":"2026-03-18T23:31:25.563679Z","level":"warning","event":"The `airflow.decorators.dag` attribute is deprecated. Please use `'airflow.sdk.dag'`.","category":"DeprecatedImportWarning","filename":"/opt/airflow/dags/csm_pipeline.py","lineno":1,"logger":"py.warnings"}
{"timestamp":"2026-03-18T23:31:25.563944Z","level":"warning","event":"The `airflow.decorators.task` attribute is deprecated. Please use `'airflow.sdk.task'`.","category":"DeprecatedImportWarning","filename":"/opt/airflow/dags/csm_pipeline.py","lineno":1,"logger":"py.warnings"}
{"timestamp":"2026-03-18T23:31:25.564037Z","level":"warning","event":"The `airflow.utils.trigger_rule.TriggerRule` attribute is deprecated. Please use `'airflow.task.trigger_rule.TriggerRule'`.","category":"DeprecatedImportWarning","filename":"/opt/airflow/dags/csm_pipeline.py","lineno":3,"logger":"py.warnings"}
{"timestamp":"2026-03-18T23:31:56.222203Z","level":"info","event":"Filling up the DagBag from /opt/airflow/dags/csm_pipeline.py","logger":"airflow.models.dagbag.BundleDagBag","filename":"dagbag.py","lineno":593}
{"timestamp":"2026-03-18T23:31:56.819713Z","level":"warning","event":"The `airflow.decorators.dag` attribute is deprecated. Please use `'airflow.sdk.dag'`.","category":"DeprecatedImportWarning","filename":"/opt/airflow/dags/csm_pipeline.py","lineno":1,"logger":"py.warnings"}
{"timestamp":"2026-03-18T23:31:56.819963Z","level":"warning","event":"The `airflow.decorators.task` attribute is deprecated. Please use `'airflow.sdk.task'`.","category":"DeprecatedImportWarning","filename":"/opt/airflow/dags/csm_pipeline.py","lineno":1,"logger":"py.warnings"}
{"timestamp":"2026-03-18T23:31:56.820054Z","level":"warning","event":"The `airflow.utils.trigger_rule.TriggerRule` attribute is deprecated. Please use `'airflow.task.trigger_rule.TriggerRule'`.","category":"DeprecatedImportWarning","filename":"/opt/airflow/dags/csm_pipeline.py","lineno":3,"logger":"py.warnings"}
{"timestamp":"2026-03-18T23:32:27.663300Z","level":"info","event":"Filling up the DagBag from /opt/airflow/dags/csm_pipeline.py","logger":"airflow.models.dagbag.BundleDagBag","filename":"dagbag.py","lineno":593}
{"timestamp":"2026-03-18T23:32:28.100658Z","level":"warning","event":"The `airflow.decorators.dag` attribute is deprecated. Please use `'airflow.sdk.dag'`.","category":"DeprecatedImportWarning","filename":"/opt/airflow/dags/csm_pipeline.py","lineno":1,"logger":"py.warnings"}
{"timestamp":"2026-03-18T23:32:28.100853Z","level":"warning","event":"The `airflow.decorators.task` attribute is deprecated. Please use `'airflow.sdk.task'`.","category":"DeprecatedImportWarning","filename":"/opt/airflow/dags/csm_pipeline.py","lineno":1,"logger":"py.warnings"}
{"timestamp":"2026-03-18T23:32:28.100923Z","level":"warning","event":"The `airflow.utils.trigger_rule.TriggerRule` attribute is deprecated. Please use `'airflow.task.trigger_rule.TriggerRule'`.","category":"DeprecatedImportWarning","filename":"/opt/airflow/dags/csm_pipeline.py","lineno":3,"logger":"py.warnings"}
{"timestamp":"2026-03-18T23:32:58.825110Z","level":"info","event":"Filling up the DagBag from /opt/airflow/dags/csm_pipeline.py","logger":"airflow.models.dagbag.BundleDagBag","filename":"dagbag.py","lineno":593}
{"timestamp":"2026-03-18T23:32:59.266329Z","level":"warning","event":"The `airflow.decorators.dag` attribute is deprecated. Please use `'airflow.sdk.dag'`.","category":"DeprecatedImportWarning","filename":"/opt/airflow/dags/csm_pipeline.py","lineno":1,"logger":"py.warnings"}
{"timestamp":"2026-03-18T23:32:59.266490Z","level":"warning","event":"The `airflow.decorators.task` attribute is deprecated. Please use `'airflow.sdk.task'`.","category":"DeprecatedImportWarning","filename":"/opt/airflow/dags/csm_pipeline.py","lineno":1,"logger":"py.warnings"}
{"timestamp":"2026-03-18T23:32:59.266540Z","level":"warning","event":"The `airflow.utils.trigger_rule.TriggerRule` attribute is deprecated. Please use `'airflow.task.trigger_rule.TriggerRule'`.","category":"DeprecatedImportWarning","filename":"/opt/airflow/dags/csm_pipeline.py","lineno":3,"logger":"py.warnings"}
{"timestamp":"2026-03-18T23:33:30.237410Z","level":"info","event":"Filling up the DagBag from /opt/airflow/dags/csm_pipeline.py","logger":"airflow.models.dagbag.BundleDagBag","filename":"dagbag.py","lineno":593}
{"timestamp":"2026-03-18T23:33:30.661553Z","level":"warning","event":"The `airflow.decorators.dag` attribute is deprecated. Please use `'airflow.sdk.dag'`.","category":"DeprecatedImportWarning","filename":"/opt/airflow/dags/csm_pipeline.py","lineno":1,"logger":"py.warnings"}
{"timestamp":"2026-03-18T23:33:30.661707Z","level":"warning","event":"The `airflow.decorators.task` attribute is deprecated. Please use `'airflow.sdk.task'`.","category":"DeprecatedImportWarning","filename":"/opt/airflow/dags/csm_pipeline.py","lineno":1,"logger":"py.warnings"}
{"timestamp":"2026-03-18T23:33:30.661759Z","level":"warning","event":"The `airflow.utils.trigger_rule.TriggerRule` attribute is deprecated. Please use `'airflow.task.trigger_rule.TriggerRule'`.","category":"DeprecatedImportWarning","filename":"/opt/airflow/dags/csm_pipeline.py","lineno":3,"logger":"py.warnings"}
{"timestamp":"2026-03-18T23:34:01.502577Z","level":"info","event":"Filling up the DagBag from /opt/airflow/dags/csm_pipeline.py","logger":"airflow.models.dagbag.BundleDagBag","filename":"dagbag.py","lineno":593}
{"timestamp":"2026-03-18T23:34:02.027275Z","level":"warning","event":"The `airflow.decorators.dag` attribute is deprecated. Please use `'airflow.sdk.dag'`.","category":"DeprecatedImportWarning","filename":"/opt/airflow/dags/csm_pipeline.py","lineno":1,"logger":"py.warnings"}
{"timestamp":"2026-03-18T23:34:02.027437Z","level":"warning","event":"The `airflow.decorators.task` attribute is deprecated. Please use `'airflow.sdk.task'`.","category":"DeprecatedImportWarning","filename":"/opt/airflow/dags/csm_pipeline.py","lineno":1,"logger":"py.warnings"}
{"timestamp":"2026-03-18T23:34:02.027527Z","level":"warning","event":"The `airflow.utils.trigger_rule.TriggerRule` attribute is deprecated. Please use `'airflow.task.trigger_rule.TriggerRule'`.","category":"DeprecatedImportWarning","filename":"/opt/airflow/dags/csm_pipeline.py","lineno":3,"logger":"py.warnings"}
{"timestamp":"2026-03-18T23:34:32.293934Z","level":"info","event":"Filling up the DagBag from /opt/airflow/dags/csm_pipeline.py","logger":"airflow.models.dagbag.BundleDagBag","filename":"dagbag.py","lineno":593}
{"timestamp":"2026-03-18T23:34:32.717065Z","level":"warning","event":"The `airflow.decorators.dag` attribute is deprecated. Please use `'airflow.sdk.dag'`.","category":"DeprecatedImportWarning","filename":"/opt/airflow/dags/csm_pipeline.py","lineno":1,"logger":"py.warnings"}
{"timestamp":"2026-03-18T23:34:32.717197Z","level":"warning","event":"The `airflow.decorators.task` attribute is deprecated. Please use `'airflow.sdk.task'`.","category":"DeprecatedImportWarning","filename":"/opt/airflow/dags/csm_pipeline.py","lineno":1,"logger":"py.warnings"}
{"timestamp":"2026-03-18T23:34:32.717247Z","level":"warning","event":"The `airflow.utils.trigger_rule.TriggerRule` attribute is deprecated. Please use `'airflow.task.trigger_rule.TriggerRule'`.","category":"DeprecatedImportWarning","filename":"/opt/airflow/dags/csm_pipeline.py","lineno":3,"logger":"py.warnings"}
{"timestamp":"2026-03-18T23:35:03.643451Z","level":"info","event":"Filling up the DagBag from /opt/airflow/dags/csm_pipeline.py","logger":"airflow.models.dagbag.BundleDagBag","filename":"dagbag.py","lineno":593}
{"timestamp":"2026-03-18T23:35:04.111956Z","level":"warning","event":"The `airflow.decorators.dag` attribute is deprecated. Please use `'airflow.sdk.dag'`.","category":"DeprecatedImportWarning","filename":"/opt/airflow/dags/csm_pipeline.py","lineno":1,"logger":"py.warnings"}
{"timestamp":"2026-03-18T23:35:04.112579Z","level":"warning","event":"The `airflow.decorators.task` attribute is deprecated. Please use `'airflow.sdk.task'`.","category":"DeprecatedImportWarning","filename":"/opt/airflow/dags/csm_pipeline.py","lineno":1,"logger":"py.warnings"}
{"timestamp":"2026-03-18T23:35:04.112994Z","level":"warning","event":"The `airflow.utils.trigger_rule.TriggerRule` attribute is deprecated. Please use `'airflow.task.trigger_rule.TriggerRule'`.","category":"DeprecatedImportWarning","filename":"/opt/airflow/dags/csm_pipeline.py","lineno":3,"logger":"py.warnings"}
{"timestamp":"2026-03-18T23:35:34.338861Z","level":"info","event":"Filling up the DagBag from /opt/airflow/dags/csm_pipeline.py","logger":"airflow.models.dagbag.BundleDagBag","filename":"dagbag.py","lineno":593}
{"timestamp":"2026-03-18T23:35:35.002738Z","level":"warning","event":"The `airflow.decorators.dag` attribute is deprecated. Please use `'airflow.sdk.dag'`.","category":"DeprecatedImportWarning","filename":"/opt/airflow/dags/csm_pipeline.py","lineno":1,"logger":"py.warnings"}
{"timestamp":"2026-03-18T23:35:35.002944Z","level":"warning","event":"The `airflow.decorators.task` attribute is deprecated. Please use `'airflow.sdk.task'`.","category":"DeprecatedImportWarning","filename":"/opt/airflow/dags/csm_pipeline.py","lineno":1,"logger":"py.warnings"}
{"timestamp":"2026-03-18T23:35:35.003041Z","level":"warning","event":"The `airflow.utils.trigger_rule.TriggerRule` attribute is deprecated. Please use `'airflow.task.trigger_rule.TriggerRule'`.","category":"DeprecatedImportWarning","filename":"/opt/airflow/dags/csm_pipeline.py","lineno":3,"logger":"py.warnings"}
{"timestamp":"2026-03-18T23:36:05.175227Z","level":"info","event":"Filling up the DagBag from /opt/airflow/dags/csm_pipeline.py","logger":"airflow.models.dagbag.BundleDagBag","filename":"dagbag.py","lineno":593}
{"timestamp":"2026-03-18T23:36:05.684190Z","level":"warning","event":"The `airflow.decorators.dag` attribute is deprecated. Please use `'airflow.sdk.dag'`.","category":"DeprecatedImportWarning","filename":"/opt/airflow/dags/csm_pipeline.py","lineno":1,"logger":"py.warnings"}
{"timestamp":"2026-03-18T23:36:05.684389Z","level":"warning","event":"The `airflow.decorators.task` attribute is deprecated. Please use `'airflow.sdk.task'`.","category":"DeprecatedImportWarning","filename":"/opt/airflow/dags/csm_pipeline.py","lineno":1,"logger":"py.warnings"}
{"timestamp":"2026-03-18T23:36:05.684452Z","level":"warning","event":"The `airflow.utils.trigger_rule.TriggerRule` attribute is deprecated. Please use `'airflow.task.trigger_rule.TriggerRule'`.","category":"DeprecatedImportWarning","filename":"/opt/airflow/dags/csm_pipeline.py","lineno":3,"logger":"py.warnings"}
{"timestamp":"2026-03-18T23:36:36.251804Z","level":"info","event":"Filling up the DagBag from /opt/airflow/dags/csm_pipeline.py","logger":"airflow.models.dagbag.BundleDagBag","filename":"dagbag.py","lineno":593}
{"timestamp":"2026-03-18T23:36:36.770627Z","level":"warning","event":"The `airflow.decorators.dag` attribute is deprecated. Please use `'airflow.sdk.dag'`.","category":"DeprecatedImportWarning","filename":"/opt/airflow/dags/csm_pipeline.py","lineno":1,"logger":"py.warnings"}
{"timestamp":"2026-03-18T23:36:36.770815Z","level":"warning","event":"The `airflow.decorators.task` attribute is deprecated. Please use `'airflow.sdk.task'`.","category":"DeprecatedImportWarning","filename":"/opt/airflow/dags/csm_pipeline.py","lineno":1,"logger":"py.warnings"}
{"timestamp":"2026-03-18T23:36:36.770888Z","level":"warning","event":"The `airflow.utils.trigger_rule.TriggerRule` attribute is deprecated. Please use `'airflow.task.trigger_rule.TriggerRule'`.","category":"DeprecatedImportWarning","filename":"/opt/airflow/dags/csm_pipeline.py","lineno":3,"logger":"py.warnings"}
{"timestamp":"2026-03-18T23:37:06.984883Z","level":"info","event":"Filling up the DagBag from /opt/airflow/dags/csm_pipeline.py","logger":"airflow.models.dagbag.BundleDagBag","filename":"dagbag.py","lineno":593}
{"timestamp":"2026-03-18T23:37:07.424916Z","level":"warning","event":"The `airflow.decorators.dag` attribute is deprecated. Please use `'airflow.sdk.dag'`.","category":"DeprecatedImportWarning","filename":"/opt/airflow/dags/csm_pipeline.py","lineno":1,"logger":"py.warnings"}
{"timestamp":"2026-03-18T23:37:07.425207Z","level":"warning","event":"The `airflow.decorators.task` attribute is deprecated. Please use `'airflow.sdk.task'`.","category":"DeprecatedImportWarning","filename":"/opt/airflow/dags/csm_pipeline.py","lineno":1,"logger":"py.warnings"}
{"timestamp":"2026-03-18T23:37:07.425291Z","level":"warning","event":"The `airflow.utils.trigger_rule.TriggerRule` attribute is deprecated. Please use `'airflow.task.trigger_rule.TriggerRule'`.","category":"DeprecatedImportWarning","filename":"/opt/airflow/dags/csm_pipeline.py","lineno":3,"logger":"py.warnings"}
{"timestamp":"2026-03-18T23:37:38.082598Z","level":"info","event":"Filling up the DagBag from /opt/airflow/dags/csm_pipeline.py","logger":"airflow.models.dagbag.BundleDagBag","filename":"dagbag.py","lineno":593}
{"timestamp":"2026-03-18T23:37:38.516989Z","level":"warning","event":"The `airflow.decorators.dag` attribute is deprecated. Please use `'airflow.sdk.dag'`.","category":"DeprecatedImportWarning","filename":"/opt/airflow/dags/csm_pipeline.py","lineno":1,"logger":"py.warnings"}
{"timestamp":"2026-03-18T23:37:38.517149Z","level":"warning","event":"The `airflow.decorators.task` attribute is deprecated. Please use `'airflow.sdk.task'`.","category":"DeprecatedImportWarning","filename":"/opt/airflow/dags/csm_pipeline.py","lineno":1,"logger":"py.warnings"}
{"timestamp":"2026-03-18T23:37:38.517198Z","level":"warning","event":"The `airflow.utils.trigger_rule.TriggerRule` attribute is deprecated. Please use `'airflow.task.trigger_rule.TriggerRule'`.","category":"DeprecatedImportWarning","filename":"/opt/airflow/dags/csm_pipeline.py","lineno":3,"logger":"py.warnings"}
{"timestamp":"2026-03-18T23:38:09.268063Z","level":"info","event":"Filling up the DagBag from /opt/airflow/dags/csm_pipeline.py","logger":"airflow.models.dagbag.BundleDagBag","filename":"dagbag.py","lineno":593}
{"timestamp":"2026-03-18T23:38:09.689552Z","level":"warning","event":"The `airflow.decorators.dag` attribute is deprecated. Please use `'airflow.sdk.dag'`.","category":"DeprecatedImportWarning","filename":"/opt/airflow/dags/csm_pipeline.py","lineno":1,"logger":"py.warnings"}
{"timestamp":"2026-03-18T23:38:09.689731Z","level":"warning","event":"The `airflow.decorators.task` attribute is deprecated. Please use `'airflow.sdk.task'`.","category":"DeprecatedImportWarning","filename":"/opt/airflow/dags/csm_pipeline.py","lineno":1,"logger":"py.warnings"}
{"timestamp":"2026-03-18T23:38:09.689783Z","level":"warning","event":"The `airflow.utils.trigger_rule.TriggerRule` attribute is deprecated. Please use `'airflow.task.trigger_rule.TriggerRule'`.","category":"DeprecatedImportWarning","filename":"/opt/airflow/dags/csm_pipeline.py","lineno":3,"logger":"py.warnings"}
{"timestamp":"2026-03-18T23:38:40.343014Z","level":"info","event":"Filling up the DagBag from /opt/airflow/dags/csm_pipeline.py","logger":"airflow.models.dagbag.BundleDagBag","filename":"dagbag.py","lineno":593}
{"timestamp":"2026-03-18T23:38:40.814026Z","level":"warning","event":"The `airflow.decorators.dag` attribute is deprecated. Please use `'airflow.sdk.dag'`.","category":"DeprecatedImportWarning","filename":"/opt/airflow/dags/csm_pipeline.py","lineno":1,"logger":"py.warnings"}
{"timestamp":"2026-03-18T23:38:40.814395Z","level":"warning","event":"The `airflow.decorators.task` attribute is deprecated. Please use `'airflow.sdk.task'`.","category":"DeprecatedImportWarning","filename":"/opt/airflow/dags/csm_pipeline.py","lineno":1,"logger":"py.warnings"}
{"timestamp":"2026-03-18T23:38:40.814523Z","level":"warning","event":"The `airflow.utils.trigger_rule.TriggerRule` attribute is deprecated. Please use `'airflow.task.trigger_rule.TriggerRule'`.","category":"DeprecatedImportWarning","filename":"/opt/airflow/dags/csm_pipeline.py","lineno":3,"logger":"py.warnings"}
{"timestamp":"2026-03-18T23:39:11.696766Z","level":"info","event":"Filling up the DagBag from /opt/airflow/dags/csm_pipeline.py","logger":"airflow.models.dagbag.BundleDagBag","filename":"dagbag.py","lineno":593}
{"timestamp":"2026-03-18T23:39:12.103562Z","level":"warning","event":"The `airflow.decorators.dag` attribute is deprecated. Please use `'airflow.sdk.dag'`.","category":"DeprecatedImportWarning","filename":"/opt/airflow/dags/csm_pipeline.py","lineno":1,"logger":"py.warnings"}
{"timestamp":"2026-03-18T23:39:12.103707Z","level":"warning","event":"The `airflow.decorators.task` attribute is deprecated. Please use `'airflow.sdk.task'`.","category":"DeprecatedImportWarning","filename":"/opt/airflow/dags/csm_pipeline.py","lineno":1,"logger":"py.warnings"}
{"timestamp":"2026-03-18T23:39:12.103755Z","level":"warning","event":"The `airflow.utils.trigger_rule.TriggerRule` attribute is deprecated. Please use `'airflow.task.trigger_rule.TriggerRule'`.","category":"DeprecatedImportWarning","filename":"/opt/airflow/dags/csm_pipeline.py","lineno":3,"logger":"py.warnings"}
{"timestamp":"2026-03-18T23:39:42.842372Z","level":"info","event":"Filling up the DagBag from /opt/airflow/dags/csm_pipeline.py","logger":"airflow.models.dagbag.BundleDagBag","filename":"dagbag.py","lineno":593}
{"timestamp":"2026-03-18T23:39:43.288068Z","level":"warning","event":"The `airflow.decorators.dag` attribute is deprecated. Please use `'airflow.sdk.dag'`.","category":"DeprecatedImportWarning","filename":"/opt/airflow/dags/csm_pipeline.py","lineno":1,"logger":"py.warnings"}
{"timestamp":"2026-03-18T23:39:43.288262Z","level":"warning","event":"The `airflow.decorators.task` attribute is deprecated. Please use `'airflow.sdk.task'`.","category":"DeprecatedImportWarning","filename":"/opt/airflow/dags/csm_pipeline.py","lineno":1,"logger":"py.warnings"}
{"timestamp":"2026-03-18T23:39:43.288322Z","level":"warning","event":"The `airflow.utils.trigger_rule.TriggerRule` attribute is deprecated. Please use `'airflow.task.trigger_rule.TriggerRule'`.","category":"DeprecatedImportWarning","filename":"/opt/airflow/dags/csm_pipeline.py","lineno":3,"logger":"py.warnings"}
{"timestamp":"2026-03-18T23:40:14.078449Z","level":"info","event":"Filling up the DagBag from /opt/airflow/dags/csm_pipeline.py","logger":"airflow.models.dagbag.BundleDagBag","filename":"dagbag.py","lineno":593}
{"timestamp":"2026-03-18T23:40:14.873991Z","level":"warning","event":"The `airflow.decorators.dag` attribute is deprecated. Please use `'airflow.sdk.dag'`.","category":"DeprecatedImportWarning","filename":"/opt/airflow/dags/csm_pipeline.py","lineno":1,"logger":"py.warnings"}
{"timestamp":"2026-03-18T23:40:14.874276Z","level":"warning","event":"The `airflow.decorators.task` attribute is deprecated. Please use `'airflow.sdk.task'`.","category":"DeprecatedImportWarning","filename":"/opt/airflow/dags/csm_pipeline.py","lineno":1,"logger":"py.warnings"}
{"timestamp":"2026-03-18T23:40:14.874411Z","level":"warning","event":"The `airflow.utils.trigger_rule.TriggerRule` attribute is deprecated. Please use `'airflow.task.trigger_rule.TriggerRule'`.","category":"DeprecatedImportWarning","filename":"/opt/airflow/dags/csm_pipeline.py","lineno":3,"logger":"py.warnings"}
{"timestamp":"2026-03-18T23:40:46.027490Z","level":"info","event":"Filling up the DagBag from /opt/airflow/dags/csm_pipeline.py","logger":"airflow.models.dagbag.BundleDagBag","filename":"dagbag.py","lineno":593}
{"timestamp":"2026-03-18T23:40:46.574807Z","level":"warning","event":"The `airflow.decorators.dag` attribute is deprecated. Please use `'airflow.sdk.dag'`.","category":"DeprecatedImportWarning","filename":"/opt/airflow/dags/csm_pipeline.py","lineno":1,"logger":"py.warnings"}
{"timestamp":"2026-03-18T23:40:46.575060Z","level":"warning","event":"The `airflow.decorators.task` attribute is deprecated. Please use `'airflow.sdk.task'`.","category":"DeprecatedImportWarning","filename":"/opt/airflow/dags/csm_pipeline.py","lineno":1,"logger":"py.warnings"}
{"timestamp":"2026-03-18T23:40:46.575145Z","level":"warning","event":"The `airflow.utils.trigger_rule.TriggerRule` attribute is deprecated. Please use `'airflow.task.trigger_rule.TriggerRule'`.","category":"DeprecatedImportWarning","filename":"/opt/airflow/dags/csm_pipeline.py","lineno":3,"logger":"py.warnings"}
{"timestamp":"2026-03-18T23:41:17.435094Z","level":"info","event":"Filling up the DagBag from /opt/airflow/dags/csm_pipeline.py","logger":"airflow.models.dagbag.BundleDagBag","filename":"dagbag.py","lineno":593}
{"timestamp":"2026-03-18T23:41:17.944781Z","level":"warning","event":"The `airflow.decorators.dag` attribute is deprecated. Please use `'airflow.sdk.dag'`.","category":"DeprecatedImportWarning","filename":"/opt/airflow/dags/csm_pipeline.py","lineno":1,"logger":"py.warnings"}
{"timestamp":"2026-03-18T23:41:17.944978Z","level":"warning","event":"The `airflow.decorators.task` attribute is deprecated. Please use `'airflow.sdk.task'`.","category":"DeprecatedImportWarning","filename":"/opt/airflow/dags/csm_pipeline.py","lineno":1,"logger":"py.warnings"}
{"timestamp":"2026-03-18T23:41:17.945048Z","level":"warning","event":"The `airflow.utils.trigger_rule.TriggerRule` attribute is deprecated. Please use `'airflow.task.trigger_rule.TriggerRule'`.","category":"DeprecatedImportWarning","filename":"/opt/airflow/dags/csm_pipeline.py","lineno":3,"logger":"py.warnings"}
{"timestamp":"2026-03-18T23:41:48.626982Z","level":"info","event":"Filling up the DagBag from /opt/airflow/dags/csm_pipeline.py","logger":"airflow.models.dagbag.BundleDagBag","filename":"dagbag.py","lineno":593}
{"timestamp":"2026-03-18T23:41:48.951853Z","level":"warning","event":"The `airflow.decorators.dag` attribute is deprecated. Please use `'airflow.sdk.dag'`.","category":"DeprecatedImportWarning","filename":"/opt/airflow/dags/csm_pipeline.py","lineno":1,"logger":"py.warnings"}
{"timestamp":"2026-03-18T23:41:48.952110Z","level":"warning","event":"The `airflow.decorators.task` attribute is deprecated. Please use `'airflow.sdk.task'`.","category":"DeprecatedImportWarning","filename":"/opt/airflow/dags/csm_pipeline.py","lineno":1,"logger":"py.warnings"}
{"timestamp":"2026-03-18T23:41:48.952186Z","level":"warning","event":"The `airflow.utils.trigger_rule.TriggerRule` attribute is deprecated. Please use `'airflow.task.trigger_rule.TriggerRule'`.","category":"DeprecatedImportWarning","filename":"/opt/airflow/dags/csm_pipeline.py","lineno":3,"logger":"py.warnings"}
{"timestamp":"2026-03-18T23:42:19.554375Z","level":"info","event":"Filling up the DagBag from /opt/airflow/dags/csm_pipeline.py","logger":"airflow.models.dagbag.BundleDagBag","filename":"dagbag.py","lineno":593}
{"timestamp":"2026-03-18T23:42:19.953525Z","level":"warning","event":"The `airflow.decorators.dag` attribute is deprecated. Please use `'airflow.sdk.dag'`.","category":"DeprecatedImportWarning","filename":"/opt/airflow/dags/csm_pipeline.py","lineno":1,"logger":"py.warnings"}
{"timestamp":"2026-03-18T23:42:19.953719Z","level":"warning","event":"The `airflow.decorators.task` attribute is deprecated. Please use `'airflow.sdk.task'`.","category":"DeprecatedImportWarning","filename":"/opt/airflow/dags/csm_pipeline.py","lineno":1,"logger":"py.warnings"}
{"timestamp":"2026-03-18T23:42:19.953772Z","level":"warning","event":"The `airflow.utils.trigger_rule.TriggerRule` attribute is deprecated. Please use `'airflow.task.trigger_rule.TriggerRule'`.","category":"DeprecatedImportWarning","filename":"/opt/airflow/dags/csm_pipeline.py","lineno":3,"logger":"py.warnings"}
{"timestamp":"2026-03-18T23:42:50.724742Z","level":"info","event":"Filling up the DagBag from /opt/airflow/dags/csm_pipeline.py","logger":"airflow.models.dagbag.BundleDagBag","filename":"dagbag.py","lineno":593}
{"timestamp":"2026-03-18T23:42:51.222847Z","level":"warning","event":"The `airflow.decorators.dag` attribute is deprecated. Please use `'airflow.sdk.dag'`.","category":"DeprecatedImportWarning","filename":"/opt/airflow/dags/csm_pipeline.py","lineno":1,"logger":"py.warnings"}
{"timestamp":"2026-03-18T23:42:51.223034Z","level":"warning","event":"The `airflow.decorators.task` attribute is deprecated. Please use `'airflow.sdk.task'`.","category":"DeprecatedImportWarning","filename":"/opt/airflow/dags/csm_pipeline.py","lineno":1,"logger":"py.warnings"}
{"timestamp":"2026-03-18T23:42:51.223087Z","level":"warning","event":"The `airflow.utils.trigger_rule.TriggerRule` attribute is deprecated. Please use `'airflow.task.trigger_rule.TriggerRule'`.","category":"DeprecatedImportWarning","filename":"/opt/airflow/dags/csm_pipeline.py","lineno":3,"logger":"py.warnings"}
{"timestamp":"2026-03-18T23:43:21.433199Z","level":"info","event":"Filling up the DagBag from /opt/airflow/dags/csm_pipeline.py","logger":"airflow.models.dagbag.BundleDagBag","filename":"dagbag.py","lineno":593}
{"timestamp":"2026-03-18T23:43:21.884668Z","level":"warning","event":"The `airflow.decorators.dag` attribute is deprecated. Please use `'airflow.sdk.dag'`.","category":"DeprecatedImportWarning","filename":"/opt/airflow/dags/csm_pipeline.py","lineno":1,"logger":"py.warnings"}
{"timestamp":"2026-03-18T23:43:21.884836Z","level":"warning","event":"The `airflow.decorators.task` attribute is deprecated. Please use `'airflow.sdk.task'`.","category":"DeprecatedImportWarning","filename":"/opt/airflow/dags/csm_pipeline.py","lineno":1,"logger":"py.warnings"}
{"timestamp":"2026-03-18T23:43:21.884884Z","level":"warning","event":"The `airflow.utils.trigger_rule.TriggerRule` attribute is deprecated. Please use `'airflow.task.trigger_rule.TriggerRule'`.","category":"DeprecatedImportWarning","filename":"/opt/airflow/dags/csm_pipeline.py","lineno":3,"logger":"py.warnings"}
{"timestamp":"2026-03-18T23:43:52.734956Z","level":"info","event":"Filling up the DagBag from /opt/airflow/dags/csm_pipeline.py","logger":"airflow.models.dagbag.BundleDagBag","filename":"dagbag.py","lineno":593}
{"timestamp":"2026-03-18T23:43:53.170787Z","level":"warning","event":"The `airflow.decorators.dag` attribute is deprecated. Please use `'airflow.sdk.dag'`.","category":"DeprecatedImportWarning","filename":"/opt/airflow/dags/csm_pipeline.py","lineno":1,"logger":"py.warnings"}
{"timestamp":"2026-03-18T23:43:53.171166Z","level":"warning","event":"The `airflow.decorators.task` attribute is deprecated. Please use `'airflow.sdk.task'`.","category":"DeprecatedImportWarning","filename":"/opt/airflow/dags/csm_pipeline.py","lineno":1,"logger":"py.warnings"}
{"timestamp":"2026-03-18T23:43:53.171398Z","level":"warning","event":"The `airflow.utils.trigger_rule.TriggerRule` attribute is deprecated. Please use `'airflow.task.trigger_rule.TriggerRule'`.","category":"DeprecatedImportWarning","filename":"/opt/airflow/dags/csm_pipeline.py","lineno":3,"logger":"py.warnings"}
{"timestamp":"2026-03-18T23:44:23.420972Z","level":"info","event":"Filling up the DagBag from /opt/airflow/dags/csm_pipeline.py","logger":"airflow.models.dagbag.BundleDagBag","filename":"dagbag.py","lineno":593}
{"timestamp":"2026-03-18T23:44:23.900668Z","level":"warning","event":"The `airflow.decorators.dag` attribute is deprecated. Please use `'airflow.sdk.dag'`.","category":"DeprecatedImportWarning","filename":"/opt/airflow/dags/csm_pipeline.py","lineno":1,"logger":"py.warnings"}
{"timestamp":"2026-03-18T23:44:23.900816Z","level":"warning","event":"The `airflow.decorators.task` attribute is deprecated. Please use `'airflow.sdk.task'`.","category":"DeprecatedImportWarning","filename":"/opt/airflow/dags/csm_pipeline.py","lineno":1,"logger":"py.warnings"}
{"timestamp":"2026-03-18T23:44:23.900870Z","level":"warning","event":"The `airflow.utils.trigger_rule.TriggerRule` attribute is deprecated. Please use `'airflow.task.trigger_rule.TriggerRule'`.","category":"DeprecatedImportWarning","filename":"/opt/airflow/dags/csm_pipeline.py","lineno":3,"logger":"py.warnings"}
{"timestamp":"2026-03-18T23:44:54.236841Z","level":"info","event":"Filling up the DagBag from /opt/airflow/dags/csm_pipeline.py","logger":"airflow.models.dagbag.BundleDagBag","filename":"dagbag.py","lineno":593}
{"timestamp":"2026-03-18T23:44:54.765180Z","level":"warning","event":"The `airflow.decorators.dag` attribute is deprecated. Please use `'airflow.sdk.dag'`.","category":"DeprecatedImportWarning","filename":"/opt/airflow/dags/csm_pipeline.py","lineno":1,"logger":"py.warnings"}
{"timestamp":"2026-03-18T23:44:54.765371Z","level":"warning","event":"The `airflow.decorators.task` attribute is deprecated. Please use `'airflow.sdk.task'`.","category":"DeprecatedImportWarning","filename":"/opt/airflow/dags/csm_pipeline.py","lineno":1,"logger":"py.warnings"}
{"timestamp":"2026-03-18T23:44:54.765431Z","level":"warning","event":"The `airflow.utils.trigger_rule.TriggerRule` attribute is deprecated. Please use `'airflow.task.trigger_rule.TriggerRule'`.","category":"DeprecatedImportWarning","filename":"/opt/airflow/dags/csm_pipeline.py","lineno":3,"logger":"py.warnings"}
{"timestamp":"2026-03-18T23:45:24.919509Z","level":"info","event":"Filling up the DagBag from /opt/airflow/dags/csm_pipeline.py","logger":"airflow.models.dagbag.BundleDagBag","filename":"dagbag.py","lineno":593}
{"timestamp":"2026-03-18T23:45:25.359483Z","level":"warning","event":"The `airflow.decorators.dag` attribute is deprecated. Please use `'airflow.sdk.dag'`.","category":"DeprecatedImportWarning","filename":"/opt/airflow/dags/csm_pipeline.py","lineno":1,"logger":"py.warnings"}
{"timestamp":"2026-03-18T23:45:25.359650Z","level":"warning","event":"The `airflow.decorators.task` attribute is deprecated. Please use `'airflow.sdk.task'`.","category":"DeprecatedImportWarning","filename":"/opt/airflow/dags/csm_pipeline.py","lineno":1,"logger":"py.warnings"}
{"timestamp":"2026-03-18T23:45:25.359699Z","level":"warning","event":"The `airflow.utils.trigger_rule.TriggerRule` attribute is deprecated. Please use `'airflow.task.trigger_rule.TriggerRule'`.","category":"DeprecatedImportWarning","filename":"/opt/airflow/dags/csm_pipeline.py","lineno":3,"logger":"py.warnings"}
{"timestamp":"2026-03-18T23:45:55.548503Z","level":"info","event":"Filling up the DagBag from /opt/airflow/dags/csm_pipeline.py","logger":"airflow.models.dagbag.BundleDagBag","filename":"dagbag.py","lineno":593}
{"timestamp":"2026-03-18T23:45:55.947260Z","level":"warning","event":"The `airflow.decorators.dag` attribute is deprecated. Please use `'airflow.sdk.dag'`.","category":"DeprecatedImportWarning","filename":"/opt/airflow/dags/csm_pipeline.py","lineno":1,"logger":"py.warnings"}
{"timestamp":"2026-03-18T23:45:55.947399Z","level":"warning","event":"The `airflow.decorators.task` attribute is deprecated. Please use `'airflow.sdk.task'`.","category":"DeprecatedImportWarning","filename":"/opt/airflow/dags/csm_pipeline.py","lineno":1,"logger":"py.warnings"}
{"timestamp":"2026-03-18T23:45:55.947446Z","level":"warning","event":"The `airflow.utils.trigger_rule.TriggerRule` attribute is deprecated. Please use `'airflow.task.trigger_rule.TriggerRule'`.","category":"DeprecatedImportWarning","filename":"/opt/airflow/dags/csm_pipeline.py","lineno":3,"logger":"py.warnings"}
{"timestamp":"2026-03-18T23:46:26.115633Z","level":"info","event":"Filling up the DagBag from /opt/airflow/dags/csm_pipeline.py","logger":"airflow.models.dagbag.BundleDagBag","filename":"dagbag.py","lineno":593}
{"timestamp":"2026-03-18T23:46:26.547206Z","level":"warning","event":"The `airflow.decorators.dag` attribute is deprecated. Please use `'airflow.sdk.dag'`.","category":"DeprecatedImportWarning","filename":"/opt/airflow/dags/csm_pipeline.py","lineno":1,"logger":"py.warnings"}
{"timestamp":"2026-03-18T23:46:26.547355Z","level":"warning","event":"The `airflow.decorators.task` attribute is deprecated. Please use `'airflow.sdk.task'`.","category":"DeprecatedImportWarning","filename":"/opt/airflow/dags/csm_pipeline.py","lineno":1,"logger":"py.warnings"}
{"timestamp":"2026-03-18T23:46:26.547406Z","level":"warning","event":"The `airflow.utils.trigger_rule.TriggerRule` attribute is deprecated. Please use `'airflow.task.trigger_rule.TriggerRule'`.","category":"DeprecatedImportWarning","filename":"/opt/airflow/dags/csm_pipeline.py","lineno":3,"logger":"py.warnings"}
{"timestamp":"2026-03-18T23:46:57.302022Z","level":"info","event":"Filling up the DagBag from /opt/airflow/dags/csm_pipeline.py","logger":"airflow.models.dagbag.BundleDagBag","filename":"dagbag.py","lineno":593}
{"timestamp":"2026-03-18T23:46:57.737891Z","level":"warning","event":"The `airflow.decorators.dag` attribute is deprecated. Please use `'airflow.sdk.dag'`.","category":"DeprecatedImportWarning","filename":"/opt/airflow/dags/csm_pipeline.py","lineno":1,"logger":"py.warnings"}
{"timestamp":"2026-03-18T23:46:57.738094Z","level":"warning","event":"The `airflow.decorators.task` attribute is deprecated. Please use `'airflow.sdk.task'`.","category":"DeprecatedImportWarning","filename":"/opt/airflow/dags/csm_pipeline.py","lineno":1,"logger":"py.warnings"}
{"timestamp":"2026-03-18T23:46:57.738145Z","level":"warning","event":"The `airflow.utils.trigger_rule.TriggerRule` attribute is deprecated. Please use `'airflow.task.trigger_rule.TriggerRule'`.","category":"DeprecatedImportWarning","filename":"/opt/airflow/dags/csm_pipeline.py","lineno":3,"logger":"py.warnings"}
{"timestamp":"2026-03-18T23:47:28.441844Z","level":"info","event":"Filling up the DagBag from /opt/airflow/dags/csm_pipeline.py","logger":"airflow.models.dagbag.BundleDagBag","filename":"dagbag.py","lineno":593}
{"timestamp":"2026-03-18T23:47:28.955884Z","level":"warning","event":"The `airflow.decorators.dag` attribute is deprecated. Please use `'airflow.sdk.dag'`.","category":"DeprecatedImportWarning","filename":"/opt/airflow/dags/csm_pipeline.py","lineno":1,"logger":"py.warnings"}
{"timestamp":"2026-03-18T23:47:28.956278Z","level":"warning","event":"The `airflow.decorators.task` attribute is deprecated. Please use `'airflow.sdk.task'`.","category":"DeprecatedImportWarning","filename":"/opt/airflow/dags/csm_pipeline.py","lineno":1,"logger":"py.warnings"}
{"timestamp":"2026-03-18T23:47:28.956684Z","level":"warning","event":"The `airflow.utils.trigger_rule.TriggerRule` attribute is deprecated. Please use `'airflow.task.trigger_rule.TriggerRule'`.","category":"DeprecatedImportWarning","filename":"/opt/airflow/dags/csm_pipeline.py","lineno":3,"logger":"py.warnings"}
{"timestamp":"2026-03-18T23:47:59.833558Z","level":"info","event":"Filling up the DagBag from /opt/airflow/dags/csm_pipeline.py","logger":"airflow.models.dagbag.BundleDagBag","filename":"dagbag.py","lineno":593}
{"timestamp":"2026-03-18T23:48:00.610873Z","level":"warning","event":"The `airflow.decorators.dag` attribute is deprecated. Please use `'airflow.sdk.dag'`.","category":"DeprecatedImportWarning","filename":"/opt/airflow/dags/csm_pipeline.py","lineno":1,"logger":"py.warnings"}
{"timestamp":"2026-03-18T23:48:00.611111Z","level":"warning","event":"The `airflow.decorators.task` attribute is deprecated. Please use `'airflow.sdk.task'`.","category":"DeprecatedImportWarning","filename":"/opt/airflow/dags/csm_pipeline.py","lineno":1,"logger":"py.warnings"}
{"timestamp":"2026-03-18T23:48:00.611201Z","level":"warning","event":"The `airflow.utils.trigger_rule.TriggerRule` attribute is deprecated. Please use `'airflow.task.trigger_rule.TriggerRule'`.","category":"DeprecatedImportWarning","filename":"/opt/airflow/dags/csm_pipeline.py","lineno":3,"logger":"py.warnings"}
{"timestamp":"2026-03-18T23:48:30.918951Z","level":"info","event":"Filling up the DagBag from /opt/airflow/dags/csm_pipeline.py","logger":"airflow.models.dagbag.BundleDagBag","filename":"dagbag.py","lineno":593}
{"timestamp":"2026-03-18T23:48:31.426416Z","level":"warning","event":"The `airflow.decorators.dag` attribute is deprecated. Please use `'airflow.sdk.dag'`.","category":"DeprecatedImportWarning","filename":"/opt/airflow/dags/csm_pipeline.py","lineno":1,"logger":"py.warnings"}
{"timestamp":"2026-03-18T23:48:31.426610Z","level":"warning","event":"The `airflow.decorators.task` attribute is deprecated. Please use `'airflow.sdk.task'`.","category":"DeprecatedImportWarning","filename":"/opt/airflow/dags/csm_pipeline.py","lineno":1,"logger":"py.warnings"}
{"timestamp":"2026-03-18T23:48:31.426919Z","level":"warning","event":"The `airflow.utils.trigger_rule.TriggerRule` attribute is deprecated. Please use `'airflow.task.trigger_rule.TriggerRule'`.","category":"DeprecatedImportWarning","filename":"/opt/airflow/dags/csm_pipeline.py","lineno":3,"logger":"py.warnings"}
{"timestamp":"2026-03-18T23:49:02.308555Z","level":"info","event":"Filling up the DagBag from /opt/airflow/dags/csm_pipeline.py","logger":"airflow.models.dagbag.BundleDagBag","filename":"dagbag.py","lineno":593}
{"timestamp":"2026-03-18T23:49:02.879432Z","level":"warning","event":"The `airflow.decorators.dag` attribute is deprecated. Please use `'airflow.sdk.dag'`.","category":"DeprecatedImportWarning","filename":"/opt/airflow/dags/csm_pipeline.py","lineno":1,"logger":"py.warnings"}
{"timestamp":"2026-03-18T23:49:02.879642Z","level":"warning","event":"The `airflow.decorators.task` attribute is deprecated. Please use `'airflow.sdk.task'`.","category":"DeprecatedImportWarning","filename":"/opt/airflow/dags/csm_pipeline.py","lineno":1,"logger":"py.warnings"}
{"timestamp":"2026-03-18T23:49:02.879729Z","level":"warning","event":"The `airflow.utils.trigger_rule.TriggerRule` attribute is deprecated. Please use `'airflow.task.trigger_rule.TriggerRule'`.","category":"DeprecatedImportWarning","filename":"/opt/airflow/dags/csm_pipeline.py","lineno":3,"logger":"py.warnings"}
{"timestamp":"2026-03-18T23:49:33.035293Z","level":"info","event":"Filling up the DagBag from /opt/airflow/dags/csm_pipeline.py","logger":"airflow.models.dagbag.BundleDagBag","filename":"dagbag.py","lineno":593}
{"timestamp":"2026-03-18T23:49:33.597065Z","level":"warning","event":"The `airflow.decorators.dag` attribute is deprecated. Please use `'airflow.sdk.dag'`.","category":"DeprecatedImportWarning","filename":"/opt/airflow/dags/csm_pipeline.py","lineno":1,"logger":"py.warnings"}
{"timestamp":"2026-03-18T23:49:33.597330Z","level":"warning","event":"The `airflow.decorators.task` attribute is deprecated. Please use `'airflow.sdk.task'`.","category":"DeprecatedImportWarning","filename":"/opt/airflow/dags/csm_pipeline.py","lineno":1,"logger":"py.warnings"}
{"timestamp":"2026-03-18T23:49:33.597400Z","level":"warning","event":"The `airflow.utils.trigger_rule.TriggerRule` attribute is deprecated. Please use `'airflow.task.trigger_rule.TriggerRule'`.","category":"DeprecatedImportWarning","filename":"/opt/airflow/dags/csm_pipeline.py","lineno":3,"logger":"py.warnings"}
{"timestamp":"2026-03-18T23:50:04.582472Z","level":"info","event":"Filling up the DagBag from /opt/airflow/dags/csm_pipeline.py","logger":"airflow.models.dagbag.BundleDagBag","filename":"dagbag.py","lineno":593}
{"timestamp":"2026-03-18T23:50:05.034709Z","level":"warning","event":"The `airflow.decorators.dag` attribute is deprecated. Please use `'airflow.sdk.dag'`.","category":"DeprecatedImportWarning","filename":"/opt/airflow/dags/csm_pipeline.py","lineno":1,"logger":"py.warnings"}
{"timestamp":"2026-03-18T23:50:05.034866Z","level":"warning","event":"The `airflow.decorators.task` attribute is deprecated. Please use `'airflow.sdk.task'`.","category":"DeprecatedImportWarning","filename":"/opt/airflow/dags/csm_pipeline.py","lineno":1,"logger":"py.warnings"}
{"timestamp":"2026-03-18T23:50:05.034917Z","level":"warning","event":"The `airflow.utils.trigger_rule.TriggerRule` attribute is deprecated. Please use `'airflow.task.trigger_rule.TriggerRule'`.","category":"DeprecatedImportWarning","filename":"/opt/airflow/dags/csm_pipeline.py","lineno":3,"logger":"py.warnings"}
{"timestamp":"2026-03-18T23:50:35.720435Z","level":"info","event":"Filling up the DagBag from /opt/airflow/dags/csm_pipeline.py","logger":"airflow.models.dagbag.BundleDagBag","filename":"dagbag.py","lineno":593}
{"timestamp":"2026-03-18T23:50:36.249135Z","level":"warning","event":"The `airflow.decorators.dag` attribute is deprecated. Please use `'airflow.sdk.dag'`.","category":"DeprecatedImportWarning","filename":"/opt/airflow/dags/csm_pipeline.py","lineno":1,"logger":"py.warnings"}
{"timestamp":"2026-03-18T23:50:36.249296Z","level":"warning","event":"The `airflow.decorators.task` attribute is deprecated. Please use `'airflow.sdk.task'`.","category":"DeprecatedImportWarning","filename":"/opt/airflow/dags/csm_pipeline.py","lineno":1,"logger":"py.warnings"}
{"timestamp":"2026-03-18T23:50:36.249351Z","level":"warning","event":"The `airflow.utils.trigger_rule.TriggerRule` attribute is deprecated. Please use `'airflow.task.trigger_rule.TriggerRule'`.","category":"DeprecatedImportWarning","filename":"/opt/airflow/dags/csm_pipeline.py","lineno":3,"logger":"py.warnings"}
{"timestamp":"2026-03-18T23:51:07.185452Z","level":"info","event":"Filling up the DagBag from /opt/airflow/dags/csm_pipeline.py","logger":"airflow.models.dagbag.BundleDagBag","filename":"dagbag.py","lineno":593}
{"timestamp":"2026-03-18T23:51:07.565035Z","level":"warning","event":"The `airflow.decorators.dag` attribute is deprecated. Please use `'airflow.sdk.dag'`.","category":"DeprecatedImportWarning","filename":"/opt/airflow/dags/csm_pipeline.py","lineno":1,"logger":"py.warnings"}
{"timestamp":"2026-03-18T23:51:07.565220Z","level":"warning","event":"The `airflow.decorators.task` attribute is deprecated. Please use `'airflow.sdk.task'`.","category":"DeprecatedImportWarning","filename":"/opt/airflow/dags/csm_pipeline.py","lineno":1,"logger":"py.warnings"}
{"timestamp":"2026-03-18T23:51:07.565272Z","level":"warning","event":"The `airflow.utils.trigger_rule.TriggerRule` attribute is deprecated. Please use `'airflow.task.trigger_rule.TriggerRule'`.","category":"DeprecatedImportWarning","filename":"/opt/airflow/dags/csm_pipeline.py","lineno":3,"logger":"py.warnings"}
{"timestamp":"2026-03-18T23:51:38.195744Z","level":"info","event":"Filling up the DagBag from /opt/airflow/dags/csm_pipeline.py","logger":"airflow.models.dagbag.BundleDagBag","filename":"dagbag.py","lineno":593}
{"timestamp":"2026-03-18T23:51:38.543258Z","level":"warning","event":"The `airflow.decorators.dag` attribute is deprecated. Please use `'airflow.sdk.dag'`.","category":"DeprecatedImportWarning","filename":"/opt/airflow/dags/csm_pipeline.py","lineno":1,"logger":"py.warnings"}
{"timestamp":"2026-03-18T23:51:38.543424Z","level":"warning","event":"The `airflow.decorators.task` attribute is deprecated. Please use `'airflow.sdk.task'`.","category":"DeprecatedImportWarning","filename":"/opt/airflow/dags/csm_pipeline.py","lineno":1,"logger":"py.warnings"}
{"timestamp":"2026-03-18T23:51:38.543477Z","level":"warning","event":"The `airflow.utils.trigger_rule.TriggerRule` attribute is deprecated. Please use `'airflow.task.trigger_rule.TriggerRule'`.","category":"DeprecatedImportWarning","filename":"/opt/airflow/dags/csm_pipeline.py","lineno":3,"logger":"py.warnings"}
{"timestamp":"2026-03-18T23:52:09.532325Z","level":"info","event":"Filling up the DagBag from /opt/airflow/dags/csm_pipeline.py","logger":"airflow.models.dagbag.BundleDagBag","filename":"dagbag.py","lineno":593}
{"timestamp":"2026-03-18T23:52:09.889257Z","level":"warning","event":"The `airflow.decorators.dag` attribute is deprecated. Please use `'airflow.sdk.dag'`.","category":"DeprecatedImportWarning","filename":"/opt/airflow/dags/csm_pipeline.py","lineno":1,"logger":"py.warnings"}
{"timestamp":"2026-03-18T23:52:09.889419Z","level":"warning","event":"The `airflow.decorators.task` attribute is deprecated. Please use `'airflow.sdk.task'`.","category":"DeprecatedImportWarning","filename":"/opt/airflow/dags/csm_pipeline.py","lineno":1,"logger":"py.warnings"}
{"timestamp":"2026-03-18T23:52:09.889477Z","level":"warning","event":"The `airflow.utils.trigger_rule.TriggerRule` attribute is deprecated. Please use `'airflow.task.trigger_rule.TriggerRule'`.","category":"DeprecatedImportWarning","filename":"/opt/airflow/dags/csm_pipeline.py","lineno":3,"logger":"py.warnings"}
{"timestamp":"2026-03-18T23:52:40.090901Z","level":"info","event":"Filling up the DagBag from /opt/airflow/dags/csm_pipeline.py","logger":"airflow.models.dagbag.BundleDagBag","filename":"dagbag.py","lineno":593}
{"timestamp":"2026-03-18T23:52:40.501219Z","level":"warning","event":"The `airflow.decorators.dag` attribute is deprecated. Please use `'airflow.sdk.dag'`.","category":"DeprecatedImportWarning","filename":"/opt/airflow/dags/csm_pipeline.py","lineno":1,"logger":"py.warnings"}
{"timestamp":"2026-03-18T23:52:40.501385Z","level":"warning","event":"The `airflow.decorators.task` attribute is deprecated. Please use `'airflow.sdk.task'`.","category":"DeprecatedImportWarning","filename":"/opt/airflow/dags/csm_pipeline.py","lineno":1,"logger":"py.warnings"}
{"timestamp":"2026-03-18T23:52:40.501447Z","level":"warning","event":"The `airflow.utils.trigger_rule.TriggerRule` attribute is deprecated. Please use `'airflow.task.trigger_rule.TriggerRule'`.","category":"DeprecatedImportWarning","filename":"/opt/airflow/dags/csm_pipeline.py","lineno":3,"logger":"py.warnings"}
{"timestamp":"2026-03-18T23:53:11.384770Z","level":"info","event":"Filling up the DagBag from /opt/airflow/dags/csm_pipeline.py","logger":"airflow.models.dagbag.BundleDagBag","filename":"dagbag.py","lineno":593}
{"timestamp":"2026-03-18T23:53:11.908558Z","level":"warning","event":"The `airflow.decorators.dag` attribute is deprecated. Please use `'airflow.sdk.dag'`.","category":"DeprecatedImportWarning","filename":"/opt/airflow/dags/csm_pipeline.py","lineno":1,"logger":"py.warnings"}
{"timestamp":"2026-03-18T23:53:11.908716Z","level":"warning","event":"The `airflow.decorators.task` attribute is deprecated. Please use `'airflow.sdk.task'`.","category":"DeprecatedImportWarning","filename":"/opt/airflow/dags/csm_pipeline.py","lineno":1,"logger":"py.warnings"}
{"timestamp":"2026-03-18T23:53:11.908779Z","level":"warning","event":"The `airflow.utils.trigger_rule.TriggerRule` attribute is deprecated. Please use `'airflow.task.trigger_rule.TriggerRule'`.","category":"DeprecatedImportWarning","filename":"/opt/airflow/dags/csm_pipeline.py","lineno":3,"logger":"py.warnings"}
{"timestamp":"2026-03-18T23:53:42.748486Z","level":"info","event":"Filling up the DagBag from /opt/airflow/dags/csm_pipeline.py","logger":"airflow.models.dagbag.BundleDagBag","filename":"dagbag.py","lineno":593}
{"timestamp":"2026-03-18T23:53:43.260087Z","level":"warning","event":"The `airflow.decorators.dag` attribute is deprecated. Please use `'airflow.sdk.dag'`.","category":"DeprecatedImportWarning","filename":"/opt/airflow/dags/csm_pipeline.py","lineno":1,"logger":"py.warnings"}
{"timestamp":"2026-03-18T23:53:43.260259Z","level":"warning","event":"The `airflow.decorators.task` attribute is deprecated. Please use `'airflow.sdk.task'`.","category":"DeprecatedImportWarning","filename":"/opt/airflow/dags/csm_pipeline.py","lineno":1,"logger":"py.warnings"}
{"timestamp":"2026-03-18T23:53:43.260317Z","level":"warning","event":"The `airflow.utils.trigger_rule.TriggerRule` attribute is deprecated. Please use `'airflow.task.trigger_rule.TriggerRule'`.","category":"DeprecatedImportWarning","filename":"/opt/airflow/dags/csm_pipeline.py","lineno":3,"logger":"py.warnings"}
{"timestamp":"2026-03-18T23:54:14.068467Z","level":"info","event":"Filling up the DagBag from /opt/airflow/dags/csm_pipeline.py","logger":"airflow.models.dagbag.BundleDagBag","filename":"dagbag.py","lineno":593}
{"timestamp":"2026-03-18T23:54:14.683349Z","level":"warning","event":"The `airflow.decorators.dag` attribute is deprecated. Please use `'airflow.sdk.dag'`.","category":"DeprecatedImportWarning","filename":"/opt/airflow/dags/csm_pipeline.py","lineno":1,"logger":"py.warnings"}
{"timestamp":"2026-03-18T23:54:14.683565Z","level":"warning","event":"The `airflow.decorators.task` attribute is deprecated. Please use `'airflow.sdk.task'`.","category":"DeprecatedImportWarning","filename":"/opt/airflow/dags/csm_pipeline.py","lineno":1,"logger":"py.warnings"}
{"timestamp":"2026-03-18T23:54:14.683628Z","level":"warning","event":"The `airflow.utils.trigger_rule.TriggerRule` attribute is deprecated. Please use `'airflow.task.trigger_rule.TriggerRule'`.","category":"DeprecatedImportWarning","filename":"/opt/airflow/dags/csm_pipeline.py","lineno":3,"logger":"py.warnings"}
{"timestamp":"2026-03-18T23:54:45.337556Z","level":"info","event":"Filling up the DagBag from /opt/airflow/dags/csm_pipeline.py","logger":"airflow.models.dagbag.BundleDagBag","filename":"dagbag.py","lineno":593}
{"timestamp":"2026-03-18T23:54:45.888918Z","level":"warning","event":"The `airflow.decorators.dag` attribute is deprecated. Please use `'airflow.sdk.dag'`.","category":"DeprecatedImportWarning","filename":"/opt/airflow/dags/csm_pipeline.py","lineno":1,"logger":"py.warnings"}
{"timestamp":"2026-03-18T23:54:45.889084Z","level":"warning","event":"The `airflow.decorators.task` attribute is deprecated. Please use `'airflow.sdk.task'`.","category":"DeprecatedImportWarning","filename":"/opt/airflow/dags/csm_pipeline.py","lineno":1,"logger":"py.warnings"}
{"timestamp":"2026-03-18T23:54:45.889139Z","level":"warning","event":"The `airflow.utils.trigger_rule.TriggerRule` attribute is deprecated. Please use `'airflow.task.trigger_rule.TriggerRule'`.","category":"DeprecatedImportWarning","filename":"/opt/airflow/dags/csm_pipeline.py","lineno":3,"logger":"py.warnings"}
{"timestamp":"2026-03-18T23:55:16.683414Z","level":"info","event":"Filling up the DagBag from /opt/airflow/dags/csm_pipeline.py","logger":"airflow.models.dagbag.BundleDagBag","filename":"dagbag.py","lineno":593}
{"timestamp":"2026-03-18T23:55:17.166206Z","level":"warning","event":"The `airflow.decorators.dag` attribute is deprecated. Please use `'airflow.sdk.dag'`.","category":"DeprecatedImportWarning","filename":"/opt/airflow/dags/csm_pipeline.py","lineno":1,"logger":"py.warnings"}
{"timestamp":"2026-03-18T23:55:17.166430Z","level":"warning","event":"The `airflow.decorators.task` attribute is deprecated. Please use `'airflow.sdk.task'`.","category":"DeprecatedImportWarning","filename":"/opt/airflow/dags/csm_pipeline.py","lineno":1,"logger":"py.warnings"}
{"timestamp":"2026-03-18T23:55:17.166487Z","level":"warning","event":"The `airflow.utils.trigger_rule.TriggerRule` attribute is deprecated. Please use `'airflow.task.trigger_rule.TriggerRule'`.","category":"DeprecatedImportWarning","filename":"/opt/airflow/dags/csm_pipeline.py","lineno":3,"logger":"py.warnings"}
{"timestamp":"2026-03-18T23:55:48.302167Z","level":"info","event":"Filling up the DagBag from /opt/airflow/dags/csm_pipeline.py","logger":"airflow.models.dagbag.BundleDagBag","filename":"dagbag.py","lineno":593}
{"timestamp":"2026-03-18T23:55:48.740788Z","level":"warning","event":"The `airflow.decorators.dag` attribute is deprecated. Please use `'airflow.sdk.dag'`.","category":"DeprecatedImportWarning","filename":"/opt/airflow/dags/csm_pipeline.py","lineno":1,"logger":"py.warnings"}
{"timestamp":"2026-03-18T23:55:48.740970Z","level":"warning","event":"The `airflow.decorators.task` attribute is deprecated. Please use `'airflow.sdk.task'`.","category":"DeprecatedImportWarning","filename":"/opt/airflow/dags/csm_pipeline.py","lineno":1,"logger":"py.warnings"}
{"timestamp":"2026-03-18T23:55:48.741017Z","level":"warning","event":"The `airflow.utils.trigger_rule.TriggerRule` attribute is deprecated. Please use `'airflow.task.trigger_rule.TriggerRule'`.","category":"DeprecatedImportWarning","filename":"/opt/airflow/dags/csm_pipeline.py","lineno":3,"logger":"py.warnings"}
{"timestamp":"2026-03-18T23:56:19.106661Z","level":"info","event":"Filling up the DagBag from /opt/airflow/dags/csm_pipeline.py","logger":"airflow.models.dagbag.BundleDagBag","filename":"dagbag.py","lineno":593}
{"timestamp":"2026-03-18T23:56:19.578639Z","level":"warning","event":"The `airflow.decorators.dag` attribute is deprecated. Please use `'airflow.sdk.dag'`.","category":"DeprecatedImportWarning","filename":"/opt/airflow/dags/csm_pipeline.py","lineno":1,"logger":"py.warnings"}
{"timestamp":"2026-03-18T23:56:19.578826Z","level":"warning","event":"The `airflow.decorators.task` attribute is deprecated. Please use `'airflow.sdk.task'`.","category":"DeprecatedImportWarning","filename":"/opt/airflow/dags/csm_pipeline.py","lineno":1,"logger":"py.warnings"}
{"timestamp":"2026-03-18T23:56:19.578889Z","level":"warning","event":"The `airflow.utils.trigger_rule.TriggerRule` attribute is deprecated. Please use `'airflow.task.trigger_rule.TriggerRule'`.","category":"DeprecatedImportWarning","filename":"/opt/airflow/dags/csm_pipeline.py","lineno":3,"logger":"py.warnings"}
{"timestamp":"2026-03-18T23:56:50.527003Z","level":"info","event":"Filling up the DagBag from /opt/airflow/dags/csm_pipeline.py","logger":"airflow.models.dagbag.BundleDagBag","filename":"dagbag.py","lineno":593}
{"timestamp":"2026-03-18T23:56:51.229829Z","level":"warning","event":"The `airflow.decorators.dag` attribute is deprecated. Please use `'airflow.sdk.dag'`.","category":"DeprecatedImportWarning","filename":"/opt/airflow/dags/csm_pipeline.py","lineno":1,"logger":"py.warnings"}
{"timestamp":"2026-03-18T23:56:51.230081Z","level":"warning","event":"The `airflow.decorators.task` attribute is deprecated. Please use `'airflow.sdk.task'`.","category":"DeprecatedImportWarning","filename":"/opt/airflow/dags/csm_pipeline.py","lineno":1,"logger":"py.warnings"}
{"timestamp":"2026-03-18T23:56:51.230218Z","level":"warning","event":"The `airflow.utils.trigger_rule.TriggerRule` attribute is deprecated. Please use `'airflow.task.trigger_rule.TriggerRule'`.","category":"DeprecatedImportWarning","filename":"/opt/airflow/dags/csm_pipeline.py","lineno":3,"logger":"py.warnings"}
{"timestamp":"2026-03-18T23:57:21.496033Z","level":"info","event":"Filling up the DagBag from /opt/airflow/dags/csm_pipeline.py","logger":"airflow.models.dagbag.BundleDagBag","filename":"dagbag.py","lineno":593}
{"timestamp":"2026-03-18T23:57:21.916399Z","level":"warning","event":"The `airflow.decorators.dag` attribute is deprecated. Please use `'airflow.sdk.dag'`.","category":"DeprecatedImportWarning","filename":"/opt/airflow/dags/csm_pipeline.py","lineno":1,"logger":"py.warnings"}
{"timestamp":"2026-03-18T23:57:21.916541Z","level":"warning","event":"The `airflow.decorators.task` attribute is deprecated. Please use `'airflow.sdk.task'`.","category":"DeprecatedImportWarning","filename":"/opt/airflow/dags/csm_pipeline.py","lineno":1,"logger":"py.warnings"}
{"timestamp":"2026-03-18T23:57:21.916589Z","level":"warning","event":"The `airflow.utils.trigger_rule.TriggerRule` attribute is deprecated. Please use `'airflow.task.trigger_rule.TriggerRule'`.","category":"DeprecatedImportWarning","filename":"/opt/airflow/dags/csm_pipeline.py","lineno":3,"logger":"py.warnings"}
{"timestamp":"2026-03-18T23:57:52.692966Z","level":"info","event":"Filling up the DagBag from /opt/airflow/dags/csm_pipeline.py","logger":"airflow.models.dagbag.BundleDagBag","filename":"dagbag.py","lineno":593}
{"timestamp":"2026-03-18T23:57:53.075526Z","level":"warning","event":"The `airflow.decorators.dag` attribute is deprecated. Please use `'airflow.sdk.dag'`.","category":"DeprecatedImportWarning","filename":"/opt/airflow/dags/csm_pipeline.py","lineno":1,"logger":"py.warnings"}
{"timestamp":"2026-03-18T23:57:53.075682Z","level":"warning","event":"The `airflow.decorators.task` attribute is deprecated. Please use `'airflow.sdk.task'`.","category":"DeprecatedImportWarning","filename":"/opt/airflow/dags/csm_pipeline.py","lineno":1,"logger":"py.warnings"}
{"timestamp":"2026-03-18T23:57:53.075749Z","level":"warning","event":"The `airflow.utils.trigger_rule.TriggerRule` attribute is deprecated. Please use `'airflow.task.trigger_rule.TriggerRule'`.","category":"DeprecatedImportWarning","filename":"/opt/airflow/dags/csm_pipeline.py","lineno":3,"logger":"py.warnings"}
{"timestamp":"2026-03-18T23:58:23.878554Z","level":"info","event":"Filling up the DagBag from /opt/airflow/dags/csm_pipeline.py","logger":"airflow.models.dagbag.BundleDagBag","filename":"dagbag.py","lineno":593}
{"timestamp":"2026-03-18T23:58:24.297005Z","level":"warning","event":"The `airflow.decorators.dag` attribute is deprecated. Please use `'airflow.sdk.dag'`.","category":"DeprecatedImportWarning","filename":"/opt/airflow/dags/csm_pipeline.py","lineno":1,"logger":"py.warnings"}
{"timestamp":"2026-03-18T23:58:24.297140Z","level":"warning","event":"The `airflow.decorators.task` attribute is deprecated. Please use `'airflow.sdk.task'`.","category":"DeprecatedImportWarning","filename":"/opt/airflow/dags/csm_pipeline.py","lineno":1,"logger":"py.warnings"}
{"timestamp":"2026-03-18T23:58:24.297188Z","level":"warning","event":"The `airflow.utils.trigger_rule.TriggerRule` attribute is deprecated. Please use `'airflow.task.trigger_rule.TriggerRule'`.","category":"DeprecatedImportWarning","filename":"/opt/airflow/dags/csm_pipeline.py","lineno":3,"logger":"py.warnings"}
{"timestamp":"2026-03-18T23:58:55.280980Z","level":"info","event":"Filling up the DagBag from /opt/airflow/dags/csm_pipeline.py","logger":"airflow.models.dagbag.BundleDagBag","filename":"dagbag.py","lineno":593}
{"timestamp":"2026-03-18T23:58:55.762336Z","level":"warning","event":"The `airflow.decorators.dag` attribute is deprecated. Please use `'airflow.sdk.dag'`.","category":"DeprecatedImportWarning","filename":"/opt/airflow/dags/csm_pipeline.py","lineno":1,"logger":"py.warnings"}
{"timestamp":"2026-03-18T23:58:55.762535Z","level":"warning","event":"The `airflow.decorators.task` attribute is deprecated. Please use `'airflow.sdk.task'`.","category":"DeprecatedImportWarning","filename":"/opt/airflow/dags/csm_pipeline.py","lineno":1,"logger":"py.warnings"}
{"timestamp":"2026-03-18T23:58:55.762605Z","level":"warning","event":"The `airflow.utils.trigger_rule.TriggerRule` attribute is deprecated. Please use `'airflow.task.trigger_rule.TriggerRule'`.","category":"DeprecatedImportWarning","filename":"/opt/airflow/dags/csm_pipeline.py","lineno":3,"logger":"py.warnings"}
{"timestamp":"2026-03-18T23:59:26.483291Z","level":"info","event":"Filling up the DagBag from /opt/airflow/dags/csm_pipeline.py","logger":"airflow.models.dagbag.BundleDagBag","filename":"dagbag.py","lineno":593}
{"timestamp":"2026-03-18T23:59:26.897455Z","level":"warning","event":"The `airflow.decorators.dag` attribute is deprecated. Please use `'airflow.sdk.dag'`.","category":"DeprecatedImportWarning","filename":"/opt/airflow/dags/csm_pipeline.py","lineno":1,"logger":"py.warnings"}
{"timestamp":"2026-03-18T23:59:26.897583Z","level":"warning","event":"The `airflow.decorators.task` attribute is deprecated. Please use `'airflow.sdk.task'`.","category":"DeprecatedImportWarning","filename":"/opt/airflow/dags/csm_pipeline.py","lineno":1,"logger":"py.warnings"}
{"timestamp":"2026-03-18T23:59:26.897640Z","level":"warning","event":"The `airflow.utils.trigger_rule.TriggerRule` attribute is deprecated. Please use `'airflow.task.trigger_rule.TriggerRule'`.","category":"DeprecatedImportWarning","filename":"/opt/airflow/dags/csm_pipeline.py","lineno":3,"logger":"py.warnings"}
{"timestamp":"2026-03-18T23:59:57.728038Z","level":"info","event":"Filling up the DagBag from /opt/airflow/dags/csm_pipeline.py","logger":"airflow.models.dagbag.BundleDagBag","filename":"dagbag.py","lineno":593}
{"timestamp":"2026-03-18T23:59:58.232110Z","level":"warning","event":"The `airflow.decorators.dag` attribute is deprecated. Please use `'airflow.sdk.dag'`.","category":"DeprecatedImportWarning","filename":"/opt/airflow/dags/csm_pipeline.py","lineno":1,"logger":"py.warnings"}
{"timestamp":"2026-03-18T23:59:58.232277Z","level":"warning","event":"The `airflow.decorators.task` attribute is deprecated. Please use `'airflow.sdk.task'`.","category":"DeprecatedImportWarning","filename":"/opt/airflow/dags/csm_pipeline.py","lineno":1,"logger":"py.warnings"}
{"timestamp":"2026-03-18T23:59:58.232328Z","level":"warning","event":"The `airflow.utils.trigger_rule.TriggerRule` attribute is deprecated. Please use `'airflow.task.trigger_rule.TriggerRule'`.","category":"DeprecatedImportWarning","filename":"/opt/airflow/dags/csm_pipeline.py","lineno":3,"logger":"py.warnings"}
