{"timestamp":"2026-03-21T06:13:16.479054Z","level":"info","event":"Filling up the DagBag from /opt/airflow/dags/cholera_pipeline.py","logger":"airflow.models.dagbag.BundleDagBag","filename":"dagbag.py","lineno":593}
{"timestamp":"2026-03-21T06:13:17.718961Z","level":"warning","event":"The `airflow.decorators.dag` attribute is deprecated. Please use `'airflow.sdk.dag'`.","category":"DeprecatedImportWarning","filename":"/opt/airflow/dags/cholera_pipeline.py","lineno":1,"logger":"py.warnings"}
{"timestamp":"2026-03-21T06:13:17.719212Z","level":"warning","event":"The `airflow.decorators.task` attribute is deprecated. Please use `'airflow.sdk.task'`.","category":"DeprecatedImportWarning","filename":"/opt/airflow/dags/cholera_pipeline.py","lineno":1,"logger":"py.warnings"}
{"timestamp":"2026-03-21T06:13:17.719281Z","level":"warning","event":"The `airflow.utils.trigger_rule.TriggerRule` attribute is deprecated. Please use `'airflow.task.trigger_rule.TriggerRule'`.","category":"DeprecatedImportWarning","filename":"/opt/airflow/dags/cholera_pipeline.py","lineno":3,"logger":"py.warnings"}
{"timestamp":"2026-03-21T06:13:48.730150Z","level":"info","event":"Filling up the DagBag from /opt/airflow/dags/cholera_pipeline.py","logger":"airflow.models.dagbag.BundleDagBag","filename":"dagbag.py","lineno":593}
{"timestamp":"2026-03-21T06:13:49.960948Z","level":"warning","event":"The `airflow.decorators.dag` attribute is deprecated. Please use `'airflow.sdk.dag'`.","category":"DeprecatedImportWarning","filename":"/opt/airflow/dags/cholera_pipeline.py","lineno":1,"logger":"py.warnings"}
{"timestamp":"2026-03-21T06:13:49.961178Z","level":"warning","event":"The `airflow.decorators.task` attribute is deprecated. Please use `'airflow.sdk.task'`.","category":"DeprecatedImportWarning","filename":"/opt/airflow/dags/cholera_pipeline.py","lineno":1,"logger":"py.warnings"}
{"timestamp":"2026-03-21T06:13:49.961259Z","level":"warning","event":"The `airflow.utils.trigger_rule.TriggerRule` attribute is deprecated. Please use `'airflow.task.trigger_rule.TriggerRule'`.","category":"DeprecatedImportWarning","filename":"/opt/airflow/dags/cholera_pipeline.py","lineno":3,"logger":"py.warnings"}
{"timestamp":"2026-03-21T06:14:20.153604Z","level":"info","event":"Filling up the DagBag from /opt/airflow/dags/cholera_pipeline.py","logger":"airflow.models.dagbag.BundleDagBag","filename":"dagbag.py","lineno":593}
{"timestamp":"2026-03-21T06:14:20.796366Z","level":"warning","event":"The `airflow.decorators.dag` attribute is deprecated. Please use `'airflow.sdk.dag'`.","category":"DeprecatedImportWarning","filename":"/opt/airflow/dags/cholera_pipeline.py","lineno":1,"logger":"py.warnings"}
{"timestamp":"2026-03-21T06:14:20.796565Z","level":"warning","event":"The `airflow.decorators.task` attribute is deprecated. Please use `'airflow.sdk.task'`.","category":"DeprecatedImportWarning","filename":"/opt/airflow/dags/cholera_pipeline.py","lineno":1,"logger":"py.warnings"}
{"timestamp":"2026-03-21T06:14:20.796632Z","level":"warning","event":"The `airflow.utils.trigger_rule.TriggerRule` attribute is deprecated. Please use `'airflow.task.trigger_rule.TriggerRule'`.","category":"DeprecatedImportWarning","filename":"/opt/airflow/dags/cholera_pipeline.py","lineno":3,"logger":"py.warnings"}
{"timestamp":"2026-03-21T06:14:51.038350Z","level":"info","event":"Filling up the DagBag from /opt/airflow/dags/cholera_pipeline.py","logger":"airflow.models.dagbag.BundleDagBag","filename":"dagbag.py","lineno":593}
{"timestamp":"2026-03-21T06:14:52.284956Z","level":"warning","event":"The `airflow.decorators.dag` attribute is deprecated. Please use `'airflow.sdk.dag'`.","category":"DeprecatedImportWarning","filename":"/opt/airflow/dags/cholera_pipeline.py","lineno":1,"logger":"py.warnings"}
{"timestamp":"2026-03-21T06:14:52.285168Z","level":"warning","event":"The `airflow.decorators.task` attribute is deprecated. Please use `'airflow.sdk.task'`.","category":"DeprecatedImportWarning","filename":"/opt/airflow/dags/cholera_pipeline.py","lineno":1,"logger":"py.warnings"}
{"timestamp":"2026-03-21T06:14:52.285248Z","level":"warning","event":"The `airflow.utils.trigger_rule.TriggerRule` attribute is deprecated. Please use `'airflow.task.trigger_rule.TriggerRule'`.","category":"DeprecatedImportWarning","filename":"/opt/airflow/dags/cholera_pipeline.py","lineno":3,"logger":"py.warnings"}
{"timestamp":"2026-03-21T06:15:22.808996Z","level":"info","event":"Filling up the DagBag from /opt/airflow/dags/cholera_pipeline.py","logger":"airflow.models.dagbag.BundleDagBag","filename":"dagbag.py","lineno":593}
{"timestamp":"2026-03-21T06:15:23.463927Z","level":"warning","event":"The `airflow.decorators.dag` attribute is deprecated. Please use `'airflow.sdk.dag'`.","category":"DeprecatedImportWarning","filename":"/opt/airflow/dags/cholera_pipeline.py","lineno":1,"logger":"py.warnings"}
{"timestamp":"2026-03-21T06:15:23.464120Z","level":"warning","event":"The `airflow.decorators.task` attribute is deprecated. Please use `'airflow.sdk.task'`.","category":"DeprecatedImportWarning","filename":"/opt/airflow/dags/cholera_pipeline.py","lineno":1,"logger":"py.warnings"}
{"timestamp":"2026-03-21T06:15:23.464186Z","level":"warning","event":"The `airflow.utils.trigger_rule.TriggerRule` attribute is deprecated. Please use `'airflow.task.trigger_rule.TriggerRule'`.","category":"DeprecatedImportWarning","filename":"/opt/airflow/dags/cholera_pipeline.py","lineno":3,"logger":"py.warnings"}
{"timestamp":"2026-03-21T06:15:53.641984Z","level":"info","event":"Filling up the DagBag from /opt/airflow/dags/cholera_pipeline.py","logger":"airflow.models.dagbag.BundleDagBag","filename":"dagbag.py","lineno":593}
{"timestamp":"2026-03-21T06:15:54.274808Z","level":"warning","event":"The `airflow.decorators.dag` attribute is deprecated. Please use `'airflow.sdk.dag'`.","category":"DeprecatedImportWarning","filename":"/opt/airflow/dags/cholera_pipeline.py","lineno":1,"logger":"py.warnings"}
{"timestamp":"2026-03-21T06:15:54.274990Z","level":"warning","event":"The `airflow.decorators.task` attribute is deprecated. Please use `'airflow.sdk.task'`.","category":"DeprecatedImportWarning","filename":"/opt/airflow/dags/cholera_pipeline.py","lineno":1,"logger":"py.warnings"}
{"timestamp":"2026-03-21T06:15:54.275060Z","level":"warning","event":"The `airflow.utils.trigger_rule.TriggerRule` attribute is deprecated. Please use `'airflow.task.trigger_rule.TriggerRule'`.","category":"DeprecatedImportWarning","filename":"/opt/airflow/dags/cholera_pipeline.py","lineno":3,"logger":"py.warnings"}
{"timestamp":"2026-03-21T06:16:24.798946Z","level":"info","event":"Filling up the DagBag from /opt/airflow/dags/cholera_pipeline.py","logger":"airflow.models.dagbag.BundleDagBag","filename":"dagbag.py","lineno":593}
{"timestamp":"2026-03-21T06:16:25.676174Z","level":"warning","event":"The `airflow.decorators.dag` attribute is deprecated. Please use `'airflow.sdk.dag'`.","category":"DeprecatedImportWarning","filename":"/opt/airflow/dags/cholera_pipeline.py","lineno":1,"logger":"py.warnings"}
{"timestamp":"2026-03-21T06:16:25.676416Z","level":"warning","event":"The `airflow.decorators.task` attribute is deprecated. Please use `'airflow.sdk.task'`.","category":"DeprecatedImportWarning","filename":"/opt/airflow/dags/cholera_pipeline.py","lineno":1,"logger":"py.warnings"}
{"timestamp":"2026-03-21T06:16:25.676496Z","level":"warning","event":"The `airflow.utils.trigger_rule.TriggerRule` attribute is deprecated. Please use `'airflow.task.trigger_rule.TriggerRule'`.","category":"DeprecatedImportWarning","filename":"/opt/airflow/dags/cholera_pipeline.py","lineno":3,"logger":"py.warnings"}
{"timestamp":"2026-03-21T06:16:56.026776Z","level":"info","event":"Filling up the DagBag from /opt/airflow/dags/cholera_pipeline.py","logger":"airflow.models.dagbag.BundleDagBag","filename":"dagbag.py","lineno":593}
{"timestamp":"2026-03-21T06:16:56.576627Z","level":"warning","event":"The `airflow.decorators.dag` attribute is deprecated. Please use `'airflow.sdk.dag'`.","category":"DeprecatedImportWarning","filename":"/opt/airflow/dags/cholera_pipeline.py","lineno":1,"logger":"py.warnings"}
{"timestamp":"2026-03-21T06:16:56.576845Z","level":"warning","event":"The `airflow.decorators.task` attribute is deprecated. Please use `'airflow.sdk.task'`.","category":"DeprecatedImportWarning","filename":"/opt/airflow/dags/cholera_pipeline.py","lineno":1,"logger":"py.warnings"}
{"timestamp":"2026-03-21T06:16:56.576951Z","level":"warning","event":"The `airflow.utils.trigger_rule.TriggerRule` attribute is deprecated. Please use `'airflow.task.trigger_rule.TriggerRule'`.","category":"DeprecatedImportWarning","filename":"/opt/airflow/dags/cholera_pipeline.py","lineno":3,"logger":"py.warnings"}
{"timestamp":"2026-03-21T06:17:26.751987Z","level":"info","event":"Filling up the DagBag from /opt/airflow/dags/cholera_pipeline.py","logger":"airflow.models.dagbag.BundleDagBag","filename":"dagbag.py","lineno":593}
{"timestamp":"2026-03-21T06:17:27.328992Z","level":"warning","event":"The `airflow.decorators.dag` attribute is deprecated. Please use `'airflow.sdk.dag'`.","category":"DeprecatedImportWarning","filename":"/opt/airflow/dags/cholera_pipeline.py","lineno":1,"logger":"py.warnings"}
{"timestamp":"2026-03-21T06:17:27.329130Z","level":"warning","event":"The `airflow.decorators.task` attribute is deprecated. Please use `'airflow.sdk.task'`.","category":"DeprecatedImportWarning","filename":"/opt/airflow/dags/cholera_pipeline.py","lineno":1,"logger":"py.warnings"}
{"timestamp":"2026-03-21T06:17:27.329180Z","level":"warning","event":"The `airflow.utils.trigger_rule.TriggerRule` attribute is deprecated. Please use `'airflow.task.trigger_rule.TriggerRule'`.","category":"DeprecatedImportWarning","filename":"/opt/airflow/dags/cholera_pipeline.py","lineno":3,"logger":"py.warnings"}
{"timestamp":"2026-03-21T07:14:34.189492Z","level":"info","event":"Filling up the DagBag from /opt/airflow/dags/cholera_pipeline.py","logger":"airflow.models.dagbag.BundleDagBag","filename":"dagbag.py","lineno":593}
{"timestamp":"2026-03-21T07:14:35.856664Z","level":"warning","event":"The `airflow.decorators.dag` attribute is deprecated. Please use `'airflow.sdk.dag'`.","category":"DeprecatedImportWarning","filename":"/opt/airflow/dags/cholera_pipeline.py","lineno":1,"logger":"py.warnings"}
{"timestamp":"2026-03-21T07:14:35.856875Z","level":"warning","event":"The `airflow.decorators.task` attribute is deprecated. Please use `'airflow.sdk.task'`.","category":"DeprecatedImportWarning","filename":"/opt/airflow/dags/cholera_pipeline.py","lineno":1,"logger":"py.warnings"}
{"timestamp":"2026-03-21T07:14:35.856980Z","level":"warning","event":"The `airflow.utils.trigger_rule.TriggerRule` attribute is deprecated. Please use `'airflow.task.trigger_rule.TriggerRule'`.","category":"DeprecatedImportWarning","filename":"/opt/airflow/dags/cholera_pipeline.py","lineno":3,"logger":"py.warnings"}
{"timestamp":"2026-03-21T12:06:56.042409Z","level":"info","event":"Filling up the DagBag from /opt/airflow/dags/cholera_pipeline.py","logger":"airflow.models.dagbag.BundleDagBag","filename":"dagbag.py","lineno":593}
{"timestamp":"2026-03-21T12:06:57.174141Z","level":"warning","event":"The `airflow.decorators.dag` attribute is deprecated. Please use `'airflow.sdk.dag'`.","category":"DeprecatedImportWarning","filename":"/opt/airflow/dags/cholera_pipeline.py","lineno":1,"logger":"py.warnings"}
{"timestamp":"2026-03-21T12:06:57.174404Z","level":"warning","event":"The `airflow.decorators.task` attribute is deprecated. Please use `'airflow.sdk.task'`.","category":"DeprecatedImportWarning","filename":"/opt/airflow/dags/cholera_pipeline.py","lineno":1,"logger":"py.warnings"}
{"timestamp":"2026-03-21T12:06:57.174516Z","level":"warning","event":"The `airflow.utils.trigger_rule.TriggerRule` attribute is deprecated. Please use `'airflow.task.trigger_rule.TriggerRule'`.","category":"DeprecatedImportWarning","filename":"/opt/airflow/dags/cholera_pipeline.py","lineno":3,"logger":"py.warnings"}
{"timestamp":"2026-03-21T12:07:28.236351Z","level":"info","event":"Filling up the DagBag from /opt/airflow/dags/cholera_pipeline.py","logger":"airflow.models.dagbag.BundleDagBag","filename":"dagbag.py","lineno":593}
{"timestamp":"2026-03-21T12:07:29.272526Z","level":"warning","event":"The `airflow.decorators.dag` attribute is deprecated. Please use `'airflow.sdk.dag'`.","category":"DeprecatedImportWarning","filename":"/opt/airflow/dags/cholera_pipeline.py","lineno":1,"logger":"py.warnings"}
{"timestamp":"2026-03-21T12:07:29.273864Z","level":"warning","event":"The `airflow.decorators.task` attribute is deprecated. Please use `'airflow.sdk.task'`.","category":"DeprecatedImportWarning","filename":"/opt/airflow/dags/cholera_pipeline.py","lineno":1,"logger":"py.warnings"}
{"timestamp":"2026-03-21T12:07:29.274200Z","level":"warning","event":"The `airflow.utils.trigger_rule.TriggerRule` attribute is deprecated. Please use `'airflow.task.trigger_rule.TriggerRule'`.","category":"DeprecatedImportWarning","filename":"/opt/airflow/dags/cholera_pipeline.py","lineno":3,"logger":"py.warnings"}
{"timestamp":"2026-03-21T12:07:59.735918Z","level":"info","event":"Filling up the DagBag from /opt/airflow/dags/cholera_pipeline.py","logger":"airflow.models.dagbag.BundleDagBag","filename":"dagbag.py","lineno":593}
{"timestamp":"2026-03-21T12:08:00.264736Z","level":"warning","event":"The `airflow.decorators.dag` attribute is deprecated. Please use `'airflow.sdk.dag'`.","category":"DeprecatedImportWarning","filename":"/opt/airflow/dags/cholera_pipeline.py","lineno":1,"logger":"py.warnings"}
{"timestamp":"2026-03-21T12:08:00.264971Z","level":"warning","event":"The `airflow.decorators.task` attribute is deprecated. Please use `'airflow.sdk.task'`.","category":"DeprecatedImportWarning","filename":"/opt/airflow/dags/cholera_pipeline.py","lineno":1,"logger":"py.warnings"}
{"timestamp":"2026-03-21T12:08:00.265084Z","level":"warning","event":"The `airflow.utils.trigger_rule.TriggerRule` attribute is deprecated. Please use `'airflow.task.trigger_rule.TriggerRule'`.","category":"DeprecatedImportWarning","filename":"/opt/airflow/dags/cholera_pipeline.py","lineno":3,"logger":"py.warnings"}
{"timestamp":"2026-03-21T12:08:30.804509Z","level":"info","event":"Filling up the DagBag from /opt/airflow/dags/cholera_pipeline.py","logger":"airflow.models.dagbag.BundleDagBag","filename":"dagbag.py","lineno":593}
{"timestamp":"2026-03-21T12:08:31.229657Z","level":"warning","event":"The `airflow.decorators.dag` attribute is deprecated. Please use `'airflow.sdk.dag'`.","category":"DeprecatedImportWarning","filename":"/opt/airflow/dags/cholera_pipeline.py","lineno":1,"logger":"py.warnings"}
{"timestamp":"2026-03-21T12:08:31.229833Z","level":"warning","event":"The `airflow.decorators.task` attribute is deprecated. Please use `'airflow.sdk.task'`.","category":"DeprecatedImportWarning","filename":"/opt/airflow/dags/cholera_pipeline.py","lineno":1,"logger":"py.warnings"}
{"timestamp":"2026-03-21T12:08:31.229894Z","level":"warning","event":"The `airflow.utils.trigger_rule.TriggerRule` attribute is deprecated. Please use `'airflow.task.trigger_rule.TriggerRule'`.","category":"DeprecatedImportWarning","filename":"/opt/airflow/dags/cholera_pipeline.py","lineno":3,"logger":"py.warnings"}
{"timestamp":"2026-03-21T12:09:01.388676Z","level":"info","event":"Filling up the DagBag from /opt/airflow/dags/cholera_pipeline.py","logger":"airflow.models.dagbag.BundleDagBag","filename":"dagbag.py","lineno":593}
{"timestamp":"2026-03-21T12:09:01.890281Z","level":"warning","event":"The `airflow.decorators.dag` attribute is deprecated. Please use `'airflow.sdk.dag'`.","category":"DeprecatedImportWarning","filename":"/opt/airflow/dags/cholera_pipeline.py","lineno":1,"logger":"py.warnings"}
{"timestamp":"2026-03-21T12:09:01.890460Z","level":"warning","event":"The `airflow.decorators.task` attribute is deprecated. Please use `'airflow.sdk.task'`.","category":"DeprecatedImportWarning","filename":"/opt/airflow/dags/cholera_pipeline.py","lineno":1,"logger":"py.warnings"}
{"timestamp":"2026-03-21T12:09:01.890517Z","level":"warning","event":"The `airflow.utils.trigger_rule.TriggerRule` attribute is deprecated. Please use `'airflow.task.trigger_rule.TriggerRule'`.","category":"DeprecatedImportWarning","filename":"/opt/airflow/dags/cholera_pipeline.py","lineno":3,"logger":"py.warnings"}
{"timestamp":"2026-03-21T12:09:32.067888Z","level":"info","event":"Filling up the DagBag from /opt/airflow/dags/cholera_pipeline.py","logger":"airflow.models.dagbag.BundleDagBag","filename":"dagbag.py","lineno":593}
{"timestamp":"2026-03-21T12:09:32.679563Z","level":"warning","event":"The `airflow.decorators.dag` attribute is deprecated. Please use `'airflow.sdk.dag'`.","category":"DeprecatedImportWarning","filename":"/opt/airflow/dags/cholera_pipeline.py","lineno":1,"logger":"py.warnings"}
{"timestamp":"2026-03-21T12:09:32.679726Z","level":"warning","event":"The `airflow.decorators.task` attribute is deprecated. Please use `'airflow.sdk.task'`.","category":"DeprecatedImportWarning","filename":"/opt/airflow/dags/cholera_pipeline.py","lineno":1,"logger":"py.warnings"}
{"timestamp":"2026-03-21T12:09:32.679777Z","level":"warning","event":"The `airflow.utils.trigger_rule.TriggerRule` attribute is deprecated. Please use `'airflow.task.trigger_rule.TriggerRule'`.","category":"DeprecatedImportWarning","filename":"/opt/airflow/dags/cholera_pipeline.py","lineno":3,"logger":"py.warnings"}
{"timestamp":"2026-03-21T12:10:02.995848Z","level":"info","event":"Filling up the DagBag from /opt/airflow/dags/cholera_pipeline.py","logger":"airflow.models.dagbag.BundleDagBag","filename":"dagbag.py","lineno":593}
{"timestamp":"2026-03-21T12:10:03.493531Z","level":"warning","event":"The `airflow.decorators.dag` attribute is deprecated. Please use `'airflow.sdk.dag'`.","category":"DeprecatedImportWarning","filename":"/opt/airflow/dags/cholera_pipeline.py","lineno":1,"logger":"py.warnings"}
{"timestamp":"2026-03-21T12:10:03.493704Z","level":"warning","event":"The `airflow.decorators.task` attribute is deprecated. Please use `'airflow.sdk.task'`.","category":"DeprecatedImportWarning","filename":"/opt/airflow/dags/cholera_pipeline.py","lineno":1,"logger":"py.warnings"}
{"timestamp":"2026-03-21T12:10:03.493753Z","level":"warning","event":"The `airflow.utils.trigger_rule.TriggerRule` attribute is deprecated. Please use `'airflow.task.trigger_rule.TriggerRule'`.","category":"DeprecatedImportWarning","filename":"/opt/airflow/dags/cholera_pipeline.py","lineno":3,"logger":"py.warnings"}
{"timestamp":"2026-03-21T12:10:33.740286Z","level":"info","event":"Filling up the DagBag from /opt/airflow/dags/cholera_pipeline.py","logger":"airflow.models.dagbag.BundleDagBag","filename":"dagbag.py","lineno":593}
{"timestamp":"2026-03-21T12:10:34.212983Z","level":"warning","event":"The `airflow.decorators.dag` attribute is deprecated. Please use `'airflow.sdk.dag'`.","category":"DeprecatedImportWarning","filename":"/opt/airflow/dags/cholera_pipeline.py","lineno":1,"logger":"py.warnings"}
{"timestamp":"2026-03-21T12:10:34.213142Z","level":"warning","event":"The `airflow.decorators.task` attribute is deprecated. Please use `'airflow.sdk.task'`.","category":"DeprecatedImportWarning","filename":"/opt/airflow/dags/cholera_pipeline.py","lineno":1,"logger":"py.warnings"}
{"timestamp":"2026-03-21T12:10:34.213198Z","level":"warning","event":"The `airflow.utils.trigger_rule.TriggerRule` attribute is deprecated. Please use `'airflow.task.trigger_rule.TriggerRule'`.","category":"DeprecatedImportWarning","filename":"/opt/airflow/dags/cholera_pipeline.py","lineno":3,"logger":"py.warnings"}
{"timestamp":"2026-03-21T12:11:04.415412Z","level":"info","event":"Filling up the DagBag from /opt/airflow/dags/cholera_pipeline.py","logger":"airflow.models.dagbag.BundleDagBag","filename":"dagbag.py","lineno":593}
{"timestamp":"2026-03-21T12:11:04.974475Z","level":"warning","event":"The `airflow.decorators.dag` attribute is deprecated. Please use `'airflow.sdk.dag'`.","category":"DeprecatedImportWarning","filename":"/opt/airflow/dags/cholera_pipeline.py","lineno":1,"logger":"py.warnings"}
{"timestamp":"2026-03-21T12:11:04.974651Z","level":"warning","event":"The `airflow.decorators.task` attribute is deprecated. Please use `'airflow.sdk.task'`.","category":"DeprecatedImportWarning","filename":"/opt/airflow/dags/cholera_pipeline.py","lineno":1,"logger":"py.warnings"}
{"timestamp":"2026-03-21T12:11:04.974703Z","level":"warning","event":"The `airflow.utils.trigger_rule.TriggerRule` attribute is deprecated. Please use `'airflow.task.trigger_rule.TriggerRule'`.","category":"DeprecatedImportWarning","filename":"/opt/airflow/dags/cholera_pipeline.py","lineno":3,"logger":"py.warnings"}
{"timestamp":"2026-03-21T12:11:35.138828Z","level":"info","event":"Filling up the DagBag from /opt/airflow/dags/cholera_pipeline.py","logger":"airflow.models.dagbag.BundleDagBag","filename":"dagbag.py","lineno":593}
{"timestamp":"2026-03-21T12:11:35.700171Z","level":"warning","event":"The `airflow.decorators.dag` attribute is deprecated. Please use `'airflow.sdk.dag'`.","category":"DeprecatedImportWarning","filename":"/opt/airflow/dags/cholera_pipeline.py","lineno":1,"logger":"py.warnings"}
{"timestamp":"2026-03-21T12:11:35.700371Z","level":"warning","event":"The `airflow.decorators.task` attribute is deprecated. Please use `'airflow.sdk.task'`.","category":"DeprecatedImportWarning","filename":"/opt/airflow/dags/cholera_pipeline.py","lineno":1,"logger":"py.warnings"}
{"timestamp":"2026-03-21T12:11:35.700464Z","level":"warning","event":"The `airflow.utils.trigger_rule.TriggerRule` attribute is deprecated. Please use `'airflow.task.trigger_rule.TriggerRule'`.","category":"DeprecatedImportWarning","filename":"/opt/airflow/dags/cholera_pipeline.py","lineno":3,"logger":"py.warnings"}
{"timestamp":"2026-03-21T12:12:05.910140Z","level":"info","event":"Filling up the DagBag from /opt/airflow/dags/cholera_pipeline.py","logger":"airflow.models.dagbag.BundleDagBag","filename":"dagbag.py","lineno":593}
{"timestamp":"2026-03-21T12:12:06.427406Z","level":"warning","event":"The `airflow.decorators.dag` attribute is deprecated. Please use `'airflow.sdk.dag'`.","category":"DeprecatedImportWarning","filename":"/opt/airflow/dags/cholera_pipeline.py","lineno":1,"logger":"py.warnings"}
{"timestamp":"2026-03-21T12:12:06.427560Z","level":"warning","event":"The `airflow.decorators.task` attribute is deprecated. Please use `'airflow.sdk.task'`.","category":"DeprecatedImportWarning","filename":"/opt/airflow/dags/cholera_pipeline.py","lineno":1,"logger":"py.warnings"}
{"timestamp":"2026-03-21T12:12:06.427610Z","level":"warning","event":"The `airflow.utils.trigger_rule.TriggerRule` attribute is deprecated. Please use `'airflow.task.trigger_rule.TriggerRule'`.","category":"DeprecatedImportWarning","filename":"/opt/airflow/dags/cholera_pipeline.py","lineno":3,"logger":"py.warnings"}
{"timestamp":"2026-03-21T12:12:36.681442Z","level":"info","event":"Filling up the DagBag from /opt/airflow/dags/cholera_pipeline.py","logger":"airflow.models.dagbag.BundleDagBag","filename":"dagbag.py","lineno":593}
{"timestamp":"2026-03-21T12:12:37.186541Z","level":"warning","event":"The `airflow.decorators.dag` attribute is deprecated. Please use `'airflow.sdk.dag'`.","category":"DeprecatedImportWarning","filename":"/opt/airflow/dags/cholera_pipeline.py","lineno":1,"logger":"py.warnings"}
{"timestamp":"2026-03-21T12:12:37.186681Z","level":"warning","event":"The `airflow.decorators.task` attribute is deprecated. Please use `'airflow.sdk.task'`.","category":"DeprecatedImportWarning","filename":"/opt/airflow/dags/cholera_pipeline.py","lineno":1,"logger":"py.warnings"}
{"timestamp":"2026-03-21T12:12:37.186751Z","level":"warning","event":"The `airflow.utils.trigger_rule.TriggerRule` attribute is deprecated. Please use `'airflow.task.trigger_rule.TriggerRule'`.","category":"DeprecatedImportWarning","filename":"/opt/airflow/dags/cholera_pipeline.py","lineno":3,"logger":"py.warnings"}
{"timestamp":"2026-03-21T12:13:07.388223Z","level":"info","event":"Filling up the DagBag from /opt/airflow/dags/cholera_pipeline.py","logger":"airflow.models.dagbag.BundleDagBag","filename":"dagbag.py","lineno":593}
{"timestamp":"2026-03-21T12:13:07.890460Z","level":"warning","event":"The `airflow.decorators.dag` attribute is deprecated. Please use `'airflow.sdk.dag'`.","category":"DeprecatedImportWarning","filename":"/opt/airflow/dags/cholera_pipeline.py","lineno":1,"logger":"py.warnings"}
{"timestamp":"2026-03-21T12:13:07.890594Z","level":"warning","event":"The `airflow.decorators.task` attribute is deprecated. Please use `'airflow.sdk.task'`.","category":"DeprecatedImportWarning","filename":"/opt/airflow/dags/cholera_pipeline.py","lineno":1,"logger":"py.warnings"}
{"timestamp":"2026-03-21T12:13:07.890640Z","level":"warning","event":"The `airflow.utils.trigger_rule.TriggerRule` attribute is deprecated. Please use `'airflow.task.trigger_rule.TriggerRule'`.","category":"DeprecatedImportWarning","filename":"/opt/airflow/dags/cholera_pipeline.py","lineno":3,"logger":"py.warnings"}
{"timestamp":"2026-03-21T12:13:37.991028Z","level":"info","event":"Filling up the DagBag from /opt/airflow/dags/cholera_pipeline.py","logger":"airflow.models.dagbag.BundleDagBag","filename":"dagbag.py","lineno":593}
{"timestamp":"2026-03-21T12:13:38.391088Z","level":"warning","event":"The `airflow.decorators.dag` attribute is deprecated. Please use `'airflow.sdk.dag'`.","category":"DeprecatedImportWarning","filename":"/opt/airflow/dags/cholera_pipeline.py","lineno":1,"logger":"py.warnings"}
{"timestamp":"2026-03-21T12:13:38.391231Z","level":"warning","event":"The `airflow.decorators.task` attribute is deprecated. Please use `'airflow.sdk.task'`.","category":"DeprecatedImportWarning","filename":"/opt/airflow/dags/cholera_pipeline.py","lineno":1,"logger":"py.warnings"}
{"timestamp":"2026-03-21T12:13:38.391279Z","level":"warning","event":"The `airflow.utils.trigger_rule.TriggerRule` attribute is deprecated. Please use `'airflow.task.trigger_rule.TriggerRule'`.","category":"DeprecatedImportWarning","filename":"/opt/airflow/dags/cholera_pipeline.py","lineno":3,"logger":"py.warnings"}
{"timestamp":"2026-03-21T12:14:08.957869Z","level":"info","event":"Filling up the DagBag from /opt/airflow/dags/cholera_pipeline.py","logger":"airflow.models.dagbag.BundleDagBag","filename":"dagbag.py","lineno":593}
{"timestamp":"2026-03-21T12:14:09.500984Z","level":"warning","event":"The `airflow.decorators.dag` attribute is deprecated. Please use `'airflow.sdk.dag'`.","category":"DeprecatedImportWarning","filename":"/opt/airflow/dags/cholera_pipeline.py","lineno":1,"logger":"py.warnings"}
{"timestamp":"2026-03-21T12:14:09.501166Z","level":"warning","event":"The `airflow.decorators.task` attribute is deprecated. Please use `'airflow.sdk.task'`.","category":"DeprecatedImportWarning","filename":"/opt/airflow/dags/cholera_pipeline.py","lineno":1,"logger":"py.warnings"}
{"timestamp":"2026-03-21T12:14:09.501268Z","level":"warning","event":"The `airflow.utils.trigger_rule.TriggerRule` attribute is deprecated. Please use `'airflow.task.trigger_rule.TriggerRule'`.","category":"DeprecatedImportWarning","filename":"/opt/airflow/dags/cholera_pipeline.py","lineno":3,"logger":"py.warnings"}
{"timestamp":"2026-03-21T12:14:39.763295Z","level":"info","event":"Filling up the DagBag from /opt/airflow/dags/cholera_pipeline.py","logger":"airflow.models.dagbag.BundleDagBag","filename":"dagbag.py","lineno":593}
{"timestamp":"2026-03-21T12:14:40.241589Z","level":"warning","event":"The `airflow.decorators.dag` attribute is deprecated. Please use `'airflow.sdk.dag'`.","category":"DeprecatedImportWarning","filename":"/opt/airflow/dags/cholera_pipeline.py","lineno":1,"logger":"py.warnings"}
{"timestamp":"2026-03-21T12:14:40.241733Z","level":"warning","event":"The `airflow.decorators.task` attribute is deprecated. Please use `'airflow.sdk.task'`.","category":"DeprecatedImportWarning","filename":"/opt/airflow/dags/cholera_pipeline.py","lineno":1,"logger":"py.warnings"}
{"timestamp":"2026-03-21T12:14:40.241783Z","level":"warning","event":"The `airflow.utils.trigger_rule.TriggerRule` attribute is deprecated. Please use `'airflow.task.trigger_rule.TriggerRule'`.","category":"DeprecatedImportWarning","filename":"/opt/airflow/dags/cholera_pipeline.py","lineno":3,"logger":"py.warnings"}
{"timestamp":"2026-03-21T12:15:10.536817Z","level":"info","event":"Filling up the DagBag from /opt/airflow/dags/cholera_pipeline.py","logger":"airflow.models.dagbag.BundleDagBag","filename":"dagbag.py","lineno":593}
{"timestamp":"2026-03-21T12:15:11.096170Z","level":"warning","event":"The `airflow.decorators.dag` attribute is deprecated. Please use `'airflow.sdk.dag'`.","category":"DeprecatedImportWarning","filename":"/opt/airflow/dags/cholera_pipeline.py","lineno":1,"logger":"py.warnings"}
{"timestamp":"2026-03-21T12:15:11.096373Z","level":"warning","event":"The `airflow.decorators.task` attribute is deprecated. Please use `'airflow.sdk.task'`.","category":"DeprecatedImportWarning","filename":"/opt/airflow/dags/cholera_pipeline.py","lineno":1,"logger":"py.warnings"}
{"timestamp":"2026-03-21T12:15:11.096475Z","level":"warning","event":"The `airflow.utils.trigger_rule.TriggerRule` attribute is deprecated. Please use `'airflow.task.trigger_rule.TriggerRule'`.","category":"DeprecatedImportWarning","filename":"/opt/airflow/dags/cholera_pipeline.py","lineno":3,"logger":"py.warnings"}
{"timestamp":"2026-03-21T12:15:41.294060Z","level":"info","event":"Filling up the DagBag from /opt/airflow/dags/cholera_pipeline.py","logger":"airflow.models.dagbag.BundleDagBag","filename":"dagbag.py","lineno":593}
{"timestamp":"2026-03-21T12:15:41.812697Z","level":"warning","event":"The `airflow.decorators.dag` attribute is deprecated. Please use `'airflow.sdk.dag'`.","category":"DeprecatedImportWarning","filename":"/opt/airflow/dags/cholera_pipeline.py","lineno":1,"logger":"py.warnings"}
{"timestamp":"2026-03-21T12:15:41.812830Z","level":"warning","event":"The `airflow.decorators.task` attribute is deprecated. Please use `'airflow.sdk.task'`.","category":"DeprecatedImportWarning","filename":"/opt/airflow/dags/cholera_pipeline.py","lineno":1,"logger":"py.warnings"}
{"timestamp":"2026-03-21T12:15:41.812880Z","level":"warning","event":"The `airflow.utils.trigger_rule.TriggerRule` attribute is deprecated. Please use `'airflow.task.trigger_rule.TriggerRule'`.","category":"DeprecatedImportWarning","filename":"/opt/airflow/dags/cholera_pipeline.py","lineno":3,"logger":"py.warnings"}
{"timestamp":"2026-03-21T12:16:12.115128Z","level":"info","event":"Filling up the DagBag from /opt/airflow/dags/cholera_pipeline.py","logger":"airflow.models.dagbag.BundleDagBag","filename":"dagbag.py","lineno":593}
{"timestamp":"2026-03-21T12:16:12.563714Z","level":"warning","event":"The `airflow.decorators.dag` attribute is deprecated. Please use `'airflow.sdk.dag'`.","category":"DeprecatedImportWarning","filename":"/opt/airflow/dags/cholera_pipeline.py","lineno":1,"logger":"py.warnings"}
{"timestamp":"2026-03-21T12:16:12.563864Z","level":"warning","event":"The `airflow.decorators.task` attribute is deprecated. Please use `'airflow.sdk.task'`.","category":"DeprecatedImportWarning","filename":"/opt/airflow/dags/cholera_pipeline.py","lineno":1,"logger":"py.warnings"}
{"timestamp":"2026-03-21T12:16:12.563917Z","level":"warning","event":"The `airflow.utils.trigger_rule.TriggerRule` attribute is deprecated. Please use `'airflow.task.trigger_rule.TriggerRule'`.","category":"DeprecatedImportWarning","filename":"/opt/airflow/dags/cholera_pipeline.py","lineno":3,"logger":"py.warnings"}
{"timestamp":"2026-03-21T12:16:42.795258Z","level":"info","event":"Filling up the DagBag from /opt/airflow/dags/cholera_pipeline.py","logger":"airflow.models.dagbag.BundleDagBag","filename":"dagbag.py","lineno":593}
{"timestamp":"2026-03-21T12:16:43.223988Z","level":"warning","event":"The `airflow.decorators.dag` attribute is deprecated. Please use `'airflow.sdk.dag'`.","category":"DeprecatedImportWarning","filename":"/opt/airflow/dags/cholera_pipeline.py","lineno":1,"logger":"py.warnings"}
{"timestamp":"2026-03-21T12:16:43.224133Z","level":"warning","event":"The `airflow.decorators.task` attribute is deprecated. Please use `'airflow.sdk.task'`.","category":"DeprecatedImportWarning","filename":"/opt/airflow/dags/cholera_pipeline.py","lineno":1,"logger":"py.warnings"}
{"timestamp":"2026-03-21T12:16:43.224181Z","level":"warning","event":"The `airflow.utils.trigger_rule.TriggerRule` attribute is deprecated. Please use `'airflow.task.trigger_rule.TriggerRule'`.","category":"DeprecatedImportWarning","filename":"/opt/airflow/dags/cholera_pipeline.py","lineno":3,"logger":"py.warnings"}
{"timestamp":"2026-03-21T12:17:13.430280Z","level":"info","event":"Filling up the DagBag from /opt/airflow/dags/cholera_pipeline.py","logger":"airflow.models.dagbag.BundleDagBag","filename":"dagbag.py","lineno":593}
{"timestamp":"2026-03-21T12:17:13.848462Z","level":"warning","event":"The `airflow.decorators.dag` attribute is deprecated. Please use `'airflow.sdk.dag'`.","category":"DeprecatedImportWarning","filename":"/opt/airflow/dags/cholera_pipeline.py","lineno":1,"logger":"py.warnings"}
{"timestamp":"2026-03-21T12:17:13.848616Z","level":"warning","event":"The `airflow.decorators.task` attribute is deprecated. Please use `'airflow.sdk.task'`.","category":"DeprecatedImportWarning","filename":"/opt/airflow/dags/cholera_pipeline.py","lineno":1,"logger":"py.warnings"}
{"timestamp":"2026-03-21T12:17:13.848669Z","level":"warning","event":"The `airflow.utils.trigger_rule.TriggerRule` attribute is deprecated. Please use `'airflow.task.trigger_rule.TriggerRule'`.","category":"DeprecatedImportWarning","filename":"/opt/airflow/dags/cholera_pipeline.py","lineno":3,"logger":"py.warnings"}
{"timestamp":"2026-03-21T12:17:43.978869Z","level":"info","event":"Filling up the DagBag from /opt/airflow/dags/cholera_pipeline.py","logger":"airflow.models.dagbag.BundleDagBag","filename":"dagbag.py","lineno":593}
{"timestamp":"2026-03-21T12:17:44.537890Z","level":"warning","event":"The `airflow.decorators.dag` attribute is deprecated. Please use `'airflow.sdk.dag'`.","category":"DeprecatedImportWarning","filename":"/opt/airflow/dags/cholera_pipeline.py","lineno":1,"logger":"py.warnings"}
{"timestamp":"2026-03-21T12:17:44.538053Z","level":"warning","event":"The `airflow.decorators.task` attribute is deprecated. Please use `'airflow.sdk.task'`.","category":"DeprecatedImportWarning","filename":"/opt/airflow/dags/cholera_pipeline.py","lineno":1,"logger":"py.warnings"}
{"timestamp":"2026-03-21T12:17:44.538101Z","level":"warning","event":"The `airflow.utils.trigger_rule.TriggerRule` attribute is deprecated. Please use `'airflow.task.trigger_rule.TriggerRule'`.","category":"DeprecatedImportWarning","filename":"/opt/airflow/dags/cholera_pipeline.py","lineno":3,"logger":"py.warnings"}
{"timestamp":"2026-03-21T12:18:14.685491Z","level":"info","event":"Filling up the DagBag from /opt/airflow/dags/cholera_pipeline.py","logger":"airflow.models.dagbag.BundleDagBag","filename":"dagbag.py","lineno":593}
{"timestamp":"2026-03-21T12:18:15.224479Z","level":"warning","event":"The `airflow.decorators.dag` attribute is deprecated. Please use `'airflow.sdk.dag'`.","category":"DeprecatedImportWarning","filename":"/opt/airflow/dags/cholera_pipeline.py","lineno":1,"logger":"py.warnings"}
{"timestamp":"2026-03-21T12:18:15.224629Z","level":"warning","event":"The `airflow.decorators.task` attribute is deprecated. Please use `'airflow.sdk.task'`.","category":"DeprecatedImportWarning","filename":"/opt/airflow/dags/cholera_pipeline.py","lineno":1,"logger":"py.warnings"}
{"timestamp":"2026-03-21T12:18:15.224681Z","level":"warning","event":"The `airflow.utils.trigger_rule.TriggerRule` attribute is deprecated. Please use `'airflow.task.trigger_rule.TriggerRule'`.","category":"DeprecatedImportWarning","filename":"/opt/airflow/dags/cholera_pipeline.py","lineno":3,"logger":"py.warnings"}
{"timestamp":"2026-03-21T12:18:45.510880Z","level":"info","event":"Filling up the DagBag from /opt/airflow/dags/cholera_pipeline.py","logger":"airflow.models.dagbag.BundleDagBag","filename":"dagbag.py","lineno":593}
{"timestamp":"2026-03-21T12:18:46.165792Z","level":"warning","event":"The `airflow.decorators.dag` attribute is deprecated. Please use `'airflow.sdk.dag'`.","category":"DeprecatedImportWarning","filename":"/opt/airflow/dags/cholera_pipeline.py","lineno":1,"logger":"py.warnings"}
{"timestamp":"2026-03-21T12:18:46.166044Z","level":"warning","event":"The `airflow.decorators.task` attribute is deprecated. Please use `'airflow.sdk.task'`.","category":"DeprecatedImportWarning","filename":"/opt/airflow/dags/cholera_pipeline.py","lineno":1,"logger":"py.warnings"}
{"timestamp":"2026-03-21T12:18:46.166160Z","level":"warning","event":"The `airflow.utils.trigger_rule.TriggerRule` attribute is deprecated. Please use `'airflow.task.trigger_rule.TriggerRule'`.","category":"DeprecatedImportWarning","filename":"/opt/airflow/dags/cholera_pipeline.py","lineno":3,"logger":"py.warnings"}
{"timestamp":"2026-03-21T12:19:16.631254Z","level":"info","event":"Filling up the DagBag from /opt/airflow/dags/cholera_pipeline.py","logger":"airflow.models.dagbag.BundleDagBag","filename":"dagbag.py","lineno":593}
{"timestamp":"2026-03-21T12:19:17.133536Z","level":"warning","event":"The `airflow.decorators.dag` attribute is deprecated. Please use `'airflow.sdk.dag'`.","category":"DeprecatedImportWarning","filename":"/opt/airflow/dags/cholera_pipeline.py","lineno":1,"logger":"py.warnings"}
{"timestamp":"2026-03-21T12:19:17.133692Z","level":"warning","event":"The `airflow.decorators.task` attribute is deprecated. Please use `'airflow.sdk.task'`.","category":"DeprecatedImportWarning","filename":"/opt/airflow/dags/cholera_pipeline.py","lineno":1,"logger":"py.warnings"}
{"timestamp":"2026-03-21T12:19:17.133740Z","level":"warning","event":"The `airflow.utils.trigger_rule.TriggerRule` attribute is deprecated. Please use `'airflow.task.trigger_rule.TriggerRule'`.","category":"DeprecatedImportWarning","filename":"/opt/airflow/dags/cholera_pipeline.py","lineno":3,"logger":"py.warnings"}
{"timestamp":"2026-03-21T12:19:47.311387Z","level":"info","event":"Filling up the DagBag from /opt/airflow/dags/cholera_pipeline.py","logger":"airflow.models.dagbag.BundleDagBag","filename":"dagbag.py","lineno":593}
{"timestamp":"2026-03-21T12:19:47.825716Z","level":"warning","event":"The `airflow.decorators.dag` attribute is deprecated. Please use `'airflow.sdk.dag'`.","category":"DeprecatedImportWarning","filename":"/opt/airflow/dags/cholera_pipeline.py","lineno":1,"logger":"py.warnings"}
{"timestamp":"2026-03-21T12:19:47.825810Z","level":"warning","event":"The `airflow.decorators.task` attribute is deprecated. Please use `'airflow.sdk.task'`.","category":"DeprecatedImportWarning","filename":"/opt/airflow/dags/cholera_pipeline.py","lineno":1,"logger":"py.warnings"}
{"timestamp":"2026-03-21T12:19:47.825849Z","level":"warning","event":"The `airflow.utils.trigger_rule.TriggerRule` attribute is deprecated. Please use `'airflow.task.trigger_rule.TriggerRule'`.","category":"DeprecatedImportWarning","filename":"/opt/airflow/dags/cholera_pipeline.py","lineno":3,"logger":"py.warnings"}
{"timestamp":"2026-03-21T12:20:17.991232Z","level":"info","event":"Filling up the DagBag from /opt/airflow/dags/cholera_pipeline.py","logger":"airflow.models.dagbag.BundleDagBag","filename":"dagbag.py","lineno":593}
{"timestamp":"2026-03-21T12:20:18.470253Z","level":"warning","event":"The `airflow.decorators.dag` attribute is deprecated. Please use `'airflow.sdk.dag'`.","category":"DeprecatedImportWarning","filename":"/opt/airflow/dags/cholera_pipeline.py","lineno":1,"logger":"py.warnings"}
{"timestamp":"2026-03-21T12:20:18.470393Z","level":"warning","event":"The `airflow.decorators.task` attribute is deprecated. Please use `'airflow.sdk.task'`.","category":"DeprecatedImportWarning","filename":"/opt/airflow/dags/cholera_pipeline.py","lineno":1,"logger":"py.warnings"}
{"timestamp":"2026-03-21T12:20:18.470446Z","level":"warning","event":"The `airflow.utils.trigger_rule.TriggerRule` attribute is deprecated. Please use `'airflow.task.trigger_rule.TriggerRule'`.","category":"DeprecatedImportWarning","filename":"/opt/airflow/dags/cholera_pipeline.py","lineno":3,"logger":"py.warnings"}
{"timestamp":"2026-03-21T12:20:48.729235Z","level":"info","event":"Filling up the DagBag from /opt/airflow/dags/cholera_pipeline.py","logger":"airflow.models.dagbag.BundleDagBag","filename":"dagbag.py","lineno":593}
{"timestamp":"2026-03-21T12:20:49.235959Z","level":"warning","event":"The `airflow.decorators.dag` attribute is deprecated. Please use `'airflow.sdk.dag'`.","category":"DeprecatedImportWarning","filename":"/opt/airflow/dags/cholera_pipeline.py","lineno":1,"logger":"py.warnings"}
{"timestamp":"2026-03-21T12:20:49.236103Z","level":"warning","event":"The `airflow.decorators.task` attribute is deprecated. Please use `'airflow.sdk.task'`.","category":"DeprecatedImportWarning","filename":"/opt/airflow/dags/cholera_pipeline.py","lineno":1,"logger":"py.warnings"}
{"timestamp":"2026-03-21T12:20:49.236153Z","level":"warning","event":"The `airflow.utils.trigger_rule.TriggerRule` attribute is deprecated. Please use `'airflow.task.trigger_rule.TriggerRule'`.","category":"DeprecatedImportWarning","filename":"/opt/airflow/dags/cholera_pipeline.py","lineno":3,"logger":"py.warnings"}
{"timestamp":"2026-03-21T12:21:19.486332Z","level":"info","event":"Filling up the DagBag from /opt/airflow/dags/cholera_pipeline.py","logger":"airflow.models.dagbag.BundleDagBag","filename":"dagbag.py","lineno":593}
{"timestamp":"2026-03-21T12:21:20.006206Z","level":"warning","event":"The `airflow.decorators.dag` attribute is deprecated. Please use `'airflow.sdk.dag'`.","category":"DeprecatedImportWarning","filename":"/opt/airflow/dags/cholera_pipeline.py","lineno":1,"logger":"py.warnings"}
{"timestamp":"2026-03-21T12:21:20.006337Z","level":"warning","event":"The `airflow.decorators.task` attribute is deprecated. Please use `'airflow.sdk.task'`.","category":"DeprecatedImportWarning","filename":"/opt/airflow/dags/cholera_pipeline.py","lineno":1,"logger":"py.warnings"}
{"timestamp":"2026-03-21T12:21:20.006384Z","level":"warning","event":"The `airflow.utils.trigger_rule.TriggerRule` attribute is deprecated. Please use `'airflow.task.trigger_rule.TriggerRule'`.","category":"DeprecatedImportWarning","filename":"/opt/airflow/dags/cholera_pipeline.py","lineno":3,"logger":"py.warnings"}
{"timestamp":"2026-03-21T12:21:50.238527Z","level":"info","event":"Filling up the DagBag from /opt/airflow/dags/cholera_pipeline.py","logger":"airflow.models.dagbag.BundleDagBag","filename":"dagbag.py","lineno":593}
{"timestamp":"2026-03-21T12:21:50.863337Z","level":"warning","event":"The `airflow.decorators.dag` attribute is deprecated. Please use `'airflow.sdk.dag'`.","category":"DeprecatedImportWarning","filename":"/opt/airflow/dags/cholera_pipeline.py","lineno":1,"logger":"py.warnings"}
{"timestamp":"2026-03-21T12:21:50.863540Z","level":"warning","event":"The `airflow.decorators.task` attribute is deprecated. Please use `'airflow.sdk.task'`.","category":"DeprecatedImportWarning","filename":"/opt/airflow/dags/cholera_pipeline.py","lineno":1,"logger":"py.warnings"}
{"timestamp":"2026-03-21T12:21:50.863590Z","level":"warning","event":"The `airflow.utils.trigger_rule.TriggerRule` attribute is deprecated. Please use `'airflow.task.trigger_rule.TriggerRule'`.","category":"DeprecatedImportWarning","filename":"/opt/airflow/dags/cholera_pipeline.py","lineno":3,"logger":"py.warnings"}
{"timestamp":"2026-03-21T20:01:02.881420Z","level":"info","event":"Filling up the DagBag from /opt/airflow/dags/cholera_pipeline.py","logger":"airflow.models.dagbag.BundleDagBag","filename":"dagbag.py","lineno":593}
{"timestamp":"2026-03-21T20:01:06.977683Z","level":"warning","event":"The `airflow.decorators.dag` attribute is deprecated. Please use `'airflow.sdk.dag'`.","category":"DeprecatedImportWarning","filename":"/opt/airflow/dags/cholera_pipeline.py","lineno":1,"logger":"py.warnings"}
{"timestamp":"2026-03-21T20:01:06.978115Z","level":"warning","event":"The `airflow.decorators.task` attribute is deprecated. Please use `'airflow.sdk.task'`.","category":"DeprecatedImportWarning","filename":"/opt/airflow/dags/cholera_pipeline.py","lineno":1,"logger":"py.warnings"}
{"timestamp":"2026-03-21T20:01:06.978268Z","level":"warning","event":"The `airflow.utils.trigger_rule.TriggerRule` attribute is deprecated. Please use `'airflow.task.trigger_rule.TriggerRule'`.","category":"DeprecatedImportWarning","filename":"/opt/airflow/dags/cholera_pipeline.py","lineno":3,"logger":"py.warnings"}
{"timestamp":"2026-03-21T20:01:37.870742Z","level":"info","event":"Filling up the DagBag from /opt/airflow/dags/cholera_pipeline.py","logger":"airflow.models.dagbag.BundleDagBag","filename":"dagbag.py","lineno":593}
{"timestamp":"2026-03-21T20:01:38.461787Z","level":"warning","event":"The `airflow.decorators.dag` attribute is deprecated. Please use `'airflow.sdk.dag'`.","category":"DeprecatedImportWarning","filename":"/opt/airflow/dags/cholera_pipeline.py","lineno":1,"logger":"py.warnings"}
{"timestamp":"2026-03-21T20:01:38.461992Z","level":"warning","event":"The `airflow.decorators.task` attribute is deprecated. Please use `'airflow.sdk.task'`.","category":"DeprecatedImportWarning","filename":"/opt/airflow/dags/cholera_pipeline.py","lineno":1,"logger":"py.warnings"}
{"timestamp":"2026-03-21T20:01:38.462055Z","level":"warning","event":"The `airflow.utils.trigger_rule.TriggerRule` attribute is deprecated. Please use `'airflow.task.trigger_rule.TriggerRule'`.","category":"DeprecatedImportWarning","filename":"/opt/airflow/dags/cholera_pipeline.py","lineno":3,"logger":"py.warnings"}
{"timestamp":"2026-03-21T20:02:08.660438Z","level":"info","event":"Filling up the DagBag from /opt/airflow/dags/cholera_pipeline.py","logger":"airflow.models.dagbag.BundleDagBag","filename":"dagbag.py","lineno":593}
{"timestamp":"2026-03-21T20:02:09.008312Z","level":"warning","event":"The `airflow.decorators.dag` attribute is deprecated. Please use `'airflow.sdk.dag'`.","category":"DeprecatedImportWarning","filename":"/opt/airflow/dags/cholera_pipeline.py","lineno":1,"logger":"py.warnings"}
{"timestamp":"2026-03-21T20:02:09.008448Z","level":"warning","event":"The `airflow.decorators.task` attribute is deprecated. Please use `'airflow.sdk.task'`.","category":"DeprecatedImportWarning","filename":"/opt/airflow/dags/cholera_pipeline.py","lineno":1,"logger":"py.warnings"}
{"timestamp":"2026-03-21T20:02:09.008492Z","level":"warning","event":"The `airflow.utils.trigger_rule.TriggerRule` attribute is deprecated. Please use `'airflow.task.trigger_rule.TriggerRule'`.","category":"DeprecatedImportWarning","filename":"/opt/airflow/dags/cholera_pipeline.py","lineno":3,"logger":"py.warnings"}
{"timestamp":"2026-03-21T20:02:39.560942Z","level":"info","event":"Filling up the DagBag from /opt/airflow/dags/cholera_pipeline.py","logger":"airflow.models.dagbag.BundleDagBag","filename":"dagbag.py","lineno":593}
{"timestamp":"2026-03-21T20:02:39.947927Z","level":"warning","event":"The `airflow.decorators.dag` attribute is deprecated. Please use `'airflow.sdk.dag'`.","category":"DeprecatedImportWarning","filename":"/opt/airflow/dags/cholera_pipeline.py","lineno":1,"logger":"py.warnings"}
{"timestamp":"2026-03-21T20:02:39.948063Z","level":"warning","event":"The `airflow.decorators.task` attribute is deprecated. Please use `'airflow.sdk.task'`.","category":"DeprecatedImportWarning","filename":"/opt/airflow/dags/cholera_pipeline.py","lineno":1,"logger":"py.warnings"}
{"timestamp":"2026-03-21T20:02:39.948113Z","level":"warning","event":"The `airflow.utils.trigger_rule.TriggerRule` attribute is deprecated. Please use `'airflow.task.trigger_rule.TriggerRule'`.","category":"DeprecatedImportWarning","filename":"/opt/airflow/dags/cholera_pipeline.py","lineno":3,"logger":"py.warnings"}
{"timestamp":"2026-03-21T20:03:10.468399Z","level":"info","event":"Filling up the DagBag from /opt/airflow/dags/cholera_pipeline.py","logger":"airflow.models.dagbag.BundleDagBag","filename":"dagbag.py","lineno":593}
{"timestamp":"2026-03-21T20:03:10.816406Z","level":"warning","event":"The `airflow.decorators.dag` attribute is deprecated. Please use `'airflow.sdk.dag'`.","category":"DeprecatedImportWarning","filename":"/opt/airflow/dags/cholera_pipeline.py","lineno":1,"logger":"py.warnings"}
{"timestamp":"2026-03-21T20:03:10.816545Z","level":"warning","event":"The `airflow.decorators.task` attribute is deprecated. Please use `'airflow.sdk.task'`.","category":"DeprecatedImportWarning","filename":"/opt/airflow/dags/cholera_pipeline.py","lineno":1,"logger":"py.warnings"}
{"timestamp":"2026-03-21T20:03:10.816590Z","level":"warning","event":"The `airflow.utils.trigger_rule.TriggerRule` attribute is deprecated. Please use `'airflow.task.trigger_rule.TriggerRule'`.","category":"DeprecatedImportWarning","filename":"/opt/airflow/dags/cholera_pipeline.py","lineno":3,"logger":"py.warnings"}
{"timestamp":"2026-03-21T20:03:41.355315Z","level":"info","event":"Filling up the DagBag from /opt/airflow/dags/cholera_pipeline.py","logger":"airflow.models.dagbag.BundleDagBag","filename":"dagbag.py","lineno":593}
{"timestamp":"2026-03-21T20:03:41.717912Z","level":"warning","event":"The `airflow.decorators.dag` attribute is deprecated. Please use `'airflow.sdk.dag'`.","category":"DeprecatedImportWarning","filename":"/opt/airflow/dags/cholera_pipeline.py","lineno":1,"logger":"py.warnings"}
{"timestamp":"2026-03-21T20:03:41.718043Z","level":"warning","event":"The `airflow.decorators.task` attribute is deprecated. Please use `'airflow.sdk.task'`.","category":"DeprecatedImportWarning","filename":"/opt/airflow/dags/cholera_pipeline.py","lineno":1,"logger":"py.warnings"}
{"timestamp":"2026-03-21T20:03:41.718094Z","level":"warning","event":"The `airflow.utils.trigger_rule.TriggerRule` attribute is deprecated. Please use `'airflow.task.trigger_rule.TriggerRule'`.","category":"DeprecatedImportWarning","filename":"/opt/airflow/dags/cholera_pipeline.py","lineno":3,"logger":"py.warnings"}
{"timestamp":"2026-03-21T20:04:12.354091Z","level":"info","event":"Filling up the DagBag from /opt/airflow/dags/cholera_pipeline.py","logger":"airflow.models.dagbag.BundleDagBag","filename":"dagbag.py","lineno":593}
{"timestamp":"2026-03-21T20:04:12.772864Z","level":"warning","event":"The `airflow.decorators.dag` attribute is deprecated. Please use `'airflow.sdk.dag'`.","category":"DeprecatedImportWarning","filename":"/opt/airflow/dags/cholera_pipeline.py","lineno":1,"logger":"py.warnings"}
{"timestamp":"2026-03-21T20:04:12.773478Z","level":"warning","event":"The `airflow.decorators.task` attribute is deprecated. Please use `'airflow.sdk.task'`.","category":"DeprecatedImportWarning","filename":"/opt/airflow/dags/cholera_pipeline.py","lineno":1,"logger":"py.warnings"}
{"timestamp":"2026-03-21T20:04:12.773619Z","level":"warning","event":"The `airflow.utils.trigger_rule.TriggerRule` attribute is deprecated. Please use `'airflow.task.trigger_rule.TriggerRule'`.","category":"DeprecatedImportWarning","filename":"/opt/airflow/dags/cholera_pipeline.py","lineno":3,"logger":"py.warnings"}
{"timestamp":"2026-03-21T20:04:43.517923Z","level":"info","event":"Filling up the DagBag from /opt/airflow/dags/cholera_pipeline.py","logger":"airflow.models.dagbag.BundleDagBag","filename":"dagbag.py","lineno":593}
{"timestamp":"2026-03-21T20:04:43.990803Z","level":"warning","event":"The `airflow.decorators.dag` attribute is deprecated. Please use `'airflow.sdk.dag'`.","category":"DeprecatedImportWarning","filename":"/opt/airflow/dags/cholera_pipeline.py","lineno":1,"logger":"py.warnings"}
{"timestamp":"2026-03-21T20:04:43.990944Z","level":"warning","event":"The `airflow.decorators.task` attribute is deprecated. Please use `'airflow.sdk.task'`.","category":"DeprecatedImportWarning","filename":"/opt/airflow/dags/cholera_pipeline.py","lineno":1,"logger":"py.warnings"}
{"timestamp":"2026-03-21T20:04:43.991014Z","level":"warning","event":"The `airflow.utils.trigger_rule.TriggerRule` attribute is deprecated. Please use `'airflow.task.trigger_rule.TriggerRule'`.","category":"DeprecatedImportWarning","filename":"/opt/airflow/dags/cholera_pipeline.py","lineno":3,"logger":"py.warnings"}
{"timestamp":"2026-03-21T20:05:14.723836Z","level":"info","event":"Filling up the DagBag from /opt/airflow/dags/cholera_pipeline.py","logger":"airflow.models.dagbag.BundleDagBag","filename":"dagbag.py","lineno":593}
{"timestamp":"2026-03-21T20:05:15.202003Z","level":"warning","event":"The `airflow.decorators.dag` attribute is deprecated. Please use `'airflow.sdk.dag'`.","category":"DeprecatedImportWarning","filename":"/opt/airflow/dags/cholera_pipeline.py","lineno":1,"logger":"py.warnings"}
{"timestamp":"2026-03-21T20:05:15.202145Z","level":"warning","event":"The `airflow.decorators.task` attribute is deprecated. Please use `'airflow.sdk.task'`.","category":"DeprecatedImportWarning","filename":"/opt/airflow/dags/cholera_pipeline.py","lineno":1,"logger":"py.warnings"}
{"timestamp":"2026-03-21T20:05:15.202194Z","level":"warning","event":"The `airflow.utils.trigger_rule.TriggerRule` attribute is deprecated. Please use `'airflow.task.trigger_rule.TriggerRule'`.","category":"DeprecatedImportWarning","filename":"/opt/airflow/dags/cholera_pipeline.py","lineno":3,"logger":"py.warnings"}
{"timestamp":"2026-03-21T20:05:45.895436Z","level":"info","event":"Filling up the DagBag from /opt/airflow/dags/cholera_pipeline.py","logger":"airflow.models.dagbag.BundleDagBag","filename":"dagbag.py","lineno":593}
{"timestamp":"2026-03-21T20:05:46.334476Z","level":"warning","event":"The `airflow.decorators.dag` attribute is deprecated. Please use `'airflow.sdk.dag'`.","category":"DeprecatedImportWarning","filename":"/opt/airflow/dags/cholera_pipeline.py","lineno":1,"logger":"py.warnings"}
{"timestamp":"2026-03-21T20:05:46.334612Z","level":"warning","event":"The `airflow.decorators.task` attribute is deprecated. Please use `'airflow.sdk.task'`.","category":"DeprecatedImportWarning","filename":"/opt/airflow/dags/cholera_pipeline.py","lineno":1,"logger":"py.warnings"}
{"timestamp":"2026-03-21T20:05:46.334658Z","level":"warning","event":"The `airflow.utils.trigger_rule.TriggerRule` attribute is deprecated. Please use `'airflow.task.trigger_rule.TriggerRule'`.","category":"DeprecatedImportWarning","filename":"/opt/airflow/dags/cholera_pipeline.py","lineno":3,"logger":"py.warnings"}
{"timestamp":"2026-03-21T20:06:17.143538Z","level":"info","event":"Filling up the DagBag from /opt/airflow/dags/cholera_pipeline.py","logger":"airflow.models.dagbag.BundleDagBag","filename":"dagbag.py","lineno":593}
{"timestamp":"2026-03-21T20:06:17.641086Z","level":"warning","event":"The `airflow.decorators.dag` attribute is deprecated. Please use `'airflow.sdk.dag'`.","category":"DeprecatedImportWarning","filename":"/opt/airflow/dags/cholera_pipeline.py","lineno":1,"logger":"py.warnings"}
{"timestamp":"2026-03-21T20:06:17.641228Z","level":"warning","event":"The `airflow.decorators.task` attribute is deprecated. Please use `'airflow.sdk.task'`.","category":"DeprecatedImportWarning","filename":"/opt/airflow/dags/cholera_pipeline.py","lineno":1,"logger":"py.warnings"}
{"timestamp":"2026-03-21T20:06:17.641281Z","level":"warning","event":"The `airflow.utils.trigger_rule.TriggerRule` attribute is deprecated. Please use `'airflow.task.trigger_rule.TriggerRule'`.","category":"DeprecatedImportWarning","filename":"/opt/airflow/dags/cholera_pipeline.py","lineno":3,"logger":"py.warnings"}
{"timestamp":"2026-03-21T20:06:48.404866Z","level":"info","event":"Filling up the DagBag from /opt/airflow/dags/cholera_pipeline.py","logger":"airflow.models.dagbag.BundleDagBag","filename":"dagbag.py","lineno":593}
{"timestamp":"2026-03-21T20:06:48.873798Z","level":"warning","event":"The `airflow.decorators.dag` attribute is deprecated. Please use `'airflow.sdk.dag'`.","category":"DeprecatedImportWarning","filename":"/opt/airflow/dags/cholera_pipeline.py","lineno":1,"logger":"py.warnings"}
{"timestamp":"2026-03-21T20:06:48.873934Z","level":"warning","event":"The `airflow.decorators.task` attribute is deprecated. Please use `'airflow.sdk.task'`.","category":"DeprecatedImportWarning","filename":"/opt/airflow/dags/cholera_pipeline.py","lineno":1,"logger":"py.warnings"}
{"timestamp":"2026-03-21T20:06:48.873981Z","level":"warning","event":"The `airflow.utils.trigger_rule.TriggerRule` attribute is deprecated. Please use `'airflow.task.trigger_rule.TriggerRule'`.","category":"DeprecatedImportWarning","filename":"/opt/airflow/dags/cholera_pipeline.py","lineno":3,"logger":"py.warnings"}
{"timestamp":"2026-03-21T20:07:19.444637Z","level":"info","event":"Filling up the DagBag from /opt/airflow/dags/cholera_pipeline.py","logger":"airflow.models.dagbag.BundleDagBag","filename":"dagbag.py","lineno":593}
{"timestamp":"2026-03-21T20:07:19.872843Z","level":"warning","event":"The `airflow.decorators.dag` attribute is deprecated. Please use `'airflow.sdk.dag'`.","category":"DeprecatedImportWarning","filename":"/opt/airflow/dags/cholera_pipeline.py","lineno":1,"logger":"py.warnings"}
{"timestamp":"2026-03-21T20:07:19.872990Z","level":"warning","event":"The `airflow.decorators.task` attribute is deprecated. Please use `'airflow.sdk.task'`.","category":"DeprecatedImportWarning","filename":"/opt/airflow/dags/cholera_pipeline.py","lineno":1,"logger":"py.warnings"}
{"timestamp":"2026-03-21T20:07:19.873055Z","level":"warning","event":"The `airflow.utils.trigger_rule.TriggerRule` attribute is deprecated. Please use `'airflow.task.trigger_rule.TriggerRule'`.","category":"DeprecatedImportWarning","filename":"/opt/airflow/dags/cholera_pipeline.py","lineno":3,"logger":"py.warnings"}
{"timestamp":"2026-03-21T20:07:50.543031Z","level":"info","event":"Filling up the DagBag from /opt/airflow/dags/cholera_pipeline.py","logger":"airflow.models.dagbag.BundleDagBag","filename":"dagbag.py","lineno":593}
{"timestamp":"2026-03-21T20:07:50.980919Z","level":"warning","event":"The `airflow.decorators.dag` attribute is deprecated. Please use `'airflow.sdk.dag'`.","category":"DeprecatedImportWarning","filename":"/opt/airflow/dags/cholera_pipeline.py","lineno":1,"logger":"py.warnings"}
{"timestamp":"2026-03-21T20:07:50.981052Z","level":"warning","event":"The `airflow.decorators.task` attribute is deprecated. Please use `'airflow.sdk.task'`.","category":"DeprecatedImportWarning","filename":"/opt/airflow/dags/cholera_pipeline.py","lineno":1,"logger":"py.warnings"}
{"timestamp":"2026-03-21T20:07:50.981099Z","level":"warning","event":"The `airflow.utils.trigger_rule.TriggerRule` attribute is deprecated. Please use `'airflow.task.trigger_rule.TriggerRule'`.","category":"DeprecatedImportWarning","filename":"/opt/airflow/dags/cholera_pipeline.py","lineno":3,"logger":"py.warnings"}
{"timestamp":"2026-03-21T20:08:21.704968Z","level":"info","event":"Filling up the DagBag from /opt/airflow/dags/cholera_pipeline.py","logger":"airflow.models.dagbag.BundleDagBag","filename":"dagbag.py","lineno":593}
{"timestamp":"2026-03-21T20:08:22.114605Z","level":"warning","event":"The `airflow.decorators.dag` attribute is deprecated. Please use `'airflow.sdk.dag'`.","category":"DeprecatedImportWarning","filename":"/opt/airflow/dags/cholera_pipeline.py","lineno":1,"logger":"py.warnings"}
{"timestamp":"2026-03-21T20:08:22.114729Z","level":"warning","event":"The `airflow.decorators.task` attribute is deprecated. Please use `'airflow.sdk.task'`.","category":"DeprecatedImportWarning","filename":"/opt/airflow/dags/cholera_pipeline.py","lineno":1,"logger":"py.warnings"}
{"timestamp":"2026-03-21T20:08:22.114774Z","level":"warning","event":"The `airflow.utils.trigger_rule.TriggerRule` attribute is deprecated. Please use `'airflow.task.trigger_rule.TriggerRule'`.","category":"DeprecatedImportWarning","filename":"/opt/airflow/dags/cholera_pipeline.py","lineno":3,"logger":"py.warnings"}
{"timestamp":"2026-03-21T20:08:52.788776Z","level":"info","event":"Filling up the DagBag from /opt/airflow/dags/cholera_pipeline.py","logger":"airflow.models.dagbag.BundleDagBag","filename":"dagbag.py","lineno":593}
{"timestamp":"2026-03-21T20:08:53.213250Z","level":"warning","event":"The `airflow.decorators.dag` attribute is deprecated. Please use `'airflow.sdk.dag'`.","category":"DeprecatedImportWarning","filename":"/opt/airflow/dags/cholera_pipeline.py","lineno":1,"logger":"py.warnings"}
{"timestamp":"2026-03-21T20:08:53.213378Z","level":"warning","event":"The `airflow.decorators.task` attribute is deprecated. Please use `'airflow.sdk.task'`.","category":"DeprecatedImportWarning","filename":"/opt/airflow/dags/cholera_pipeline.py","lineno":1,"logger":"py.warnings"}
{"timestamp":"2026-03-21T20:08:53.213427Z","level":"warning","event":"The `airflow.utils.trigger_rule.TriggerRule` attribute is deprecated. Please use `'airflow.task.trigger_rule.TriggerRule'`.","category":"DeprecatedImportWarning","filename":"/opt/airflow/dags/cholera_pipeline.py","lineno":3,"logger":"py.warnings"}
{"timestamp":"2026-03-21T20:09:23.977015Z","level":"info","event":"Filling up the DagBag from /opt/airflow/dags/cholera_pipeline.py","logger":"airflow.models.dagbag.BundleDagBag","filename":"dagbag.py","lineno":593}
{"timestamp":"2026-03-21T20:09:24.416110Z","level":"warning","event":"The `airflow.decorators.dag` attribute is deprecated. Please use `'airflow.sdk.dag'`.","category":"DeprecatedImportWarning","filename":"/opt/airflow/dags/cholera_pipeline.py","lineno":1,"logger":"py.warnings"}
{"timestamp":"2026-03-21T20:09:24.416246Z","level":"warning","event":"The `airflow.decorators.task` attribute is deprecated. Please use `'airflow.sdk.task'`.","category":"DeprecatedImportWarning","filename":"/opt/airflow/dags/cholera_pipeline.py","lineno":1,"logger":"py.warnings"}
{"timestamp":"2026-03-21T20:09:24.416293Z","level":"warning","event":"The `airflow.utils.trigger_rule.TriggerRule` attribute is deprecated. Please use `'airflow.task.trigger_rule.TriggerRule'`.","category":"DeprecatedImportWarning","filename":"/opt/airflow/dags/cholera_pipeline.py","lineno":3,"logger":"py.warnings"}
{"timestamp":"2026-03-21T20:09:55.100046Z","level":"info","event":"Filling up the DagBag from /opt/airflow/dags/cholera_pipeline.py","logger":"airflow.models.dagbag.BundleDagBag","filename":"dagbag.py","lineno":593}
{"timestamp":"2026-03-21T20:09:55.460735Z","level":"warning","event":"The `airflow.decorators.dag` attribute is deprecated. Please use `'airflow.sdk.dag'`.","category":"DeprecatedImportWarning","filename":"/opt/airflow/dags/cholera_pipeline.py","lineno":1,"logger":"py.warnings"}
{"timestamp":"2026-03-21T20:09:55.460889Z","level":"warning","event":"The `airflow.decorators.task` attribute is deprecated. Please use `'airflow.sdk.task'`.","category":"DeprecatedImportWarning","filename":"/opt/airflow/dags/cholera_pipeline.py","lineno":1,"logger":"py.warnings"}
{"timestamp":"2026-03-21T20:09:55.460942Z","level":"warning","event":"The `airflow.utils.trigger_rule.TriggerRule` attribute is deprecated. Please use `'airflow.task.trigger_rule.TriggerRule'`.","category":"DeprecatedImportWarning","filename":"/opt/airflow/dags/cholera_pipeline.py","lineno":3,"logger":"py.warnings"}
{"timestamp":"2026-03-21T20:10:26.073635Z","level":"info","event":"Filling up the DagBag from /opt/airflow/dags/cholera_pipeline.py","logger":"airflow.models.dagbag.BundleDagBag","filename":"dagbag.py","lineno":593}
{"timestamp":"2026-03-21T20:10:26.461730Z","level":"warning","event":"The `airflow.decorators.dag` attribute is deprecated. Please use `'airflow.sdk.dag'`.","category":"DeprecatedImportWarning","filename":"/opt/airflow/dags/cholera_pipeline.py","lineno":1,"logger":"py.warnings"}
{"timestamp":"2026-03-21T20:10:26.462095Z","level":"warning","event":"The `airflow.decorators.task` attribute is deprecated. Please use `'airflow.sdk.task'`.","category":"DeprecatedImportWarning","filename":"/opt/airflow/dags/cholera_pipeline.py","lineno":1,"logger":"py.warnings"}
{"timestamp":"2026-03-21T20:10:26.462245Z","level":"warning","event":"The `airflow.utils.trigger_rule.TriggerRule` attribute is deprecated. Please use `'airflow.task.trigger_rule.TriggerRule'`.","category":"DeprecatedImportWarning","filename":"/opt/airflow/dags/cholera_pipeline.py","lineno":3,"logger":"py.warnings"}
{"timestamp":"2026-03-21T20:10:56.994527Z","level":"info","event":"Filling up the DagBag from /opt/airflow/dags/cholera_pipeline.py","logger":"airflow.models.dagbag.BundleDagBag","filename":"dagbag.py","lineno":593}
{"timestamp":"2026-03-21T20:10:57.335473Z","level":"warning","event":"The `airflow.decorators.dag` attribute is deprecated. Please use `'airflow.sdk.dag'`.","category":"DeprecatedImportWarning","filename":"/opt/airflow/dags/cholera_pipeline.py","lineno":1,"logger":"py.warnings"}
{"timestamp":"2026-03-21T20:10:57.335634Z","level":"warning","event":"The `airflow.decorators.task` attribute is deprecated. Please use `'airflow.sdk.task'`.","category":"DeprecatedImportWarning","filename":"/opt/airflow/dags/cholera_pipeline.py","lineno":1,"logger":"py.warnings"}
{"timestamp":"2026-03-21T20:10:57.335685Z","level":"warning","event":"The `airflow.utils.trigger_rule.TriggerRule` attribute is deprecated. Please use `'airflow.task.trigger_rule.TriggerRule'`.","category":"DeprecatedImportWarning","filename":"/opt/airflow/dags/cholera_pipeline.py","lineno":3,"logger":"py.warnings"}
{"timestamp":"2026-03-21T20:11:28.141790Z","level":"info","event":"Filling up the DagBag from /opt/airflow/dags/cholera_pipeline.py","logger":"airflow.models.dagbag.BundleDagBag","filename":"dagbag.py","lineno":593}
{"timestamp":"2026-03-21T20:11:28.578150Z","level":"warning","event":"The `airflow.decorators.dag` attribute is deprecated. Please use `'airflow.sdk.dag'`.","category":"DeprecatedImportWarning","filename":"/opt/airflow/dags/cholera_pipeline.py","lineno":1,"logger":"py.warnings"}
{"timestamp":"2026-03-21T20:11:28.578289Z","level":"warning","event":"The `airflow.decorators.task` attribute is deprecated. Please use `'airflow.sdk.task'`.","category":"DeprecatedImportWarning","filename":"/opt/airflow/dags/cholera_pipeline.py","lineno":1,"logger":"py.warnings"}
{"timestamp":"2026-03-21T20:11:28.578346Z","level":"warning","event":"The `airflow.utils.trigger_rule.TriggerRule` attribute is deprecated. Please use `'airflow.task.trigger_rule.TriggerRule'`.","category":"DeprecatedImportWarning","filename":"/opt/airflow/dags/cholera_pipeline.py","lineno":3,"logger":"py.warnings"}
{"timestamp":"2026-03-21T20:11:59.358196Z","level":"info","event":"Filling up the DagBag from /opt/airflow/dags/cholera_pipeline.py","logger":"airflow.models.dagbag.BundleDagBag","filename":"dagbag.py","lineno":593}
{"timestamp":"2026-03-21T20:11:59.769938Z","level":"warning","event":"The `airflow.decorators.dag` attribute is deprecated. Please use `'airflow.sdk.dag'`.","category":"DeprecatedImportWarning","filename":"/opt/airflow/dags/cholera_pipeline.py","lineno":1,"logger":"py.warnings"}
{"timestamp":"2026-03-21T20:11:59.770065Z","level":"warning","event":"The `airflow.decorators.task` attribute is deprecated. Please use `'airflow.sdk.task'`.","category":"DeprecatedImportWarning","filename":"/opt/airflow/dags/cholera_pipeline.py","lineno":1,"logger":"py.warnings"}
{"timestamp":"2026-03-21T20:11:59.770119Z","level":"warning","event":"The `airflow.utils.trigger_rule.TriggerRule` attribute is deprecated. Please use `'airflow.task.trigger_rule.TriggerRule'`.","category":"DeprecatedImportWarning","filename":"/opt/airflow/dags/cholera_pipeline.py","lineno":3,"logger":"py.warnings"}
{"timestamp":"2026-03-21T20:12:30.408671Z","level":"info","event":"Filling up the DagBag from /opt/airflow/dags/cholera_pipeline.py","logger":"airflow.models.dagbag.BundleDagBag","filename":"dagbag.py","lineno":593}
{"timestamp":"2026-03-21T20:12:30.817568Z","level":"warning","event":"The `airflow.decorators.dag` attribute is deprecated. Please use `'airflow.sdk.dag'`.","category":"DeprecatedImportWarning","filename":"/opt/airflow/dags/cholera_pipeline.py","lineno":1,"logger":"py.warnings"}
{"timestamp":"2026-03-21T20:12:30.817688Z","level":"warning","event":"The `airflow.decorators.task` attribute is deprecated. Please use `'airflow.sdk.task'`.","category":"DeprecatedImportWarning","filename":"/opt/airflow/dags/cholera_pipeline.py","lineno":1,"logger":"py.warnings"}
{"timestamp":"2026-03-21T20:12:30.817733Z","level":"warning","event":"The `airflow.utils.trigger_rule.TriggerRule` attribute is deprecated. Please use `'airflow.task.trigger_rule.TriggerRule'`.","category":"DeprecatedImportWarning","filename":"/opt/airflow/dags/cholera_pipeline.py","lineno":3,"logger":"py.warnings"}
{"timestamp":"2026-03-21T20:13:01.458156Z","level":"info","event":"Filling up the DagBag from /opt/airflow/dags/cholera_pipeline.py","logger":"airflow.models.dagbag.BundleDagBag","filename":"dagbag.py","lineno":593}
{"timestamp":"2026-03-21T20:13:01.868165Z","level":"warning","event":"The `airflow.decorators.dag` attribute is deprecated. Please use `'airflow.sdk.dag'`.","category":"DeprecatedImportWarning","filename":"/opt/airflow/dags/cholera_pipeline.py","lineno":1,"logger":"py.warnings"}
{"timestamp":"2026-03-21T20:13:01.868285Z","level":"warning","event":"The `airflow.decorators.task` attribute is deprecated. Please use `'airflow.sdk.task'`.","category":"DeprecatedImportWarning","filename":"/opt/airflow/dags/cholera_pipeline.py","lineno":1,"logger":"py.warnings"}
{"timestamp":"2026-03-21T20:13:01.868332Z","level":"warning","event":"The `airflow.utils.trigger_rule.TriggerRule` attribute is deprecated. Please use `'airflow.task.trigger_rule.TriggerRule'`.","category":"DeprecatedImportWarning","filename":"/opt/airflow/dags/cholera_pipeline.py","lineno":3,"logger":"py.warnings"}
{"timestamp":"2026-03-21T20:13:32.675115Z","level":"info","event":"Filling up the DagBag from /opt/airflow/dags/cholera_pipeline.py","logger":"airflow.models.dagbag.BundleDagBag","filename":"dagbag.py","lineno":593}
{"timestamp":"2026-03-21T20:13:33.079997Z","level":"warning","event":"The `airflow.decorators.dag` attribute is deprecated. Please use `'airflow.sdk.dag'`.","category":"DeprecatedImportWarning","filename":"/opt/airflow/dags/cholera_pipeline.py","lineno":1,"logger":"py.warnings"}
{"timestamp":"2026-03-21T20:13:33.080116Z","level":"warning","event":"The `airflow.decorators.task` attribute is deprecated. Please use `'airflow.sdk.task'`.","category":"DeprecatedImportWarning","filename":"/opt/airflow/dags/cholera_pipeline.py","lineno":1,"logger":"py.warnings"}
{"timestamp":"2026-03-21T20:13:33.080166Z","level":"warning","event":"The `airflow.utils.trigger_rule.TriggerRule` attribute is deprecated. Please use `'airflow.task.trigger_rule.TriggerRule'`.","category":"DeprecatedImportWarning","filename":"/opt/airflow/dags/cholera_pipeline.py","lineno":3,"logger":"py.warnings"}
{"timestamp":"2026-03-21T20:14:03.651676Z","level":"info","event":"Filling up the DagBag from /opt/airflow/dags/cholera_pipeline.py","logger":"airflow.models.dagbag.BundleDagBag","filename":"dagbag.py","lineno":593}
{"timestamp":"2026-03-21T20:14:04.162774Z","level":"warning","event":"The `airflow.decorators.dag` attribute is deprecated. Please use `'airflow.sdk.dag'`.","category":"DeprecatedImportWarning","filename":"/opt/airflow/dags/cholera_pipeline.py","lineno":1,"logger":"py.warnings"}
{"timestamp":"2026-03-21T20:14:04.162907Z","level":"warning","event":"The `airflow.decorators.task` attribute is deprecated. Please use `'airflow.sdk.task'`.","category":"DeprecatedImportWarning","filename":"/opt/airflow/dags/cholera_pipeline.py","lineno":1,"logger":"py.warnings"}
{"timestamp":"2026-03-21T20:14:04.162956Z","level":"warning","event":"The `airflow.utils.trigger_rule.TriggerRule` attribute is deprecated. Please use `'airflow.task.trigger_rule.TriggerRule'`.","category":"DeprecatedImportWarning","filename":"/opt/airflow/dags/cholera_pipeline.py","lineno":3,"logger":"py.warnings"}
{"timestamp":"2026-03-21T20:14:34.838157Z","level":"info","event":"Filling up the DagBag from /opt/airflow/dags/cholera_pipeline.py","logger":"airflow.models.dagbag.BundleDagBag","filename":"dagbag.py","lineno":593}
{"timestamp":"2026-03-21T20:14:35.344177Z","level":"warning","event":"The `airflow.decorators.dag` attribute is deprecated. Please use `'airflow.sdk.dag'`.","category":"DeprecatedImportWarning","filename":"/opt/airflow/dags/cholera_pipeline.py","lineno":1,"logger":"py.warnings"}
{"timestamp":"2026-03-21T20:14:35.344346Z","level":"warning","event":"The `airflow.decorators.task` attribute is deprecated. Please use `'airflow.sdk.task'`.","category":"DeprecatedImportWarning","filename":"/opt/airflow/dags/cholera_pipeline.py","lineno":1,"logger":"py.warnings"}
{"timestamp":"2026-03-21T20:14:35.344403Z","level":"warning","event":"The `airflow.utils.trigger_rule.TriggerRule` attribute is deprecated. Please use `'airflow.task.trigger_rule.TriggerRule'`.","category":"DeprecatedImportWarning","filename":"/opt/airflow/dags/cholera_pipeline.py","lineno":3,"logger":"py.warnings"}
{"timestamp":"2026-03-21T20:15:05.933776Z","level":"info","event":"Filling up the DagBag from /opt/airflow/dags/cholera_pipeline.py","logger":"airflow.models.dagbag.BundleDagBag","filename":"dagbag.py","lineno":593}
{"timestamp":"2026-03-21T20:15:06.428267Z","level":"warning","event":"The `airflow.decorators.dag` attribute is deprecated. Please use `'airflow.sdk.dag'`.","category":"DeprecatedImportWarning","filename":"/opt/airflow/dags/cholera_pipeline.py","lineno":1,"logger":"py.warnings"}
{"timestamp":"2026-03-21T20:15:06.428438Z","level":"warning","event":"The `airflow.decorators.task` attribute is deprecated. Please use `'airflow.sdk.task'`.","category":"DeprecatedImportWarning","filename":"/opt/airflow/dags/cholera_pipeline.py","lineno":1,"logger":"py.warnings"}
{"timestamp":"2026-03-21T20:15:06.428489Z","level":"warning","event":"The `airflow.utils.trigger_rule.TriggerRule` attribute is deprecated. Please use `'airflow.task.trigger_rule.TriggerRule'`.","category":"DeprecatedImportWarning","filename":"/opt/airflow/dags/cholera_pipeline.py","lineno":3,"logger":"py.warnings"}
{"timestamp":"2026-03-21T20:15:37.213213Z","level":"info","event":"Filling up the DagBag from /opt/airflow/dags/cholera_pipeline.py","logger":"airflow.models.dagbag.BundleDagBag","filename":"dagbag.py","lineno":593}
{"timestamp":"2026-03-21T20:15:37.667769Z","level":"warning","event":"The `airflow.decorators.dag` attribute is deprecated. Please use `'airflow.sdk.dag'`.","category":"DeprecatedImportWarning","filename":"/opt/airflow/dags/cholera_pipeline.py","lineno":1,"logger":"py.warnings"}
{"timestamp":"2026-03-21T20:15:37.667924Z","level":"warning","event":"The `airflow.decorators.task` attribute is deprecated. Please use `'airflow.sdk.task'`.","category":"DeprecatedImportWarning","filename":"/opt/airflow/dags/cholera_pipeline.py","lineno":1,"logger":"py.warnings"}
{"timestamp":"2026-03-21T20:15:37.667974Z","level":"warning","event":"The `airflow.utils.trigger_rule.TriggerRule` attribute is deprecated. Please use `'airflow.task.trigger_rule.TriggerRule'`.","category":"DeprecatedImportWarning","filename":"/opt/airflow/dags/cholera_pipeline.py","lineno":3,"logger":"py.warnings"}
{"timestamp":"2026-03-21T20:16:08.348971Z","level":"info","event":"Filling up the DagBag from /opt/airflow/dags/cholera_pipeline.py","logger":"airflow.models.dagbag.BundleDagBag","filename":"dagbag.py","lineno":593}
{"timestamp":"2026-03-21T20:16:08.794922Z","level":"warning","event":"The `airflow.decorators.dag` attribute is deprecated. Please use `'airflow.sdk.dag'`.","category":"DeprecatedImportWarning","filename":"/opt/airflow/dags/cholera_pipeline.py","lineno":1,"logger":"py.warnings"}
{"timestamp":"2026-03-21T20:16:08.795052Z","level":"warning","event":"The `airflow.decorators.task` attribute is deprecated. Please use `'airflow.sdk.task'`.","category":"DeprecatedImportWarning","filename":"/opt/airflow/dags/cholera_pipeline.py","lineno":1,"logger":"py.warnings"}
{"timestamp":"2026-03-21T20:16:08.795101Z","level":"warning","event":"The `airflow.utils.trigger_rule.TriggerRule` attribute is deprecated. Please use `'airflow.task.trigger_rule.TriggerRule'`.","category":"DeprecatedImportWarning","filename":"/opt/airflow/dags/cholera_pipeline.py","lineno":3,"logger":"py.warnings"}
