{"timestamp":"2026-03-21T06:12:45.981722Z","level":"info","event":"Filling up the DagBag from /opt/airflow/dags/csm_pipeline.py","logger":"airflow.models.dagbag.BundleDagBag","filename":"dagbag.py","lineno":593}
{"timestamp":"2026-03-21T06:12:46.927804Z","level":"warning","event":"The `airflow.decorators.dag` attribute is deprecated. Please use `'airflow.sdk.dag'`.","category":"DeprecatedImportWarning","filename":"/opt/airflow/dags/csm_pipeline.py","lineno":1,"logger":"py.warnings"}
{"timestamp":"2026-03-21T06:12:46.928130Z","level":"warning","event":"The `airflow.decorators.task` attribute is deprecated. Please use `'airflow.sdk.task'`.","category":"DeprecatedImportWarning","filename":"/opt/airflow/dags/csm_pipeline.py","lineno":1,"logger":"py.warnings"}
{"timestamp":"2026-03-21T06:12:46.928354Z","level":"warning","event":"The `airflow.utils.trigger_rule.TriggerRule` attribute is deprecated. Please use `'airflow.task.trigger_rule.TriggerRule'`.","category":"DeprecatedImportWarning","filename":"/opt/airflow/dags/csm_pipeline.py","lineno":3,"logger":"py.warnings"}
{"timestamp":"2026-03-21T06:13:18.086272Z","level":"info","event":"Filling up the DagBag from /opt/airflow/dags/csm_pipeline.py","logger":"airflow.models.dagbag.BundleDagBag","filename":"dagbag.py","lineno":593}
{"timestamp":"2026-03-21T06:13:18.910535Z","level":"warning","event":"The `airflow.decorators.dag` attribute is deprecated. Please use `'airflow.sdk.dag'`.","category":"DeprecatedImportWarning","filename":"/opt/airflow/dags/csm_pipeline.py","lineno":1,"logger":"py.warnings"}
{"timestamp":"2026-03-21T06:13:18.910757Z","level":"warning","event":"The `airflow.decorators.task` attribute is deprecated. Please use `'airflow.sdk.task'`.","category":"DeprecatedImportWarning","filename":"/opt/airflow/dags/csm_pipeline.py","lineno":1,"logger":"py.warnings"}
{"timestamp":"2026-03-21T06:13:18.910830Z","level":"warning","event":"The `airflow.utils.trigger_rule.TriggerRule` attribute is deprecated. Please use `'airflow.task.trigger_rule.TriggerRule'`.","category":"DeprecatedImportWarning","filename":"/opt/airflow/dags/csm_pipeline.py","lineno":3,"logger":"py.warnings"}
{"timestamp":"2026-03-21T06:13:49.416462Z","level":"info","event":"Filling up the DagBag from /opt/airflow/dags/csm_pipeline.py","logger":"airflow.models.dagbag.BundleDagBag","filename":"dagbag.py","lineno":593}
{"timestamp":"2026-03-21T06:13:50.316757Z","level":"warning","event":"The `airflow.decorators.dag` attribute is deprecated. Please use `'airflow.sdk.dag'`.","category":"DeprecatedImportWarning","filename":"/opt/airflow/dags/csm_pipeline.py","lineno":1,"logger":"py.warnings"}
{"timestamp":"2026-03-21T06:13:50.317023Z","level":"warning","event":"The `airflow.decorators.task` attribute is deprecated. Please use `'airflow.sdk.task'`.","category":"DeprecatedImportWarning","filename":"/opt/airflow/dags/csm_pipeline.py","lineno":1,"logger":"py.warnings"}
{"timestamp":"2026-03-21T06:13:50.317107Z","level":"warning","event":"The `airflow.utils.trigger_rule.TriggerRule` attribute is deprecated. Please use `'airflow.task.trigger_rule.TriggerRule'`.","category":"DeprecatedImportWarning","filename":"/opt/airflow/dags/csm_pipeline.py","lineno":3,"logger":"py.warnings"}
{"timestamp":"2026-03-21T06:14:20.883862Z","level":"info","event":"Filling up the DagBag from /opt/airflow/dags/csm_pipeline.py","logger":"airflow.models.dagbag.BundleDagBag","filename":"dagbag.py","lineno":593}
{"timestamp":"2026-03-21T06:14:21.477141Z","level":"warning","event":"The `airflow.decorators.dag` attribute is deprecated. Please use `'airflow.sdk.dag'`.","category":"DeprecatedImportWarning","filename":"/opt/airflow/dags/csm_pipeline.py","lineno":1,"logger":"py.warnings"}
{"timestamp":"2026-03-21T06:14:21.477337Z","level":"warning","event":"The `airflow.decorators.task` attribute is deprecated. Please use `'airflow.sdk.task'`.","category":"DeprecatedImportWarning","filename":"/opt/airflow/dags/csm_pipeline.py","lineno":1,"logger":"py.warnings"}
{"timestamp":"2026-03-21T06:14:21.477398Z","level":"warning","event":"The `airflow.utils.trigger_rule.TriggerRule` attribute is deprecated. Please use `'airflow.task.trigger_rule.TriggerRule'`.","category":"DeprecatedImportWarning","filename":"/opt/airflow/dags/csm_pipeline.py","lineno":3,"logger":"py.warnings"}
{"timestamp":"2026-03-21T06:14:52.532750Z","level":"info","event":"Filling up the DagBag from /opt/airflow/dags/csm_pipeline.py","logger":"airflow.models.dagbag.BundleDagBag","filename":"dagbag.py","lineno":593}
{"timestamp":"2026-03-21T06:14:53.260922Z","level":"warning","event":"The `airflow.decorators.dag` attribute is deprecated. Please use `'airflow.sdk.dag'`.","category":"DeprecatedImportWarning","filename":"/opt/airflow/dags/csm_pipeline.py","lineno":1,"logger":"py.warnings"}
{"timestamp":"2026-03-21T06:14:53.261143Z","level":"warning","event":"The `airflow.decorators.task` attribute is deprecated. Please use `'airflow.sdk.task'`.","category":"DeprecatedImportWarning","filename":"/opt/airflow/dags/csm_pipeline.py","lineno":1,"logger":"py.warnings"}
{"timestamp":"2026-03-21T06:14:53.261222Z","level":"warning","event":"The `airflow.utils.trigger_rule.TriggerRule` attribute is deprecated. Please use `'airflow.task.trigger_rule.TriggerRule'`.","category":"DeprecatedImportWarning","filename":"/opt/airflow/dags/csm_pipeline.py","lineno":3,"logger":"py.warnings"}
{"timestamp":"2026-03-21T06:15:23.603629Z","level":"info","event":"Filling up the DagBag from /opt/airflow/dags/csm_pipeline.py","logger":"airflow.models.dagbag.BundleDagBag","filename":"dagbag.py","lineno":593}
{"timestamp":"2026-03-21T06:15:24.063001Z","level":"warning","event":"The `airflow.decorators.dag` attribute is deprecated. Please use `'airflow.sdk.dag'`.","category":"DeprecatedImportWarning","filename":"/opt/airflow/dags/csm_pipeline.py","lineno":1,"logger":"py.warnings"}
{"timestamp":"2026-03-21T06:15:24.063147Z","level":"warning","event":"The `airflow.decorators.task` attribute is deprecated. Please use `'airflow.sdk.task'`.","category":"DeprecatedImportWarning","filename":"/opt/airflow/dags/csm_pipeline.py","lineno":1,"logger":"py.warnings"}
{"timestamp":"2026-03-21T06:15:24.063194Z","level":"warning","event":"The `airflow.utils.trigger_rule.TriggerRule` attribute is deprecated. Please use `'airflow.task.trigger_rule.TriggerRule'`.","category":"DeprecatedImportWarning","filename":"/opt/airflow/dags/csm_pipeline.py","lineno":3,"logger":"py.warnings"}
{"timestamp":"2026-03-21T06:15:54.466495Z","level":"info","event":"Filling up the DagBag from /opt/airflow/dags/csm_pipeline.py","logger":"airflow.models.dagbag.BundleDagBag","filename":"dagbag.py","lineno":593}
{"timestamp":"2026-03-21T06:15:54.974819Z","level":"warning","event":"The `airflow.decorators.dag` attribute is deprecated. Please use `'airflow.sdk.dag'`.","category":"DeprecatedImportWarning","filename":"/opt/airflow/dags/csm_pipeline.py","lineno":1,"logger":"py.warnings"}
{"timestamp":"2026-03-21T06:15:54.974982Z","level":"warning","event":"The `airflow.decorators.task` attribute is deprecated. Please use `'airflow.sdk.task'`.","category":"DeprecatedImportWarning","filename":"/opt/airflow/dags/csm_pipeline.py","lineno":1,"logger":"py.warnings"}
{"timestamp":"2026-03-21T06:15:54.975042Z","level":"warning","event":"The `airflow.utils.trigger_rule.TriggerRule` attribute is deprecated. Please use `'airflow.task.trigger_rule.TriggerRule'`.","category":"DeprecatedImportWarning","filename":"/opt/airflow/dags/csm_pipeline.py","lineno":3,"logger":"py.warnings"}
{"timestamp":"2026-03-21T06:16:25.883323Z","level":"info","event":"Filling up the DagBag from /opt/airflow/dags/csm_pipeline.py","logger":"airflow.models.dagbag.BundleDagBag","filename":"dagbag.py","lineno":593}
{"timestamp":"2026-03-21T06:16:26.460038Z","level":"warning","event":"The `airflow.decorators.dag` attribute is deprecated. Please use `'airflow.sdk.dag'`.","category":"DeprecatedImportWarning","filename":"/opt/airflow/dags/csm_pipeline.py","lineno":1,"logger":"py.warnings"}
{"timestamp":"2026-03-21T06:16:26.460230Z","level":"warning","event":"The `airflow.decorators.task` attribute is deprecated. Please use `'airflow.sdk.task'`.","category":"DeprecatedImportWarning","filename":"/opt/airflow/dags/csm_pipeline.py","lineno":1,"logger":"py.warnings"}
{"timestamp":"2026-03-21T06:16:26.460301Z","level":"warning","event":"The `airflow.utils.trigger_rule.TriggerRule` attribute is deprecated. Please use `'airflow.task.trigger_rule.TriggerRule'`.","category":"DeprecatedImportWarning","filename":"/opt/airflow/dags/csm_pipeline.py","lineno":3,"logger":"py.warnings"}
{"timestamp":"2026-03-21T06:16:56.737282Z","level":"info","event":"Filling up the DagBag from /opt/airflow/dags/csm_pipeline.py","logger":"airflow.models.dagbag.BundleDagBag","filename":"dagbag.py","lineno":593}
{"timestamp":"2026-03-21T06:16:57.194898Z","level":"warning","event":"The `airflow.decorators.dag` attribute is deprecated. Please use `'airflow.sdk.dag'`.","category":"DeprecatedImportWarning","filename":"/opt/airflow/dags/csm_pipeline.py","lineno":1,"logger":"py.warnings"}
{"timestamp":"2026-03-21T06:16:57.195106Z","level":"warning","event":"The `airflow.decorators.task` attribute is deprecated. Please use `'airflow.sdk.task'`.","category":"DeprecatedImportWarning","filename":"/opt/airflow/dags/csm_pipeline.py","lineno":1,"logger":"py.warnings"}
{"timestamp":"2026-03-21T06:16:57.195159Z","level":"warning","event":"The `airflow.utils.trigger_rule.TriggerRule` attribute is deprecated. Please use `'airflow.task.trigger_rule.TriggerRule'`.","category":"DeprecatedImportWarning","filename":"/opt/airflow/dags/csm_pipeline.py","lineno":3,"logger":"py.warnings"}
{"timestamp":"2026-03-21T06:17:27.475956Z","level":"info","event":"Filling up the DagBag from /opt/airflow/dags/csm_pipeline.py","logger":"airflow.models.dagbag.BundleDagBag","filename":"dagbag.py","lineno":593}
{"timestamp":"2026-03-21T06:17:27.997231Z","level":"warning","event":"The `airflow.decorators.dag` attribute is deprecated. Please use `'airflow.sdk.dag'`.","category":"DeprecatedImportWarning","filename":"/opt/airflow/dags/csm_pipeline.py","lineno":1,"logger":"py.warnings"}
{"timestamp":"2026-03-21T06:17:27.997505Z","level":"warning","event":"The `airflow.decorators.task` attribute is deprecated. Please use `'airflow.sdk.task'`.","category":"DeprecatedImportWarning","filename":"/opt/airflow/dags/csm_pipeline.py","lineno":1,"logger":"py.warnings"}
{"timestamp":"2026-03-21T06:17:27.997558Z","level":"warning","event":"The `airflow.utils.trigger_rule.TriggerRule` attribute is deprecated. Please use `'airflow.task.trigger_rule.TriggerRule'`.","category":"DeprecatedImportWarning","filename":"/opt/airflow/dags/csm_pipeline.py","lineno":3,"logger":"py.warnings"}
{"timestamp":"2026-03-21T07:14:36.352617Z","level":"info","event":"Filling up the DagBag from /opt/airflow/dags/csm_pipeline.py","logger":"airflow.models.dagbag.BundleDagBag","filename":"dagbag.py","lineno":593}
{"timestamp":"2026-03-21T07:14:37.290419Z","level":"warning","event":"The `airflow.decorators.dag` attribute is deprecated. Please use `'airflow.sdk.dag'`.","category":"DeprecatedImportWarning","filename":"/opt/airflow/dags/csm_pipeline.py","lineno":1,"logger":"py.warnings"}
{"timestamp":"2026-03-21T07:14:37.290693Z","level":"warning","event":"The `airflow.decorators.task` attribute is deprecated. Please use `'airflow.sdk.task'`.","category":"DeprecatedImportWarning","filename":"/opt/airflow/dags/csm_pipeline.py","lineno":1,"logger":"py.warnings"}
{"timestamp":"2026-03-21T07:14:37.290829Z","level":"warning","event":"The `airflow.utils.trigger_rule.TriggerRule` attribute is deprecated. Please use `'airflow.task.trigger_rule.TriggerRule'`.","category":"DeprecatedImportWarning","filename":"/opt/airflow/dags/csm_pipeline.py","lineno":3,"logger":"py.warnings"}
{"timestamp":"2026-03-21T12:06:57.579013Z","level":"info","event":"Filling up the DagBag from /opt/airflow/dags/csm_pipeline.py","logger":"airflow.models.dagbag.BundleDagBag","filename":"dagbag.py","lineno":593}
{"timestamp":"2026-03-21T12:06:58.109015Z","level":"warning","event":"The `airflow.decorators.dag` attribute is deprecated. Please use `'airflow.sdk.dag'`.","category":"DeprecatedImportWarning","filename":"/opt/airflow/dags/csm_pipeline.py","lineno":1,"logger":"py.warnings"}
{"timestamp":"2026-03-21T12:06:58.109201Z","level":"warning","event":"The `airflow.decorators.task` attribute is deprecated. Please use `'airflow.sdk.task'`.","category":"DeprecatedImportWarning","filename":"/opt/airflow/dags/csm_pipeline.py","lineno":1,"logger":"py.warnings"}
{"timestamp":"2026-03-21T12:06:58.109252Z","level":"warning","event":"The `airflow.utils.trigger_rule.TriggerRule` attribute is deprecated. Please use `'airflow.task.trigger_rule.TriggerRule'`.","category":"DeprecatedImportWarning","filename":"/opt/airflow/dags/csm_pipeline.py","lineno":3,"logger":"py.warnings"}
{"timestamp":"2026-03-21T12:07:29.756680Z","level":"info","event":"Filling up the DagBag from /opt/airflow/dags/csm_pipeline.py","logger":"airflow.models.dagbag.BundleDagBag","filename":"dagbag.py","lineno":593}
{"timestamp":"2026-03-21T12:07:30.694706Z","level":"warning","event":"The `airflow.decorators.dag` attribute is deprecated. Please use `'airflow.sdk.dag'`.","category":"DeprecatedImportWarning","filename":"/opt/airflow/dags/csm_pipeline.py","lineno":1,"logger":"py.warnings"}
{"timestamp":"2026-03-21T12:07:30.695366Z","level":"warning","event":"The `airflow.decorators.task` attribute is deprecated. Please use `'airflow.sdk.task'`.","category":"DeprecatedImportWarning","filename":"/opt/airflow/dags/csm_pipeline.py","lineno":1,"logger":"py.warnings"}
{"timestamp":"2026-03-21T12:07:30.695571Z","level":"warning","event":"The `airflow.utils.trigger_rule.TriggerRule` attribute is deprecated. Please use `'airflow.task.trigger_rule.TriggerRule'`.","category":"DeprecatedImportWarning","filename":"/opt/airflow/dags/csm_pipeline.py","lineno":3,"logger":"py.warnings"}
{"timestamp":"2026-03-21T12:08:01.711033Z","level":"info","event":"Filling up the DagBag from /opt/airflow/dags/csm_pipeline.py","logger":"airflow.models.dagbag.BundleDagBag","filename":"dagbag.py","lineno":593}
{"timestamp":"2026-03-21T12:08:02.211257Z","level":"warning","event":"The `airflow.decorators.dag` attribute is deprecated. Please use `'airflow.sdk.dag'`.","category":"DeprecatedImportWarning","filename":"/opt/airflow/dags/csm_pipeline.py","lineno":1,"logger":"py.warnings"}
{"timestamp":"2026-03-21T12:08:02.211491Z","level":"warning","event":"The `airflow.decorators.task` attribute is deprecated. Please use `'airflow.sdk.task'`.","category":"DeprecatedImportWarning","filename":"/opt/airflow/dags/csm_pipeline.py","lineno":1,"logger":"py.warnings"}
{"timestamp":"2026-03-21T12:08:02.211566Z","level":"warning","event":"The `airflow.utils.trigger_rule.TriggerRule` attribute is deprecated. Please use `'airflow.task.trigger_rule.TriggerRule'`.","category":"DeprecatedImportWarning","filename":"/opt/airflow/dags/csm_pipeline.py","lineno":3,"logger":"py.warnings"}
{"timestamp":"2026-03-21T12:08:32.463935Z","level":"info","event":"Filling up the DagBag from /opt/airflow/dags/csm_pipeline.py","logger":"airflow.models.dagbag.BundleDagBag","filename":"dagbag.py","lineno":593}
{"timestamp":"2026-03-21T12:08:32.838629Z","level":"warning","event":"The `airflow.decorators.dag` attribute is deprecated. Please use `'airflow.sdk.dag'`.","category":"DeprecatedImportWarning","filename":"/opt/airflow/dags/csm_pipeline.py","lineno":1,"logger":"py.warnings"}
{"timestamp":"2026-03-21T12:08:32.838788Z","level":"warning","event":"The `airflow.decorators.task` attribute is deprecated. Please use `'airflow.sdk.task'`.","category":"DeprecatedImportWarning","filename":"/opt/airflow/dags/csm_pipeline.py","lineno":1,"logger":"py.warnings"}
{"timestamp":"2026-03-21T12:08:32.838835Z","level":"warning","event":"The `airflow.utils.trigger_rule.TriggerRule` attribute is deprecated. Please use `'airflow.task.trigger_rule.TriggerRule'`.","category":"DeprecatedImportWarning","filename":"/opt/airflow/dags/csm_pipeline.py","lineno":3,"logger":"py.warnings"}
{"timestamp":"2026-03-21T12:09:03.105518Z","level":"info","event":"Filling up the DagBag from /opt/airflow/dags/csm_pipeline.py","logger":"airflow.models.dagbag.BundleDagBag","filename":"dagbag.py","lineno":593}
{"timestamp":"2026-03-21T12:09:03.483241Z","level":"warning","event":"The `airflow.decorators.dag` attribute is deprecated. Please use `'airflow.sdk.dag'`.","category":"DeprecatedImportWarning","filename":"/opt/airflow/dags/csm_pipeline.py","lineno":1,"logger":"py.warnings"}
{"timestamp":"2026-03-21T12:09:03.483396Z","level":"warning","event":"The `airflow.decorators.task` attribute is deprecated. Please use `'airflow.sdk.task'`.","category":"DeprecatedImportWarning","filename":"/opt/airflow/dags/csm_pipeline.py","lineno":1,"logger":"py.warnings"}
{"timestamp":"2026-03-21T12:09:03.483449Z","level":"warning","event":"The `airflow.utils.trigger_rule.TriggerRule` attribute is deprecated. Please use `'airflow.task.trigger_rule.TriggerRule'`.","category":"DeprecatedImportWarning","filename":"/opt/airflow/dags/csm_pipeline.py","lineno":3,"logger":"py.warnings"}
{"timestamp":"2026-03-21T12:09:33.924992Z","level":"info","event":"Filling up the DagBag from /opt/airflow/dags/csm_pipeline.py","logger":"airflow.models.dagbag.BundleDagBag","filename":"dagbag.py","lineno":593}
{"timestamp":"2026-03-21T12:09:34.435705Z","level":"warning","event":"The `airflow.decorators.dag` attribute is deprecated. Please use `'airflow.sdk.dag'`.","category":"DeprecatedImportWarning","filename":"/opt/airflow/dags/csm_pipeline.py","lineno":1,"logger":"py.warnings"}
{"timestamp":"2026-03-21T12:09:34.435876Z","level":"warning","event":"The `airflow.decorators.task` attribute is deprecated. Please use `'airflow.sdk.task'`.","category":"DeprecatedImportWarning","filename":"/opt/airflow/dags/csm_pipeline.py","lineno":1,"logger":"py.warnings"}
{"timestamp":"2026-03-21T12:09:34.435926Z","level":"warning","event":"The `airflow.utils.trigger_rule.TriggerRule` attribute is deprecated. Please use `'airflow.task.trigger_rule.TriggerRule'`.","category":"DeprecatedImportWarning","filename":"/opt/airflow/dags/csm_pipeline.py","lineno":3,"logger":"py.warnings"}
{"timestamp":"2026-03-21T12:10:04.711990Z","level":"info","event":"Filling up the DagBag from /opt/airflow/dags/csm_pipeline.py","logger":"airflow.models.dagbag.BundleDagBag","filename":"dagbag.py","lineno":593}
{"timestamp":"2026-03-21T12:10:05.193684Z","level":"warning","event":"The `airflow.decorators.dag` attribute is deprecated. Please use `'airflow.sdk.dag'`.","category":"DeprecatedImportWarning","filename":"/opt/airflow/dags/csm_pipeline.py","lineno":1,"logger":"py.warnings"}
{"timestamp":"2026-03-21T12:10:05.193856Z","level":"warning","event":"The `airflow.decorators.task` attribute is deprecated. Please use `'airflow.sdk.task'`.","category":"DeprecatedImportWarning","filename":"/opt/airflow/dags/csm_pipeline.py","lineno":1,"logger":"py.warnings"}
{"timestamp":"2026-03-21T12:10:05.193910Z","level":"warning","event":"The `airflow.utils.trigger_rule.TriggerRule` attribute is deprecated. Please use `'airflow.task.trigger_rule.TriggerRule'`.","category":"DeprecatedImportWarning","filename":"/opt/airflow/dags/csm_pipeline.py","lineno":3,"logger":"py.warnings"}
{"timestamp":"2026-03-21T12:10:35.434977Z","level":"info","event":"Filling up the DagBag from /opt/airflow/dags/csm_pipeline.py","logger":"airflow.models.dagbag.BundleDagBag","filename":"dagbag.py","lineno":593}
{"timestamp":"2026-03-21T12:10:35.862500Z","level":"warning","event":"The `airflow.decorators.dag` attribute is deprecated. Please use `'airflow.sdk.dag'`.","category":"DeprecatedImportWarning","filename":"/opt/airflow/dags/csm_pipeline.py","lineno":1,"logger":"py.warnings"}
{"timestamp":"2026-03-21T12:10:35.862634Z","level":"warning","event":"The `airflow.decorators.task` attribute is deprecated. Please use `'airflow.sdk.task'`.","category":"DeprecatedImportWarning","filename":"/opt/airflow/dags/csm_pipeline.py","lineno":1,"logger":"py.warnings"}
{"timestamp":"2026-03-21T12:10:35.862679Z","level":"warning","event":"The `airflow.utils.trigger_rule.TriggerRule` attribute is deprecated. Please use `'airflow.task.trigger_rule.TriggerRule'`.","category":"DeprecatedImportWarning","filename":"/opt/airflow/dags/csm_pipeline.py","lineno":3,"logger":"py.warnings"}
{"timestamp":"2026-03-21T12:11:06.186573Z","level":"info","event":"Filling up the DagBag from /opt/airflow/dags/csm_pipeline.py","logger":"airflow.models.dagbag.BundleDagBag","filename":"dagbag.py","lineno":593}
{"timestamp":"2026-03-21T12:11:06.598002Z","level":"warning","event":"The `airflow.decorators.dag` attribute is deprecated. Please use `'airflow.sdk.dag'`.","category":"DeprecatedImportWarning","filename":"/opt/airflow/dags/csm_pipeline.py","lineno":1,"logger":"py.warnings"}
{"timestamp":"2026-03-21T12:11:06.598134Z","level":"warning","event":"The `airflow.decorators.task` attribute is deprecated. Please use `'airflow.sdk.task'`.","category":"DeprecatedImportWarning","filename":"/opt/airflow/dags/csm_pipeline.py","lineno":1,"logger":"py.warnings"}
{"timestamp":"2026-03-21T12:11:06.598180Z","level":"warning","event":"The `airflow.utils.trigger_rule.TriggerRule` attribute is deprecated. Please use `'airflow.task.trigger_rule.TriggerRule'`.","category":"DeprecatedImportWarning","filename":"/opt/airflow/dags/csm_pipeline.py","lineno":3,"logger":"py.warnings"}
{"timestamp":"2026-03-21T12:11:36.928158Z","level":"info","event":"Filling up the DagBag from /opt/airflow/dags/csm_pipeline.py","logger":"airflow.models.dagbag.BundleDagBag","filename":"dagbag.py","lineno":593}
{"timestamp":"2026-03-21T12:11:37.359825Z","level":"warning","event":"The `airflow.decorators.dag` attribute is deprecated. Please use `'airflow.sdk.dag'`.","category":"DeprecatedImportWarning","filename":"/opt/airflow/dags/csm_pipeline.py","lineno":1,"logger":"py.warnings"}
{"timestamp":"2026-03-21T12:11:37.360012Z","level":"warning","event":"The `airflow.decorators.task` attribute is deprecated. Please use `'airflow.sdk.task'`.","category":"DeprecatedImportWarning","filename":"/opt/airflow/dags/csm_pipeline.py","lineno":1,"logger":"py.warnings"}
{"timestamp":"2026-03-21T12:11:37.360066Z","level":"warning","event":"The `airflow.utils.trigger_rule.TriggerRule` attribute is deprecated. Please use `'airflow.task.trigger_rule.TriggerRule'`.","category":"DeprecatedImportWarning","filename":"/opt/airflow/dags/csm_pipeline.py","lineno":3,"logger":"py.warnings"}
{"timestamp":"2026-03-21T12:12:07.655694Z","level":"info","event":"Filling up the DagBag from /opt/airflow/dags/csm_pipeline.py","logger":"airflow.models.dagbag.BundleDagBag","filename":"dagbag.py","lineno":593}
{"timestamp":"2026-03-21T12:12:08.084714Z","level":"warning","event":"The `airflow.decorators.dag` attribute is deprecated. Please use `'airflow.sdk.dag'`.","category":"DeprecatedImportWarning","filename":"/opt/airflow/dags/csm_pipeline.py","lineno":1,"logger":"py.warnings"}
{"timestamp":"2026-03-21T12:12:08.084888Z","level":"warning","event":"The `airflow.decorators.task` attribute is deprecated. Please use `'airflow.sdk.task'`.","category":"DeprecatedImportWarning","filename":"/opt/airflow/dags/csm_pipeline.py","lineno":1,"logger":"py.warnings"}
{"timestamp":"2026-03-21T12:12:08.084938Z","level":"warning","event":"The `airflow.utils.trigger_rule.TriggerRule` attribute is deprecated. Please use `'airflow.task.trigger_rule.TriggerRule'`.","category":"DeprecatedImportWarning","filename":"/opt/airflow/dags/csm_pipeline.py","lineno":3,"logger":"py.warnings"}
{"timestamp":"2026-03-21T12:12:38.398334Z","level":"info","event":"Filling up the DagBag from /opt/airflow/dags/csm_pipeline.py","logger":"airflow.models.dagbag.BundleDagBag","filename":"dagbag.py","lineno":593}
{"timestamp":"2026-03-21T12:12:38.835375Z","level":"warning","event":"The `airflow.decorators.dag` attribute is deprecated. Please use `'airflow.sdk.dag'`.","category":"DeprecatedImportWarning","filename":"/opt/airflow/dags/csm_pipeline.py","lineno":1,"logger":"py.warnings"}
{"timestamp":"2026-03-21T12:12:38.835555Z","level":"warning","event":"The `airflow.decorators.task` attribute is deprecated. Please use `'airflow.sdk.task'`.","category":"DeprecatedImportWarning","filename":"/opt/airflow/dags/csm_pipeline.py","lineno":1,"logger":"py.warnings"}
{"timestamp":"2026-03-21T12:12:38.835606Z","level":"warning","event":"The `airflow.utils.trigger_rule.TriggerRule` attribute is deprecated. Please use `'airflow.task.trigger_rule.TriggerRule'`.","category":"DeprecatedImportWarning","filename":"/opt/airflow/dags/csm_pipeline.py","lineno":3,"logger":"py.warnings"}
{"timestamp":"2026-03-21T12:13:09.104001Z","level":"info","event":"Filling up the DagBag from /opt/airflow/dags/csm_pipeline.py","logger":"airflow.models.dagbag.BundleDagBag","filename":"dagbag.py","lineno":593}
{"timestamp":"2026-03-21T12:13:09.505025Z","level":"warning","event":"The `airflow.decorators.dag` attribute is deprecated. Please use `'airflow.sdk.dag'`.","category":"DeprecatedImportWarning","filename":"/opt/airflow/dags/csm_pipeline.py","lineno":1,"logger":"py.warnings"}
{"timestamp":"2026-03-21T12:13:09.505148Z","level":"warning","event":"The `airflow.decorators.task` attribute is deprecated. Please use `'airflow.sdk.task'`.","category":"DeprecatedImportWarning","filename":"/opt/airflow/dags/csm_pipeline.py","lineno":1,"logger":"py.warnings"}
{"timestamp":"2026-03-21T12:13:09.505191Z","level":"warning","event":"The `airflow.utils.trigger_rule.TriggerRule` attribute is deprecated. Please use `'airflow.task.trigger_rule.TriggerRule'`.","category":"DeprecatedImportWarning","filename":"/opt/airflow/dags/csm_pipeline.py","lineno":3,"logger":"py.warnings"}
{"timestamp":"2026-03-21T12:13:40.013871Z","level":"info","event":"Filling up the DagBag from /opt/airflow/dags/csm_pipeline.py","logger":"airflow.models.dagbag.BundleDagBag","filename":"dagbag.py","lineno":593}
{"timestamp":"2026-03-21T12:13:40.419107Z","level":"warning","event":"The `airflow.decorators.dag` attribute is deprecated. Please use `'airflow.sdk.dag'`.","category":"DeprecatedImportWarning","filename":"/opt/airflow/dags/csm_pipeline.py","lineno":1,"logger":"py.warnings"}
{"timestamp":"2026-03-21T12:13:40.419229Z","level":"warning","event":"The `airflow.decorators.task` attribute is deprecated. Please use `'airflow.sdk.task'`.","category":"DeprecatedImportWarning","filename":"/opt/airflow/dags/csm_pipeline.py","lineno":1,"logger":"py.warnings"}
{"timestamp":"2026-03-21T12:13:40.419277Z","level":"warning","event":"The `airflow.utils.trigger_rule.TriggerRule` attribute is deprecated. Please use `'airflow.task.trigger_rule.TriggerRule'`.","category":"DeprecatedImportWarning","filename":"/opt/airflow/dags/csm_pipeline.py","lineno":3,"logger":"py.warnings"}
{"timestamp":"2026-03-21T12:14:10.740955Z","level":"info","event":"Filling up the DagBag from /opt/airflow/dags/csm_pipeline.py","logger":"airflow.models.dagbag.BundleDagBag","filename":"dagbag.py","lineno":593}
{"timestamp":"2026-03-21T12:14:11.284202Z","level":"warning","event":"The `airflow.decorators.dag` attribute is deprecated. Please use `'airflow.sdk.dag'`.","category":"DeprecatedImportWarning","filename":"/opt/airflow/dags/csm_pipeline.py","lineno":1,"logger":"py.warnings"}
{"timestamp":"2026-03-21T12:14:11.284357Z","level":"warning","event":"The `airflow.decorators.task` attribute is deprecated. Please use `'airflow.sdk.task'`.","category":"DeprecatedImportWarning","filename":"/opt/airflow/dags/csm_pipeline.py","lineno":1,"logger":"py.warnings"}
{"timestamp":"2026-03-21T12:14:11.284409Z","level":"warning","event":"The `airflow.utils.trigger_rule.TriggerRule` attribute is deprecated. Please use `'airflow.task.trigger_rule.TriggerRule'`.","category":"DeprecatedImportWarning","filename":"/opt/airflow/dags/csm_pipeline.py","lineno":3,"logger":"py.warnings"}
{"timestamp":"2026-03-21T12:14:41.465067Z","level":"info","event":"Filling up the DagBag from /opt/airflow/dags/csm_pipeline.py","logger":"airflow.models.dagbag.BundleDagBag","filename":"dagbag.py","lineno":593}
{"timestamp":"2026-03-21T12:14:41.892666Z","level":"warning","event":"The `airflow.decorators.dag` attribute is deprecated. Please use `'airflow.sdk.dag'`.","category":"DeprecatedImportWarning","filename":"/opt/airflow/dags/csm_pipeline.py","lineno":1,"logger":"py.warnings"}
{"timestamp":"2026-03-21T12:14:41.892803Z","level":"warning","event":"The `airflow.decorators.task` attribute is deprecated. Please use `'airflow.sdk.task'`.","category":"DeprecatedImportWarning","filename":"/opt/airflow/dags/csm_pipeline.py","lineno":1,"logger":"py.warnings"}
{"timestamp":"2026-03-21T12:14:41.892856Z","level":"warning","event":"The `airflow.utils.trigger_rule.TriggerRule` attribute is deprecated. Please use `'airflow.task.trigger_rule.TriggerRule'`.","category":"DeprecatedImportWarning","filename":"/opt/airflow/dags/csm_pipeline.py","lineno":3,"logger":"py.warnings"}
{"timestamp":"2026-03-21T12:15:12.304579Z","level":"info","event":"Filling up the DagBag from /opt/airflow/dags/csm_pipeline.py","logger":"airflow.models.dagbag.BundleDagBag","filename":"dagbag.py","lineno":593}
{"timestamp":"2026-03-21T12:15:12.717325Z","level":"warning","event":"The `airflow.decorators.dag` attribute is deprecated. Please use `'airflow.sdk.dag'`.","category":"DeprecatedImportWarning","filename":"/opt/airflow/dags/csm_pipeline.py","lineno":1,"logger":"py.warnings"}
{"timestamp":"2026-03-21T12:15:12.717453Z","level":"warning","event":"The `airflow.decorators.task` attribute is deprecated. Please use `'airflow.sdk.task'`.","category":"DeprecatedImportWarning","filename":"/opt/airflow/dags/csm_pipeline.py","lineno":1,"logger":"py.warnings"}
{"timestamp":"2026-03-21T12:15:12.717501Z","level":"warning","event":"The `airflow.utils.trigger_rule.TriggerRule` attribute is deprecated. Please use `'airflow.task.trigger_rule.TriggerRule'`.","category":"DeprecatedImportWarning","filename":"/opt/airflow/dags/csm_pipeline.py","lineno":3,"logger":"py.warnings"}
{"timestamp":"2026-03-21T12:15:43.003654Z","level":"info","event":"Filling up the DagBag from /opt/airflow/dags/csm_pipeline.py","logger":"airflow.models.dagbag.BundleDagBag","filename":"dagbag.py","lineno":593}
{"timestamp":"2026-03-21T12:15:43.462559Z","level":"warning","event":"The `airflow.decorators.dag` attribute is deprecated. Please use `'airflow.sdk.dag'`.","category":"DeprecatedImportWarning","filename":"/opt/airflow/dags/csm_pipeline.py","lineno":1,"logger":"py.warnings"}
{"timestamp":"2026-03-21T12:15:43.462739Z","level":"warning","event":"The `airflow.decorators.task` attribute is deprecated. Please use `'airflow.sdk.task'`.","category":"DeprecatedImportWarning","filename":"/opt/airflow/dags/csm_pipeline.py","lineno":1,"logger":"py.warnings"}
{"timestamp":"2026-03-21T12:15:43.462787Z","level":"warning","event":"The `airflow.utils.trigger_rule.TriggerRule` attribute is deprecated. Please use `'airflow.task.trigger_rule.TriggerRule'`.","category":"DeprecatedImportWarning","filename":"/opt/airflow/dags/csm_pipeline.py","lineno":3,"logger":"py.warnings"}
{"timestamp":"2026-03-21T12:16:13.797073Z","level":"info","event":"Filling up the DagBag from /opt/airflow/dags/csm_pipeline.py","logger":"airflow.models.dagbag.BundleDagBag","filename":"dagbag.py","lineno":593}
{"timestamp":"2026-03-21T12:16:14.134485Z","level":"warning","event":"The `airflow.decorators.dag` attribute is deprecated. Please use `'airflow.sdk.dag'`.","category":"DeprecatedImportWarning","filename":"/opt/airflow/dags/csm_pipeline.py","lineno":1,"logger":"py.warnings"}
{"timestamp":"2026-03-21T12:16:14.134627Z","level":"warning","event":"The `airflow.decorators.task` attribute is deprecated. Please use `'airflow.sdk.task'`.","category":"DeprecatedImportWarning","filename":"/opt/airflow/dags/csm_pipeline.py","lineno":1,"logger":"py.warnings"}
{"timestamp":"2026-03-21T12:16:14.134675Z","level":"warning","event":"The `airflow.utils.trigger_rule.TriggerRule` attribute is deprecated. Please use `'airflow.task.trigger_rule.TriggerRule'`.","category":"DeprecatedImportWarning","filename":"/opt/airflow/dags/csm_pipeline.py","lineno":3,"logger":"py.warnings"}
{"timestamp":"2026-03-21T12:16:44.430155Z","level":"info","event":"Filling up the DagBag from /opt/airflow/dags/csm_pipeline.py","logger":"airflow.models.dagbag.BundleDagBag","filename":"dagbag.py","lineno":593}
{"timestamp":"2026-03-21T12:16:44.774436Z","level":"warning","event":"The `airflow.decorators.dag` attribute is deprecated. Please use `'airflow.sdk.dag'`.","category":"DeprecatedImportWarning","filename":"/opt/airflow/dags/csm_pipeline.py","lineno":1,"logger":"py.warnings"}
{"timestamp":"2026-03-21T12:16:44.774563Z","level":"warning","event":"The `airflow.decorators.task` attribute is deprecated. Please use `'airflow.sdk.task'`.","category":"DeprecatedImportWarning","filename":"/opt/airflow/dags/csm_pipeline.py","lineno":1,"logger":"py.warnings"}
{"timestamp":"2026-03-21T12:16:44.774612Z","level":"warning","event":"The `airflow.utils.trigger_rule.TriggerRule` attribute is deprecated. Please use `'airflow.task.trigger_rule.TriggerRule'`.","category":"DeprecatedImportWarning","filename":"/opt/airflow/dags/csm_pipeline.py","lineno":3,"logger":"py.warnings"}
{"timestamp":"2026-03-21T12:17:15.035537Z","level":"info","event":"Filling up the DagBag from /opt/airflow/dags/csm_pipeline.py","logger":"airflow.models.dagbag.BundleDagBag","filename":"dagbag.py","lineno":593}
{"timestamp":"2026-03-21T12:17:15.460844Z","level":"warning","event":"The `airflow.decorators.dag` attribute is deprecated. Please use `'airflow.sdk.dag'`.","category":"DeprecatedImportWarning","filename":"/opt/airflow/dags/csm_pipeline.py","lineno":1,"logger":"py.warnings"}
{"timestamp":"2026-03-21T12:17:15.460968Z","level":"warning","event":"The `airflow.decorators.task` attribute is deprecated. Please use `'airflow.sdk.task'`.","category":"DeprecatedImportWarning","filename":"/opt/airflow/dags/csm_pipeline.py","lineno":1,"logger":"py.warnings"}
{"timestamp":"2026-03-21T12:17:15.461015Z","level":"warning","event":"The `airflow.utils.trigger_rule.TriggerRule` attribute is deprecated. Please use `'airflow.task.trigger_rule.TriggerRule'`.","category":"DeprecatedImportWarning","filename":"/opt/airflow/dags/csm_pipeline.py","lineno":3,"logger":"py.warnings"}
{"timestamp":"2026-03-21T12:17:45.762431Z","level":"info","event":"Filling up the DagBag from /opt/airflow/dags/csm_pipeline.py","logger":"airflow.models.dagbag.BundleDagBag","filename":"dagbag.py","lineno":593}
{"timestamp":"2026-03-21T12:17:46.182937Z","level":"warning","event":"The `airflow.decorators.dag` attribute is deprecated. Please use `'airflow.sdk.dag'`.","category":"DeprecatedImportWarning","filename":"/opt/airflow/dags/csm_pipeline.py","lineno":1,"logger":"py.warnings"}
{"timestamp":"2026-03-21T12:17:46.183077Z","level":"warning","event":"The `airflow.decorators.task` attribute is deprecated. Please use `'airflow.sdk.task'`.","category":"DeprecatedImportWarning","filename":"/opt/airflow/dags/csm_pipeline.py","lineno":1,"logger":"py.warnings"}
{"timestamp":"2026-03-21T12:17:46.183124Z","level":"warning","event":"The `airflow.utils.trigger_rule.TriggerRule` attribute is deprecated. Please use `'airflow.task.trigger_rule.TriggerRule'`.","category":"DeprecatedImportWarning","filename":"/opt/airflow/dags/csm_pipeline.py","lineno":3,"logger":"py.warnings"}
{"timestamp":"2026-03-21T12:18:16.438468Z","level":"info","event":"Filling up the DagBag from /opt/airflow/dags/csm_pipeline.py","logger":"airflow.models.dagbag.BundleDagBag","filename":"dagbag.py","lineno":593}
{"timestamp":"2026-03-21T12:18:16.844668Z","level":"warning","event":"The `airflow.decorators.dag` attribute is deprecated. Please use `'airflow.sdk.dag'`.","category":"DeprecatedImportWarning","filename":"/opt/airflow/dags/csm_pipeline.py","lineno":1,"logger":"py.warnings"}
{"timestamp":"2026-03-21T12:18:16.844824Z","level":"warning","event":"The `airflow.decorators.task` attribute is deprecated. Please use `'airflow.sdk.task'`.","category":"DeprecatedImportWarning","filename":"/opt/airflow/dags/csm_pipeline.py","lineno":1,"logger":"py.warnings"}
{"timestamp":"2026-03-21T12:18:16.844873Z","level":"warning","event":"The `airflow.utils.trigger_rule.TriggerRule` attribute is deprecated. Please use `'airflow.task.trigger_rule.TriggerRule'`.","category":"DeprecatedImportWarning","filename":"/opt/airflow/dags/csm_pipeline.py","lineno":3,"logger":"py.warnings"}
{"timestamp":"2026-03-21T12:18:47.504388Z","level":"info","event":"Filling up the DagBag from /opt/airflow/dags/csm_pipeline.py","logger":"airflow.models.dagbag.BundleDagBag","filename":"dagbag.py","lineno":593}
{"timestamp":"2026-03-21T12:18:48.042495Z","level":"warning","event":"The `airflow.decorators.dag` attribute is deprecated. Please use `'airflow.sdk.dag'`.","category":"DeprecatedImportWarning","filename":"/opt/airflow/dags/csm_pipeline.py","lineno":1,"logger":"py.warnings"}
{"timestamp":"2026-03-21T12:18:48.042628Z","level":"warning","event":"The `airflow.decorators.task` attribute is deprecated. Please use `'airflow.sdk.task'`.","category":"DeprecatedImportWarning","filename":"/opt/airflow/dags/csm_pipeline.py","lineno":1,"logger":"py.warnings"}
{"timestamp":"2026-03-21T12:18:48.042675Z","level":"warning","event":"The `airflow.utils.trigger_rule.TriggerRule` attribute is deprecated. Please use `'airflow.task.trigger_rule.TriggerRule'`.","category":"DeprecatedImportWarning","filename":"/opt/airflow/dags/csm_pipeline.py","lineno":3,"logger":"py.warnings"}
{"timestamp":"2026-03-21T12:19:18.358326Z","level":"info","event":"Filling up the DagBag from /opt/airflow/dags/csm_pipeline.py","logger":"airflow.models.dagbag.BundleDagBag","filename":"dagbag.py","lineno":593}
{"timestamp":"2026-03-21T12:19:18.807860Z","level":"warning","event":"The `airflow.decorators.dag` attribute is deprecated. Please use `'airflow.sdk.dag'`.","category":"DeprecatedImportWarning","filename":"/opt/airflow/dags/csm_pipeline.py","lineno":1,"logger":"py.warnings"}
{"timestamp":"2026-03-21T12:19:18.808000Z","level":"warning","event":"The `airflow.decorators.task` attribute is deprecated. Please use `'airflow.sdk.task'`.","category":"DeprecatedImportWarning","filename":"/opt/airflow/dags/csm_pipeline.py","lineno":1,"logger":"py.warnings"}
{"timestamp":"2026-03-21T12:19:18.808049Z","level":"warning","event":"The `airflow.utils.trigger_rule.TriggerRule` attribute is deprecated. Please use `'airflow.task.trigger_rule.TriggerRule'`.","category":"DeprecatedImportWarning","filename":"/opt/airflow/dags/csm_pipeline.py","lineno":3,"logger":"py.warnings"}
{"timestamp":"2026-03-21T12:19:48.950553Z","level":"info","event":"Filling up the DagBag from /opt/airflow/dags/csm_pipeline.py","logger":"airflow.models.dagbag.BundleDagBag","filename":"dagbag.py","lineno":593}
{"timestamp":"2026-03-21T12:19:49.358090Z","level":"warning","event":"The `airflow.decorators.dag` attribute is deprecated. Please use `'airflow.sdk.dag'`.","category":"DeprecatedImportWarning","filename":"/opt/airflow/dags/csm_pipeline.py","lineno":1,"logger":"py.warnings"}
{"timestamp":"2026-03-21T12:19:49.358252Z","level":"warning","event":"The `airflow.decorators.task` attribute is deprecated. Please use `'airflow.sdk.task'`.","category":"DeprecatedImportWarning","filename":"/opt/airflow/dags/csm_pipeline.py","lineno":1,"logger":"py.warnings"}
{"timestamp":"2026-03-21T12:19:49.358304Z","level":"warning","event":"The `airflow.utils.trigger_rule.TriggerRule` attribute is deprecated. Please use `'airflow.task.trigger_rule.TriggerRule'`.","category":"DeprecatedImportWarning","filename":"/opt/airflow/dags/csm_pipeline.py","lineno":3,"logger":"py.warnings"}
{"timestamp":"2026-03-21T12:20:19.685624Z","level":"info","event":"Filling up the DagBag from /opt/airflow/dags/csm_pipeline.py","logger":"airflow.models.dagbag.BundleDagBag","filename":"dagbag.py","lineno":593}
{"timestamp":"2026-03-21T12:20:20.130001Z","level":"warning","event":"The `airflow.decorators.dag` attribute is deprecated. Please use `'airflow.sdk.dag'`.","category":"DeprecatedImportWarning","filename":"/opt/airflow/dags/csm_pipeline.py","lineno":1,"logger":"py.warnings"}
{"timestamp":"2026-03-21T12:20:20.130149Z","level":"warning","event":"The `airflow.decorators.task` attribute is deprecated. Please use `'airflow.sdk.task'`.","category":"DeprecatedImportWarning","filename":"/opt/airflow/dags/csm_pipeline.py","lineno":1,"logger":"py.warnings"}
{"timestamp":"2026-03-21T12:20:20.130198Z","level":"warning","event":"The `airflow.utils.trigger_rule.TriggerRule` attribute is deprecated. Please use `'airflow.task.trigger_rule.TriggerRule'`.","category":"DeprecatedImportWarning","filename":"/opt/airflow/dags/csm_pipeline.py","lineno":3,"logger":"py.warnings"}
{"timestamp":"2026-03-21T12:20:50.458151Z","level":"info","event":"Filling up the DagBag from /opt/airflow/dags/csm_pipeline.py","logger":"airflow.models.dagbag.BundleDagBag","filename":"dagbag.py","lineno":593}
{"timestamp":"2026-03-21T12:20:50.927117Z","level":"warning","event":"The `airflow.decorators.dag` attribute is deprecated. Please use `'airflow.sdk.dag'`.","category":"DeprecatedImportWarning","filename":"/opt/airflow/dags/csm_pipeline.py","lineno":1,"logger":"py.warnings"}
{"timestamp":"2026-03-21T12:20:50.927306Z","level":"warning","event":"The `airflow.decorators.task` attribute is deprecated. Please use `'airflow.sdk.task'`.","category":"DeprecatedImportWarning","filename":"/opt/airflow/dags/csm_pipeline.py","lineno":1,"logger":"py.warnings"}
{"timestamp":"2026-03-21T12:20:50.927377Z","level":"warning","event":"The `airflow.utils.trigger_rule.TriggerRule` attribute is deprecated. Please use `'airflow.task.trigger_rule.TriggerRule'`.","category":"DeprecatedImportWarning","filename":"/opt/airflow/dags/csm_pipeline.py","lineno":3,"logger":"py.warnings"}
{"timestamp":"2026-03-21T12:21:21.230478Z","level":"info","event":"Filling up the DagBag from /opt/airflow/dags/csm_pipeline.py","logger":"airflow.models.dagbag.BundleDagBag","filename":"dagbag.py","lineno":593}
{"timestamp":"2026-03-21T12:21:21.657982Z","level":"warning","event":"The `airflow.decorators.dag` attribute is deprecated. Please use `'airflow.sdk.dag'`.","category":"DeprecatedImportWarning","filename":"/opt/airflow/dags/csm_pipeline.py","lineno":1,"logger":"py.warnings"}
{"timestamp":"2026-03-21T12:21:21.658165Z","level":"warning","event":"The `airflow.decorators.task` attribute is deprecated. Please use `'airflow.sdk.task'`.","category":"DeprecatedImportWarning","filename":"/opt/airflow/dags/csm_pipeline.py","lineno":1,"logger":"py.warnings"}
{"timestamp":"2026-03-21T12:21:21.658217Z","level":"warning","event":"The `airflow.utils.trigger_rule.TriggerRule` attribute is deprecated. Please use `'airflow.task.trigger_rule.TriggerRule'`.","category":"DeprecatedImportWarning","filename":"/opt/airflow/dags/csm_pipeline.py","lineno":3,"logger":"py.warnings"}
{"timestamp":"2026-03-21T12:21:52.108294Z","level":"info","event":"Filling up the DagBag from /opt/airflow/dags/csm_pipeline.py","logger":"airflow.models.dagbag.BundleDagBag","filename":"dagbag.py","lineno":593}
{"timestamp":"2026-03-21T12:21:52.562682Z","level":"warning","event":"The `airflow.decorators.dag` attribute is deprecated. Please use `'airflow.sdk.dag'`.","category":"DeprecatedImportWarning","filename":"/opt/airflow/dags/csm_pipeline.py","lineno":1,"logger":"py.warnings"}
{"timestamp":"2026-03-21T12:21:52.562846Z","level":"warning","event":"The `airflow.decorators.task` attribute is deprecated. Please use `'airflow.sdk.task'`.","category":"DeprecatedImportWarning","filename":"/opt/airflow/dags/csm_pipeline.py","lineno":1,"logger":"py.warnings"}
{"timestamp":"2026-03-21T12:21:52.562896Z","level":"warning","event":"The `airflow.utils.trigger_rule.TriggerRule` attribute is deprecated. Please use `'airflow.task.trigger_rule.TriggerRule'`.","category":"DeprecatedImportWarning","filename":"/opt/airflow/dags/csm_pipeline.py","lineno":3,"logger":"py.warnings"}
{"timestamp":"2026-03-21T20:01:07.915242Z","level":"info","event":"Filling up the DagBag from /opt/airflow/dags/csm_pipeline.py","logger":"airflow.models.dagbag.BundleDagBag","filename":"dagbag.py","lineno":593}
{"timestamp":"2026-03-21T20:01:09.307442Z","level":"warning","event":"The `airflow.decorators.dag` attribute is deprecated. Please use `'airflow.sdk.dag'`.","category":"DeprecatedImportWarning","filename":"/opt/airflow/dags/csm_pipeline.py","lineno":1,"logger":"py.warnings"}
{"timestamp":"2026-03-21T20:01:09.307645Z","level":"warning","event":"The `airflow.decorators.task` attribute is deprecated. Please use `'airflow.sdk.task'`.","category":"DeprecatedImportWarning","filename":"/opt/airflow/dags/csm_pipeline.py","lineno":1,"logger":"py.warnings"}
{"timestamp":"2026-03-21T20:01:09.307717Z","level":"warning","event":"The `airflow.utils.trigger_rule.TriggerRule` attribute is deprecated. Please use `'airflow.task.trigger_rule.TriggerRule'`.","category":"DeprecatedImportWarning","filename":"/opt/airflow/dags/csm_pipeline.py","lineno":3,"logger":"py.warnings"}
{"timestamp":"2026-03-21T20:01:40.401077Z","level":"info","event":"Filling up the DagBag from /opt/airflow/dags/csm_pipeline.py","logger":"airflow.models.dagbag.BundleDagBag","filename":"dagbag.py","lineno":593}
{"timestamp":"2026-03-21T20:01:40.954340Z","level":"warning","event":"The `airflow.decorators.dag` attribute is deprecated. Please use `'airflow.sdk.dag'`.","category":"DeprecatedImportWarning","filename":"/opt/airflow/dags/csm_pipeline.py","lineno":1,"logger":"py.warnings"}
{"timestamp":"2026-03-21T20:01:40.954560Z","level":"warning","event":"The `airflow.decorators.task` attribute is deprecated. Please use `'airflow.sdk.task'`.","category":"DeprecatedImportWarning","filename":"/opt/airflow/dags/csm_pipeline.py","lineno":1,"logger":"py.warnings"}
{"timestamp":"2026-03-21T20:01:40.954636Z","level":"warning","event":"The `airflow.utils.trigger_rule.TriggerRule` attribute is deprecated. Please use `'airflow.task.trigger_rule.TriggerRule'`.","category":"DeprecatedImportWarning","filename":"/opt/airflow/dags/csm_pipeline.py","lineno":3,"logger":"py.warnings"}
{"timestamp":"2026-03-21T20:02:11.646790Z","level":"info","event":"Filling up the DagBag from /opt/airflow/dags/csm_pipeline.py","logger":"airflow.models.dagbag.BundleDagBag","filename":"dagbag.py","lineno":593}
{"timestamp":"2026-03-21T20:02:12.014759Z","level":"warning","event":"The `airflow.decorators.dag` attribute is deprecated. Please use `'airflow.sdk.dag'`.","category":"DeprecatedImportWarning","filename":"/opt/airflow/dags/csm_pipeline.py","lineno":1,"logger":"py.warnings"}
{"timestamp":"2026-03-21T20:02:12.014942Z","level":"warning","event":"The `airflow.decorators.task` attribute is deprecated. Please use `'airflow.sdk.task'`.","category":"DeprecatedImportWarning","filename":"/opt/airflow/dags/csm_pipeline.py","lineno":1,"logger":"py.warnings"}
{"timestamp":"2026-03-21T20:02:12.014994Z","level":"warning","event":"The `airflow.utils.trigger_rule.TriggerRule` attribute is deprecated. Please use `'airflow.task.trigger_rule.TriggerRule'`.","category":"DeprecatedImportWarning","filename":"/opt/airflow/dags/csm_pipeline.py","lineno":3,"logger":"py.warnings"}
{"timestamp":"2026-03-21T20:02:42.574267Z","level":"info","event":"Filling up the DagBag from /opt/airflow/dags/csm_pipeline.py","logger":"airflow.models.dagbag.BundleDagBag","filename":"dagbag.py","lineno":593}
{"timestamp":"2026-03-21T20:02:42.937844Z","level":"warning","event":"The `airflow.decorators.dag` attribute is deprecated. Please use `'airflow.sdk.dag'`.","category":"DeprecatedImportWarning","filename":"/opt/airflow/dags/csm_pipeline.py","lineno":1,"logger":"py.warnings"}
{"timestamp":"2026-03-21T20:02:42.938011Z","level":"warning","event":"The `airflow.decorators.task` attribute is deprecated. Please use `'airflow.sdk.task'`.","category":"DeprecatedImportWarning","filename":"/opt/airflow/dags/csm_pipeline.py","lineno":1,"logger":"py.warnings"}
{"timestamp":"2026-03-21T20:02:42.938061Z","level":"warning","event":"The `airflow.utils.trigger_rule.TriggerRule` attribute is deprecated. Please use `'airflow.task.trigger_rule.TriggerRule'`.","category":"DeprecatedImportWarning","filename":"/opt/airflow/dags/csm_pipeline.py","lineno":3,"logger":"py.warnings"}
{"timestamp":"2026-03-21T20:03:13.506234Z","level":"info","event":"Filling up the DagBag from /opt/airflow/dags/csm_pipeline.py","logger":"airflow.models.dagbag.BundleDagBag","filename":"dagbag.py","lineno":593}
{"timestamp":"2026-03-21T20:03:13.847823Z","level":"warning","event":"The `airflow.decorators.dag` attribute is deprecated. Please use `'airflow.sdk.dag'`.","category":"DeprecatedImportWarning","filename":"/opt/airflow/dags/csm_pipeline.py","lineno":1,"logger":"py.warnings"}
{"timestamp":"2026-03-21T20:03:13.847975Z","level":"warning","event":"The `airflow.decorators.task` attribute is deprecated. Please use `'airflow.sdk.task'`.","category":"DeprecatedImportWarning","filename":"/opt/airflow/dags/csm_pipeline.py","lineno":1,"logger":"py.warnings"}
{"timestamp":"2026-03-21T20:03:13.848025Z","level":"warning","event":"The `airflow.utils.trigger_rule.TriggerRule` attribute is deprecated. Please use `'airflow.task.trigger_rule.TriggerRule'`.","category":"DeprecatedImportWarning","filename":"/opt/airflow/dags/csm_pipeline.py","lineno":3,"logger":"py.warnings"}
{"timestamp":"2026-03-21T20:03:44.285154Z","level":"info","event":"Filling up the DagBag from /opt/airflow/dags/csm_pipeline.py","logger":"airflow.models.dagbag.BundleDagBag","filename":"dagbag.py","lineno":593}
{"timestamp":"2026-03-21T20:03:44.658243Z","level":"warning","event":"The `airflow.decorators.dag` attribute is deprecated. Please use `'airflow.sdk.dag'`.","category":"DeprecatedImportWarning","filename":"/opt/airflow/dags/csm_pipeline.py","lineno":1,"logger":"py.warnings"}
{"timestamp":"2026-03-21T20:03:44.658386Z","level":"warning","event":"The `airflow.decorators.task` attribute is deprecated. Please use `'airflow.sdk.task'`.","category":"DeprecatedImportWarning","filename":"/opt/airflow/dags/csm_pipeline.py","lineno":1,"logger":"py.warnings"}
{"timestamp":"2026-03-21T20:03:44.658435Z","level":"warning","event":"The `airflow.utils.trigger_rule.TriggerRule` attribute is deprecated. Please use `'airflow.task.trigger_rule.TriggerRule'`.","category":"DeprecatedImportWarning","filename":"/opt/airflow/dags/csm_pipeline.py","lineno":3,"logger":"py.warnings"}
{"timestamp":"2026-03-21T20:04:15.508696Z","level":"info","event":"Filling up the DagBag from /opt/airflow/dags/csm_pipeline.py","logger":"airflow.models.dagbag.BundleDagBag","filename":"dagbag.py","lineno":593}
{"timestamp":"2026-03-21T20:04:15.986389Z","level":"warning","event":"The `airflow.decorators.dag` attribute is deprecated. Please use `'airflow.sdk.dag'`.","category":"DeprecatedImportWarning","filename":"/opt/airflow/dags/csm_pipeline.py","lineno":1,"logger":"py.warnings"}
{"timestamp":"2026-03-21T20:04:15.986555Z","level":"warning","event":"The `airflow.decorators.task` attribute is deprecated. Please use `'airflow.sdk.task'`.","category":"DeprecatedImportWarning","filename":"/opt/airflow/dags/csm_pipeline.py","lineno":1,"logger":"py.warnings"}
{"timestamp":"2026-03-21T20:04:15.986604Z","level":"warning","event":"The `airflow.utils.trigger_rule.TriggerRule` attribute is deprecated. Please use `'airflow.task.trigger_rule.TriggerRule'`.","category":"DeprecatedImportWarning","filename":"/opt/airflow/dags/csm_pipeline.py","lineno":3,"logger":"py.warnings"}
{"timestamp":"2026-03-21T20:04:46.736403Z","level":"info","event":"Filling up the DagBag from /opt/airflow/dags/csm_pipeline.py","logger":"airflow.models.dagbag.BundleDagBag","filename":"dagbag.py","lineno":593}
{"timestamp":"2026-03-21T20:04:47.206253Z","level":"warning","event":"The `airflow.decorators.dag` attribute is deprecated. Please use `'airflow.sdk.dag'`.","category":"DeprecatedImportWarning","filename":"/opt/airflow/dags/csm_pipeline.py","lineno":1,"logger":"py.warnings"}
{"timestamp":"2026-03-21T20:04:47.206419Z","level":"warning","event":"The `airflow.decorators.task` attribute is deprecated. Please use `'airflow.sdk.task'`.","category":"DeprecatedImportWarning","filename":"/opt/airflow/dags/csm_pipeline.py","lineno":1,"logger":"py.warnings"}
{"timestamp":"2026-03-21T20:04:47.206468Z","level":"warning","event":"The `airflow.utils.trigger_rule.TriggerRule` attribute is deprecated. Please use `'airflow.task.trigger_rule.TriggerRule'`.","category":"DeprecatedImportWarning","filename":"/opt/airflow/dags/csm_pipeline.py","lineno":3,"logger":"py.warnings"}
{"timestamp":"2026-03-21T20:05:17.927235Z","level":"info","event":"Filling up the DagBag from /opt/airflow/dags/csm_pipeline.py","logger":"airflow.models.dagbag.BundleDagBag","filename":"dagbag.py","lineno":593}
{"timestamp":"2026-03-21T20:05:18.353529Z","level":"warning","event":"The `airflow.decorators.dag` attribute is deprecated. Please use `'airflow.sdk.dag'`.","category":"DeprecatedImportWarning","filename":"/opt/airflow/dags/csm_pipeline.py","lineno":1,"logger":"py.warnings"}
{"timestamp":"2026-03-21T20:05:18.353706Z","level":"warning","event":"The `airflow.decorators.task` attribute is deprecated. Please use `'airflow.sdk.task'`.","category":"DeprecatedImportWarning","filename":"/opt/airflow/dags/csm_pipeline.py","lineno":1,"logger":"py.warnings"}
{"timestamp":"2026-03-21T20:05:18.353756Z","level":"warning","event":"The `airflow.utils.trigger_rule.TriggerRule` attribute is deprecated. Please use `'airflow.task.trigger_rule.TriggerRule'`.","category":"DeprecatedImportWarning","filename":"/opt/airflow/dags/csm_pipeline.py","lineno":3,"logger":"py.warnings"}
{"timestamp":"2026-03-21T20:05:49.046154Z","level":"info","event":"Filling up the DagBag from /opt/airflow/dags/csm_pipeline.py","logger":"airflow.models.dagbag.BundleDagBag","filename":"dagbag.py","lineno":593}
{"timestamp":"2026-03-21T20:05:49.600741Z","level":"warning","event":"The `airflow.decorators.dag` attribute is deprecated. Please use `'airflow.sdk.dag'`.","category":"DeprecatedImportWarning","filename":"/opt/airflow/dags/csm_pipeline.py","lineno":1,"logger":"py.warnings"}
{"timestamp":"2026-03-21T20:05:49.600912Z","level":"warning","event":"The `airflow.decorators.task` attribute is deprecated. Please use `'airflow.sdk.task'`.","category":"DeprecatedImportWarning","filename":"/opt/airflow/dags/csm_pipeline.py","lineno":1,"logger":"py.warnings"}
{"timestamp":"2026-03-21T20:05:49.600964Z","level":"warning","event":"The `airflow.utils.trigger_rule.TriggerRule` attribute is deprecated. Please use `'airflow.task.trigger_rule.TriggerRule'`.","category":"DeprecatedImportWarning","filename":"/opt/airflow/dags/csm_pipeline.py","lineno":3,"logger":"py.warnings"}
{"timestamp":"2026-03-21T20:06:20.353632Z","level":"info","event":"Filling up the DagBag from /opt/airflow/dags/csm_pipeline.py","logger":"airflow.models.dagbag.BundleDagBag","filename":"dagbag.py","lineno":593}
{"timestamp":"2026-03-21T20:06:20.874204Z","level":"warning","event":"The `airflow.decorators.dag` attribute is deprecated. Please use `'airflow.sdk.dag'`.","category":"DeprecatedImportWarning","filename":"/opt/airflow/dags/csm_pipeline.py","lineno":1,"logger":"py.warnings"}
{"timestamp":"2026-03-21T20:06:20.874364Z","level":"warning","event":"The `airflow.decorators.task` attribute is deprecated. Please use `'airflow.sdk.task'`.","category":"DeprecatedImportWarning","filename":"/opt/airflow/dags/csm_pipeline.py","lineno":1,"logger":"py.warnings"}
{"timestamp":"2026-03-21T20:06:20.874414Z","level":"warning","event":"The `airflow.utils.trigger_rule.TriggerRule` attribute is deprecated. Please use `'airflow.task.trigger_rule.TriggerRule'`.","category":"DeprecatedImportWarning","filename":"/opt/airflow/dags/csm_pipeline.py","lineno":3,"logger":"py.warnings"}
{"timestamp":"2026-03-21T20:06:51.518452Z","level":"info","event":"Filling up the DagBag from /opt/airflow/dags/csm_pipeline.py","logger":"airflow.models.dagbag.BundleDagBag","filename":"dagbag.py","lineno":593}
{"timestamp":"2026-03-21T20:06:51.938390Z","level":"warning","event":"The `airflow.decorators.dag` attribute is deprecated. Please use `'airflow.sdk.dag'`.","category":"DeprecatedImportWarning","filename":"/opt/airflow/dags/csm_pipeline.py","lineno":1,"logger":"py.warnings"}
{"timestamp":"2026-03-21T20:06:51.938526Z","level":"warning","event":"The `airflow.decorators.task` attribute is deprecated. Please use `'airflow.sdk.task'`.","category":"DeprecatedImportWarning","filename":"/opt/airflow/dags/csm_pipeline.py","lineno":1,"logger":"py.warnings"}
{"timestamp":"2026-03-21T20:06:51.938573Z","level":"warning","event":"The `airflow.utils.trigger_rule.TriggerRule` attribute is deprecated. Please use `'airflow.task.trigger_rule.TriggerRule'`.","category":"DeprecatedImportWarning","filename":"/opt/airflow/dags/csm_pipeline.py","lineno":3,"logger":"py.warnings"}
{"timestamp":"2026-03-21T20:07:22.563484Z","level":"info","event":"Filling up the DagBag from /opt/airflow/dags/csm_pipeline.py","logger":"airflow.models.dagbag.BundleDagBag","filename":"dagbag.py","lineno":593}
{"timestamp":"2026-03-21T20:07:22.993763Z","level":"warning","event":"The `airflow.decorators.dag` attribute is deprecated. Please use `'airflow.sdk.dag'`.","category":"DeprecatedImportWarning","filename":"/opt/airflow/dags/csm_pipeline.py","lineno":1,"logger":"py.warnings"}
{"timestamp":"2026-03-21T20:07:22.993913Z","level":"warning","event":"The `airflow.decorators.task` attribute is deprecated. Please use `'airflow.sdk.task'`.","category":"DeprecatedImportWarning","filename":"/opt/airflow/dags/csm_pipeline.py","lineno":1,"logger":"py.warnings"}
{"timestamp":"2026-03-21T20:07:22.993967Z","level":"warning","event":"The `airflow.utils.trigger_rule.TriggerRule` attribute is deprecated. Please use `'airflow.task.trigger_rule.TriggerRule'`.","category":"DeprecatedImportWarning","filename":"/opt/airflow/dags/csm_pipeline.py","lineno":3,"logger":"py.warnings"}
{"timestamp":"2026-03-21T20:07:53.743782Z","level":"info","event":"Filling up the DagBag from /opt/airflow/dags/csm_pipeline.py","logger":"airflow.models.dagbag.BundleDagBag","filename":"dagbag.py","lineno":593}
{"timestamp":"2026-03-21T20:07:54.161432Z","level":"warning","event":"The `airflow.decorators.dag` attribute is deprecated. Please use `'airflow.sdk.dag'`.","category":"DeprecatedImportWarning","filename":"/opt/airflow/dags/csm_pipeline.py","lineno":1,"logger":"py.warnings"}
{"timestamp":"2026-03-21T20:07:54.161579Z","level":"warning","event":"The `airflow.decorators.task` attribute is deprecated. Please use `'airflow.sdk.task'`.","category":"DeprecatedImportWarning","filename":"/opt/airflow/dags/csm_pipeline.py","lineno":1,"logger":"py.warnings"}
{"timestamp":"2026-03-21T20:07:54.161627Z","level":"warning","event":"The `airflow.utils.trigger_rule.TriggerRule` attribute is deprecated. Please use `'airflow.task.trigger_rule.TriggerRule'`.","category":"DeprecatedImportWarning","filename":"/opt/airflow/dags/csm_pipeline.py","lineno":3,"logger":"py.warnings"}
{"timestamp":"2026-03-21T20:08:24.755909Z","level":"info","event":"Filling up the DagBag from /opt/airflow/dags/csm_pipeline.py","logger":"airflow.models.dagbag.BundleDagBag","filename":"dagbag.py","lineno":593}
{"timestamp":"2026-03-21T20:08:25.208428Z","level":"warning","event":"The `airflow.decorators.dag` attribute is deprecated. Please use `'airflow.sdk.dag'`.","category":"DeprecatedImportWarning","filename":"/opt/airflow/dags/csm_pipeline.py","lineno":1,"logger":"py.warnings"}
{"timestamp":"2026-03-21T20:08:25.208602Z","level":"warning","event":"The `airflow.decorators.task` attribute is deprecated. Please use `'airflow.sdk.task'`.","category":"DeprecatedImportWarning","filename":"/opt/airflow/dags/csm_pipeline.py","lineno":1,"logger":"py.warnings"}
{"timestamp":"2026-03-21T20:08:25.208653Z","level":"warning","event":"The `airflow.utils.trigger_rule.TriggerRule` attribute is deprecated. Please use `'airflow.task.trigger_rule.TriggerRule'`.","category":"DeprecatedImportWarning","filename":"/opt/airflow/dags/csm_pipeline.py","lineno":3,"logger":"py.warnings"}
{"timestamp":"2026-03-21T20:08:55.943169Z","level":"info","event":"Filling up the DagBag from /opt/airflow/dags/csm_pipeline.py","logger":"airflow.models.dagbag.BundleDagBag","filename":"dagbag.py","lineno":593}
{"timestamp":"2026-03-21T20:08:56.414508Z","level":"warning","event":"The `airflow.decorators.dag` attribute is deprecated. Please use `'airflow.sdk.dag'`.","category":"DeprecatedImportWarning","filename":"/opt/airflow/dags/csm_pipeline.py","lineno":1,"logger":"py.warnings"}
{"timestamp":"2026-03-21T20:08:56.414669Z","level":"warning","event":"The `airflow.decorators.task` attribute is deprecated. Please use `'airflow.sdk.task'`.","category":"DeprecatedImportWarning","filename":"/opt/airflow/dags/csm_pipeline.py","lineno":1,"logger":"py.warnings"}
{"timestamp":"2026-03-21T20:08:56.414719Z","level":"warning","event":"The `airflow.utils.trigger_rule.TriggerRule` attribute is deprecated. Please use `'airflow.task.trigger_rule.TriggerRule'`.","category":"DeprecatedImportWarning","filename":"/opt/airflow/dags/csm_pipeline.py","lineno":3,"logger":"py.warnings"}
{"timestamp":"2026-03-21T20:09:27.267584Z","level":"info","event":"Filling up the DagBag from /opt/airflow/dags/csm_pipeline.py","logger":"airflow.models.dagbag.BundleDagBag","filename":"dagbag.py","lineno":593}
{"timestamp":"2026-03-21T20:09:27.582375Z","level":"warning","event":"The `airflow.decorators.dag` attribute is deprecated. Please use `'airflow.sdk.dag'`.","category":"DeprecatedImportWarning","filename":"/opt/airflow/dags/csm_pipeline.py","lineno":1,"logger":"py.warnings"}
{"timestamp":"2026-03-21T20:09:27.582515Z","level":"warning","event":"The `airflow.decorators.task` attribute is deprecated. Please use `'airflow.sdk.task'`.","category":"DeprecatedImportWarning","filename":"/opt/airflow/dags/csm_pipeline.py","lineno":1,"logger":"py.warnings"}
{"timestamp":"2026-03-21T20:09:27.582565Z","level":"warning","event":"The `airflow.utils.trigger_rule.TriggerRule` attribute is deprecated. Please use `'airflow.task.trigger_rule.TriggerRule'`.","category":"DeprecatedImportWarning","filename":"/opt/airflow/dags/csm_pipeline.py","lineno":3,"logger":"py.warnings"}
{"timestamp":"2026-03-21T20:09:58.202710Z","level":"info","event":"Filling up the DagBag from /opt/airflow/dags/csm_pipeline.py","logger":"airflow.models.dagbag.BundleDagBag","filename":"dagbag.py","lineno":593}
{"timestamp":"2026-03-21T20:09:58.581547Z","level":"warning","event":"The `airflow.decorators.dag` attribute is deprecated. Please use `'airflow.sdk.dag'`.","category":"DeprecatedImportWarning","filename":"/opt/airflow/dags/csm_pipeline.py","lineno":1,"logger":"py.warnings"}
{"timestamp":"2026-03-21T20:09:58.581689Z","level":"warning","event":"The `airflow.decorators.task` attribute is deprecated. Please use `'airflow.sdk.task'`.","category":"DeprecatedImportWarning","filename":"/opt/airflow/dags/csm_pipeline.py","lineno":1,"logger":"py.warnings"}
{"timestamp":"2026-03-21T20:09:58.581736Z","level":"warning","event":"The `airflow.utils.trigger_rule.TriggerRule` attribute is deprecated. Please use `'airflow.task.trigger_rule.TriggerRule'`.","category":"DeprecatedImportWarning","filename":"/opt/airflow/dags/csm_pipeline.py","lineno":3,"logger":"py.warnings"}
{"timestamp":"2026-03-21T20:10:29.129482Z","level":"info","event":"Filling up the DagBag from /opt/airflow/dags/csm_pipeline.py","logger":"airflow.models.dagbag.BundleDagBag","filename":"dagbag.py","lineno":593}
{"timestamp":"2026-03-21T20:10:29.479890Z","level":"warning","event":"The `airflow.decorators.dag` attribute is deprecated. Please use `'airflow.sdk.dag'`.","category":"DeprecatedImportWarning","filename":"/opt/airflow/dags/csm_pipeline.py","lineno":1,"logger":"py.warnings"}
{"timestamp":"2026-03-21T20:10:29.480044Z","level":"warning","event":"The `airflow.decorators.task` attribute is deprecated. Please use `'airflow.sdk.task'`.","category":"DeprecatedImportWarning","filename":"/opt/airflow/dags/csm_pipeline.py","lineno":1,"logger":"py.warnings"}
{"timestamp":"2026-03-21T20:10:29.480095Z","level":"warning","event":"The `airflow.utils.trigger_rule.TriggerRule` attribute is deprecated. Please use `'airflow.task.trigger_rule.TriggerRule'`.","category":"DeprecatedImportWarning","filename":"/opt/airflow/dags/csm_pipeline.py","lineno":3,"logger":"py.warnings"}
{"timestamp":"2026-03-21T20:11:00.082243Z","level":"info","event":"Filling up the DagBag from /opt/airflow/dags/csm_pipeline.py","logger":"airflow.models.dagbag.BundleDagBag","filename":"dagbag.py","lineno":593}
{"timestamp":"2026-03-21T20:11:00.562385Z","level":"warning","event":"The `airflow.decorators.dag` attribute is deprecated. Please use `'airflow.sdk.dag'`.","category":"DeprecatedImportWarning","filename":"/opt/airflow/dags/csm_pipeline.py","lineno":1,"logger":"py.warnings"}
{"timestamp":"2026-03-21T20:11:00.562537Z","level":"warning","event":"The `airflow.decorators.task` attribute is deprecated. Please use `'airflow.sdk.task'`.","category":"DeprecatedImportWarning","filename":"/opt/airflow/dags/csm_pipeline.py","lineno":1,"logger":"py.warnings"}
{"timestamp":"2026-03-21T20:11:00.562588Z","level":"warning","event":"The `airflow.utils.trigger_rule.TriggerRule` attribute is deprecated. Please use `'airflow.task.trigger_rule.TriggerRule'`.","category":"DeprecatedImportWarning","filename":"/opt/airflow/dags/csm_pipeline.py","lineno":3,"logger":"py.warnings"}
{"timestamp":"2026-03-21T20:11:31.327086Z","level":"info","event":"Filling up the DagBag from /opt/airflow/dags/csm_pipeline.py","logger":"airflow.models.dagbag.BundleDagBag","filename":"dagbag.py","lineno":593}
{"timestamp":"2026-03-21T20:11:31.788518Z","level":"warning","event":"The `airflow.decorators.dag` attribute is deprecated. Please use `'airflow.sdk.dag'`.","category":"DeprecatedImportWarning","filename":"/opt/airflow/dags/csm_pipeline.py","lineno":1,"logger":"py.warnings"}
{"timestamp":"2026-03-21T20:11:31.788667Z","level":"warning","event":"The `airflow.decorators.task` attribute is deprecated. Please use `'airflow.sdk.task'`.","category":"DeprecatedImportWarning","filename":"/opt/airflow/dags/csm_pipeline.py","lineno":1,"logger":"py.warnings"}
{"timestamp":"2026-03-21T20:11:31.788718Z","level":"warning","event":"The `airflow.utils.trigger_rule.TriggerRule` attribute is deprecated. Please use `'airflow.task.trigger_rule.TriggerRule'`.","category":"DeprecatedImportWarning","filename":"/opt/airflow/dags/csm_pipeline.py","lineno":3,"logger":"py.warnings"}
{"timestamp":"2026-03-21T20:12:02.485310Z","level":"info","event":"Filling up the DagBag from /opt/airflow/dags/csm_pipeline.py","logger":"airflow.models.dagbag.BundleDagBag","filename":"dagbag.py","lineno":593}
{"timestamp":"2026-03-21T20:12:02.892744Z","level":"warning","event":"The `airflow.decorators.dag` attribute is deprecated. Please use `'airflow.sdk.dag'`.","category":"DeprecatedImportWarning","filename":"/opt/airflow/dags/csm_pipeline.py","lineno":1,"logger":"py.warnings"}
{"timestamp":"2026-03-21T20:12:02.892898Z","level":"warning","event":"The `airflow.decorators.task` attribute is deprecated. Please use `'airflow.sdk.task'`.","category":"DeprecatedImportWarning","filename":"/opt/airflow/dags/csm_pipeline.py","lineno":1,"logger":"py.warnings"}
{"timestamp":"2026-03-21T20:12:02.892948Z","level":"warning","event":"The `airflow.utils.trigger_rule.TriggerRule` attribute is deprecated. Please use `'airflow.task.trigger_rule.TriggerRule'`.","category":"DeprecatedImportWarning","filename":"/opt/airflow/dags/csm_pipeline.py","lineno":3,"logger":"py.warnings"}
{"timestamp":"2026-03-21T20:12:33.494705Z","level":"info","event":"Filling up the DagBag from /opt/airflow/dags/csm_pipeline.py","logger":"airflow.models.dagbag.BundleDagBag","filename":"dagbag.py","lineno":593}
{"timestamp":"2026-03-21T20:12:33.912523Z","level":"warning","event":"The `airflow.decorators.dag` attribute is deprecated. Please use `'airflow.sdk.dag'`.","category":"DeprecatedImportWarning","filename":"/opt/airflow/dags/csm_pipeline.py","lineno":1,"logger":"py.warnings"}
{"timestamp":"2026-03-21T20:12:33.912662Z","level":"warning","event":"The `airflow.decorators.task` attribute is deprecated. Please use `'airflow.sdk.task'`.","category":"DeprecatedImportWarning","filename":"/opt/airflow/dags/csm_pipeline.py","lineno":1,"logger":"py.warnings"}
{"timestamp":"2026-03-21T20:12:33.912712Z","level":"warning","event":"The `airflow.utils.trigger_rule.TriggerRule` attribute is deprecated. Please use `'airflow.task.trigger_rule.TriggerRule'`.","category":"DeprecatedImportWarning","filename":"/opt/airflow/dags/csm_pipeline.py","lineno":3,"logger":"py.warnings"}
{"timestamp":"2026-03-21T20:13:04.579381Z","level":"info","event":"Filling up the DagBag from /opt/airflow/dags/csm_pipeline.py","logger":"airflow.models.dagbag.BundleDagBag","filename":"dagbag.py","lineno":593}
{"timestamp":"2026-03-21T20:13:05.090654Z","level":"warning","event":"The `airflow.decorators.dag` attribute is deprecated. Please use `'airflow.sdk.dag'`.","category":"DeprecatedImportWarning","filename":"/opt/airflow/dags/csm_pipeline.py","lineno":1,"logger":"py.warnings"}
{"timestamp":"2026-03-21T20:13:05.090822Z","level":"warning","event":"The `airflow.decorators.task` attribute is deprecated. Please use `'airflow.sdk.task'`.","category":"DeprecatedImportWarning","filename":"/opt/airflow/dags/csm_pipeline.py","lineno":1,"logger":"py.warnings"}
{"timestamp":"2026-03-21T20:13:05.090875Z","level":"warning","event":"The `airflow.utils.trigger_rule.TriggerRule` attribute is deprecated. Please use `'airflow.task.trigger_rule.TriggerRule'`.","category":"DeprecatedImportWarning","filename":"/opt/airflow/dags/csm_pipeline.py","lineno":3,"logger":"py.warnings"}
{"timestamp":"2026-03-21T20:13:35.693792Z","level":"info","event":"Filling up the DagBag from /opt/airflow/dags/csm_pipeline.py","logger":"airflow.models.dagbag.BundleDagBag","filename":"dagbag.py","lineno":593}
{"timestamp":"2026-03-21T20:13:36.110518Z","level":"warning","event":"The `airflow.decorators.dag` attribute is deprecated. Please use `'airflow.sdk.dag'`.","category":"DeprecatedImportWarning","filename":"/opt/airflow/dags/csm_pipeline.py","lineno":1,"logger":"py.warnings"}
{"timestamp":"2026-03-21T20:13:36.110672Z","level":"warning","event":"The `airflow.decorators.task` attribute is deprecated. Please use `'airflow.sdk.task'`.","category":"DeprecatedImportWarning","filename":"/opt/airflow/dags/csm_pipeline.py","lineno":1,"logger":"py.warnings"}
{"timestamp":"2026-03-21T20:13:36.110722Z","level":"warning","event":"The `airflow.utils.trigger_rule.TriggerRule` attribute is deprecated. Please use `'airflow.task.trigger_rule.TriggerRule'`.","category":"DeprecatedImportWarning","filename":"/opt/airflow/dags/csm_pipeline.py","lineno":3,"logger":"py.warnings"}
{"timestamp":"2026-03-21T20:14:06.860247Z","level":"info","event":"Filling up the DagBag from /opt/airflow/dags/csm_pipeline.py","logger":"airflow.models.dagbag.BundleDagBag","filename":"dagbag.py","lineno":593}
{"timestamp":"2026-03-21T20:14:07.290026Z","level":"warning","event":"The `airflow.decorators.dag` attribute is deprecated. Please use `'airflow.sdk.dag'`.","category":"DeprecatedImportWarning","filename":"/opt/airflow/dags/csm_pipeline.py","lineno":1,"logger":"py.warnings"}
{"timestamp":"2026-03-21T20:14:07.290173Z","level":"warning","event":"The `airflow.decorators.task` attribute is deprecated. Please use `'airflow.sdk.task'`.","category":"DeprecatedImportWarning","filename":"/opt/airflow/dags/csm_pipeline.py","lineno":1,"logger":"py.warnings"}
{"timestamp":"2026-03-21T20:14:07.290221Z","level":"warning","event":"The `airflow.utils.trigger_rule.TriggerRule` attribute is deprecated. Please use `'airflow.task.trigger_rule.TriggerRule'`.","category":"DeprecatedImportWarning","filename":"/opt/airflow/dags/csm_pipeline.py","lineno":3,"logger":"py.warnings"}
{"timestamp":"2026-03-21T20:14:38.044466Z","level":"info","event":"Filling up the DagBag from /opt/airflow/dags/csm_pipeline.py","logger":"airflow.models.dagbag.BundleDagBag","filename":"dagbag.py","lineno":593}
{"timestamp":"2026-03-21T20:14:38.433966Z","level":"warning","event":"The `airflow.decorators.dag` attribute is deprecated. Please use `'airflow.sdk.dag'`.","category":"DeprecatedImportWarning","filename":"/opt/airflow/dags/csm_pipeline.py","lineno":1,"logger":"py.warnings"}
{"timestamp":"2026-03-21T20:14:38.434122Z","level":"warning","event":"The `airflow.decorators.task` attribute is deprecated. Please use `'airflow.sdk.task'`.","category":"DeprecatedImportWarning","filename":"/opt/airflow/dags/csm_pipeline.py","lineno":1,"logger":"py.warnings"}
{"timestamp":"2026-03-21T20:14:38.434170Z","level":"warning","event":"The `airflow.utils.trigger_rule.TriggerRule` attribute is deprecated. Please use `'airflow.task.trigger_rule.TriggerRule'`.","category":"DeprecatedImportWarning","filename":"/opt/airflow/dags/csm_pipeline.py","lineno":3,"logger":"py.warnings"}
{"timestamp":"2026-03-21T20:15:09.205293Z","level":"info","event":"Filling up the DagBag from /opt/airflow/dags/csm_pipeline.py","logger":"airflow.models.dagbag.BundleDagBag","filename":"dagbag.py","lineno":593}
{"timestamp":"2026-03-21T20:15:09.656619Z","level":"warning","event":"The `airflow.decorators.dag` attribute is deprecated. Please use `'airflow.sdk.dag'`.","category":"DeprecatedImportWarning","filename":"/opt/airflow/dags/csm_pipeline.py","lineno":1,"logger":"py.warnings"}
{"timestamp":"2026-03-21T20:15:09.656805Z","level":"warning","event":"The `airflow.decorators.task` attribute is deprecated. Please use `'airflow.sdk.task'`.","category":"DeprecatedImportWarning","filename":"/opt/airflow/dags/csm_pipeline.py","lineno":1,"logger":"py.warnings"}
{"timestamp":"2026-03-21T20:15:09.656862Z","level":"warning","event":"The `airflow.utils.trigger_rule.TriggerRule` attribute is deprecated. Please use `'airflow.task.trigger_rule.TriggerRule'`.","category":"DeprecatedImportWarning","filename":"/opt/airflow/dags/csm_pipeline.py","lineno":3,"logger":"py.warnings"}
{"timestamp":"2026-03-21T20:15:40.425327Z","level":"info","event":"Filling up the DagBag from /opt/airflow/dags/csm_pipeline.py","logger":"airflow.models.dagbag.BundleDagBag","filename":"dagbag.py","lineno":593}
{"timestamp":"2026-03-21T20:15:40.854016Z","level":"warning","event":"The `airflow.decorators.dag` attribute is deprecated. Please use `'airflow.sdk.dag'`.","category":"DeprecatedImportWarning","filename":"/opt/airflow/dags/csm_pipeline.py","lineno":1,"logger":"py.warnings"}
{"timestamp":"2026-03-21T20:15:40.854149Z","level":"warning","event":"The `airflow.decorators.task` attribute is deprecated. Please use `'airflow.sdk.task'`.","category":"DeprecatedImportWarning","filename":"/opt/airflow/dags/csm_pipeline.py","lineno":1,"logger":"py.warnings"}
{"timestamp":"2026-03-21T20:15:40.854197Z","level":"warning","event":"The `airflow.utils.trigger_rule.TriggerRule` attribute is deprecated. Please use `'airflow.task.trigger_rule.TriggerRule'`.","category":"DeprecatedImportWarning","filename":"/opt/airflow/dags/csm_pipeline.py","lineno":3,"logger":"py.warnings"}
{"timestamp":"2026-03-21T20:16:11.427800Z","level":"info","event":"Filling up the DagBag from /opt/airflow/dags/csm_pipeline.py","logger":"airflow.models.dagbag.BundleDagBag","filename":"dagbag.py","lineno":593}
{"timestamp":"2026-03-21T20:16:11.875954Z","level":"warning","event":"The `airflow.decorators.dag` attribute is deprecated. Please use `'airflow.sdk.dag'`.","category":"DeprecatedImportWarning","filename":"/opt/airflow/dags/csm_pipeline.py","lineno":1,"logger":"py.warnings"}
{"timestamp":"2026-03-21T20:16:11.876124Z","level":"warning","event":"The `airflow.decorators.task` attribute is deprecated. Please use `'airflow.sdk.task'`.","category":"DeprecatedImportWarning","filename":"/opt/airflow/dags/csm_pipeline.py","lineno":1,"logger":"py.warnings"}
{"timestamp":"2026-03-21T20:16:11.876176Z","level":"warning","event":"The `airflow.utils.trigger_rule.TriggerRule` attribute is deprecated. Please use `'airflow.task.trigger_rule.TriggerRule'`.","category":"DeprecatedImportWarning","filename":"/opt/airflow/dags/csm_pipeline.py","lineno":3,"logger":"py.warnings"}
