{"timestamp":"2026-03-19T12:57:39.824031Z","level":"info","event":"DAG bundles loaded: dags-folder","logger":"airflow.dag_processing.bundles.manager.DagBundlesManager","filename":"manager.py","lineno":179}
{"timestamp":"2026-03-19T12:57:39.866763Z","level":"info","event":"Filling up the DagBag from /opt/airflow/dags/lassaFever_pipeline.py","logger":"airflow.models.dagbag.BundleDagBag","filename":"dagbag.py","lineno":593}
{"timestamp":"2026-03-19T12:57:41.896579Z","level":"warning","event":"The `airflow.decorators.dag` attribute is deprecated. Please use `'airflow.sdk.dag'`.","category":"DeprecatedImportWarning","filename":"/opt/airflow/dags/lassaFever_pipeline.py","lineno":1,"logger":"py.warnings"}
{"timestamp":"2026-03-19T12:57:41.896886Z","level":"warning","event":"The `airflow.decorators.task` attribute is deprecated. Please use `'airflow.sdk.task'`.","category":"DeprecatedImportWarning","filename":"/opt/airflow/dags/lassaFever_pipeline.py","lineno":1,"logger":"py.warnings"}
{"timestamp":"2026-03-19T12:57:41.896979Z","level":"warning","event":"The `airflow.utils.trigger_rule.TriggerRule` attribute is deprecated. Please use `'airflow.task.trigger_rule.TriggerRule'`.","category":"DeprecatedImportWarning","filename":"/opt/airflow/dags/lassaFever_pipeline.py","lineno":3,"logger":"py.warnings"}
{"timestamp":"2026-03-19T12:57:42.049490Z","level":"error","event":"Task failed with exception","logger":"task","filename":"task_runner.py","lineno":1120,"error_detail":[{"exc_type":"AirflowRuntimeError","exc_value":"API_SERVER_ERROR: {'status_code': 403, 'message': 'Invalid auth token: Signature has expired', 'detail': {'detail': 'Invalid auth token: Signature has expired'}}","exc_notes":[],"syntax_error":null,"is_cause":false,"frames":[{"filename":"/home/airflow/.local/lib/python3.10/site-packages/airflow/sdk/execution_time/task_runner.py","lineno":1062,"name":"run"},{"filename":"/home/airflow/.local/lib/python3.10/site-packages/airflow/sdk/execution_time/task_runner.py","lineno":956,"name":"_prepare"},{"filename":"/home/airflow/.local/lib/python3.10/site-packages/airflow/sdk/execution_time/comms.py","lineno":206,"name":"send"},{"filename":"/home/airflow/.local/lib/python3.10/site-packages/airflow/sdk/execution_time/comms.py","lineno":270,"name":"_get_response"},{"filename":"/home/airflow/.local/lib/python3.10/site-packages/airflow/sdk/execution_time/comms.py","lineno":257,"name":"_from_frame"}],"is_group":false,"exceptions":[]}]}
{"timestamp":"2026-03-19T12:57:42.200447Z","level":"info","event":"CRITICAL: Error logging task failure to DB: The conn_id `dw_postgres` isn't defined","logger":"task.stdout"}
{"timestamp":"2026-03-19T12:57:42.814276Z","level":"error","event":"Traceback (most recent call last):","logger":"task.stderr"}
{"timestamp":"2026-03-19T12:57:42.903847Z","level":"error","event":"  File \"/opt/airflow/dags/lassaFever_pipeline.py\", line 21, in log_task_failure","logger":"task.stderr"}
{"timestamp":"2026-03-19T12:57:42.948964Z","level":"error","event":"    conn = hook.get_conn()","logger":"task.stderr"}
{"timestamp":"2026-03-19T12:57:42.994586Z","level":"error","event":"  File \"/home/airflow/.local/lib/python3.10/site-packages/airflow/providers/postgres/hooks/postgres.py\", line 241, in get_conn","logger":"task.stderr"}
{"timestamp":"2026-03-19T12:57:43.084140Z","level":"error","event":"    conn = deepcopy(self.connection)","logger":"task.stderr"}
{"timestamp":"2026-03-19T12:57:43.149832Z","level":"error","event":"  File \"/home/airflow/.local/lib/python3.10/site-packages/airflow/providers/common/sql/hooks/sql.py\", line 248, in connection","logger":"task.stderr"}
{"timestamp":"2026-03-19T12:57:43.189442Z","level":"error","event":"    self._connection = self.get_connection(self.get_conn_id())","logger":"task.stderr"}
{"timestamp":"2026-03-19T12:57:43.227393Z","level":"error","event":"  File \"/home/airflow/.local/lib/python3.10/site-packages/airflow/sdk/bases/hook.py\", line 61, in get_connection","logger":"task.stderr"}
{"timestamp":"2026-03-19T12:57:43.260634Z","level":"error","event":"    conn = Connection.get(conn_id)","logger":"task.stderr"}
{"timestamp":"2026-03-19T12:57:43.284166Z","level":"error","event":"  File \"/home/airflow/.local/lib/python3.10/site-packages/airflow/sdk/definitions/connection.py\", line 225, in get","logger":"task.stderr"}
{"timestamp":"2026-03-19T12:57:43.318733Z","level":"error","event":"    return _get_connection(conn_id)","logger":"task.stderr"}
{"timestamp":"2026-03-19T12:57:43.332318Z","level":"error","event":"  File \"/home/airflow/.local/lib/python3.10/site-packages/airflow/sdk/execution_time/context.py\", line 174, in _get_connection","logger":"task.stderr"}
{"timestamp":"2026-03-19T12:57:43.372929Z","level":"error","event":"    raise AirflowNotFoundException(f\"The conn_id `{conn_id}` isn't defined\")","logger":"task.stderr"}
{"timestamp":"2026-03-19T12:57:43.398618Z","level":"error","event":"airflow.exceptions.AirflowNotFoundException: The conn_id `dw_postgres` isn't defined","logger":"task.stderr"}
